Copyright 1986-2022 Xilinx, Inc. All Rights Reserved. Copyright 2022-2024 Advanced Micro Devices, Inc. All Rights Reserved.
---------------------------------------------------------------------------------------------------------------------------------------------
| Tool Version : Vivado v.2023.2.2 (win64) Build 4126759 Thu Feb  8 23:53:51 MST 2024
| Date         : Tue Dec 30 13:06:06 2025
| Host         : ThinhPhat running 64-bit major release  (build 9200)
| Command      : report_drc -file gpio_led_wrapper_drc_routed.rpt -pb gpio_led_wrapper_drc_routed.pb -rpx gpio_led_wrapper_drc_routed.rpx
| Design       : gpio_led_wrapper
| Device       : xc7z020clg400-1
| Speed File   : -1
| Design State : Fully Routed
---------------------------------------------------------------------------------------------------------------------------------------------

Report DRC

Table of Contents
-----------------
1. REPORT SUMMARY
2. REPORT DETAILS

1. REPORT SUMMARY
-----------------
            Netlist: netlist
          Floorplan: design_1
      Design limits: <entire design considered>
           Ruledeck: default
             Max violations: <unlimited>
             Violations found: 0
+------+----------+-------------+------------+
| Rule | Severity | Description | Violations |
+------+----------+-------------+------------+
+------+----------+-------------+------------+

2. REPORT DETAILS
-----------------

