
*** Running vivado
    with args -log design_1_auto_pc_0.vds -m64 -product Vivado -mode batch -messageDb vivado.pb -notrace -source design_1_auto_pc_0.tcl


ECHO is off.
ECHO is off.

****** Vivado v2023.2.2 (64-bit)
  **** SW Build 4126759 on Thu Feb  8 23:53:51 MST 2024
  **** IP Build 4126054 on Fri Feb  9 11:39:09 MST 2024
  **** SharedData Build 4115275 on Tue Jan 30 00:40:57 MST 2024
    ** Copyright 1986-2022 Xilinx, Inc. All Rights Reserved.
    ** Copyright 2022-2024 Advanced Micro Devices, Inc. All Rights Reserved.

source design_1_auto_pc_0.tcl -notrace
create_project: Time (s): cpu = 00:00:02 ; elapsed = 00:00:06 . Memory (MB): peak = 487.617 ; gain = 180.652
INFO: [IP_Flow 19-234] Refreshing IP repositories
INFO: [IP_Flow 19-1700] Loaded user IP repository 'c:/Users/phat6/OneDrive/Desktop/testnaykia/vitis/add32'.
INFO: [IP_Flow 19-2313] Loaded Vivado IP repository 'D:/Xilinx/Vivado/2023.2/data/ip'.
WARNING: [IP_Flow 19-4995] The host OS only allows 260 characters in a normal path. The IP cache path is more than 80 characters. If you experience issues with IP caching, please consider changing the IP cache to a location with a shorter path. Alternately consider using the OS subst command to map part of the path to a drive letter. 
Current IP cache path is c:/Users/phat6/OneDrive/Desktop/testnaykia/vivado/add32hls/project_1/project_1.cache/ip 
INFO: [IP_Flow 19-6924] IPCACHE: Running cache check for IP inst: design_1_auto_pc_0
INFO: [IP_Flow 19-6922] IPCACHE: Exporting cached entry 7967747ec93eb430 to dir: C:/Users/phat6/OneDrive/Desktop/testnaykia/vivado/add32hls/project_1/project_1.runs/design_1_auto_pc_0_synth_1
INFO: [IP_Flow 19-6928] IPCACHE: copied cached file c:/Users/phat6/OneDrive/Desktop/testnaykia/vivado/add32hls/project_1/project_1.cache/ip/2023.2.2/7/9/7967747ec93eb430/design_1_auto_pc_1.dcp to C:/Users/phat6/OneDrive/Desktop/testnaykia/vivado/add32hls/project_1/project_1.runs/design_1_auto_pc_0_synth_1/design_1_auto_pc_0.dcp.
INFO: [IP_Flow 19-6928] IPCACHE: copied cached file c:/Users/phat6/OneDrive/Desktop/testnaykia/vivado/add32hls/project_1/project_1.cache/ip/2023.2.2/7/9/7967747ec93eb430/design_1_auto_pc_1_sim_netlist.v to C:/Users/phat6/OneDrive/Desktop/testnaykia/vivado/add32hls/project_1/project_1.runs/design_1_auto_pc_0_synth_1/design_1_auto_pc_0_sim_netlist.v.
INFO: [IP_Flow 19-6928] IPCACHE: copied cached file c:/Users/phat6/OneDrive/Desktop/testnaykia/vivado/add32hls/project_1/project_1.cache/ip/2023.2.2/7/9/7967747ec93eb430/design_1_auto_pc_1_sim_netlist.vhdl to C:/Users/phat6/OneDrive/Desktop/testnaykia/vivado/add32hls/project_1/project_1.runs/design_1_auto_pc_0_synth_1/design_1_auto_pc_0_sim_netlist.vhdl.
INFO: [IP_Flow 19-6928] IPCACHE: copied cached file c:/Users/phat6/OneDrive/Desktop/testnaykia/vivado/add32hls/project_1/project_1.cache/ip/2023.2.2/7/9/7967747ec93eb430/design_1_auto_pc_1_stub.v to C:/Users/phat6/OneDrive/Desktop/testnaykia/vivado/add32hls/project_1/project_1.runs/design_1_auto_pc_0_synth_1/design_1_auto_pc_0_stub.v.
INFO: [IP_Flow 19-6928] IPCACHE: copied cached file c:/Users/phat6/OneDrive/Desktop/testnaykia/vivado/add32hls/project_1/project_1.cache/ip/2023.2.2/7/9/7967747ec93eb430/design_1_auto_pc_1_stub.vhdl to C:/Users/phat6/OneDrive/Desktop/testnaykia/vivado/add32hls/project_1/project_1.runs/design_1_auto_pc_0_synth_1/design_1_auto_pc_0_stub.vhdl.
INFO: [IP_Flow 19-4838] Using cached IP synthesis design for IP design_1_auto_pc_0, cache-ID = 7967747ec93eb430.
INFO: [Common 17-206] Exiting Vivado at Sun Sep 14 16:35:43 2025...
