
*** Running vivado
    with args -log core.vds -m64 -product Vivado -mode batch -messageDb vivado.pb -notrace -source core.tcl


ECHO is off.
ECHO is off.

****** Vivado v2023.2.2 (64-bit)
  **** SW Build 4126759 on Thu Feb  8 23:53:51 MST 2024
  **** IP Build 4126054 on Fri Feb  9 11:39:09 MST 2024
  **** SharedData Build 4115275 on Tue Jan 30 00:40:57 MST 2024
    ** Copyright 1986-2022 Xilinx, Inc. All Rights Reserved.
    ** Copyright 2022-2024 Advanced Micro Devices, Inc. All Rights Reserved.

source core.tcl -notrace
create_project: Time (s): cpu = 00:00:04 ; elapsed = 00:00:06 . Memory (MB): peak = 487.105 ; gain = 181.887
Command: synth_design -top core -part xc7z020clg400-1
Starting synth_design
Attempting to get a license for feature 'Synthesis' and/or device 'xc7z020'
INFO: [Common 17-349] Got license for feature 'Synthesis' and/or device 'xc7z020'
INFO: [Device 21-403] Loading part xc7z020clg400-1
INFO: [Synth 8-7079] Multithreading enabled for synth_design using a maximum of 2 processes.
INFO: [Synth 8-7078] Launching helper process for spawning children vivado processes
INFO: [Synth 8-7075] Helper process launched with PID 13848
---------------------------------------------------------------------------------
Starting RTL Elaboration : Time (s): cpu = 00:00:04 ; elapsed = 00:00:05 . Memory (MB): peak = 1354.535 ; gain = 438.859
---------------------------------------------------------------------------------
INFO: [Synth 8-11241] undeclared symbol 'fetch', assumed default net type 'wire' [C:/Users/phat6/OneDrive/Desktop/testnaykia/vivado/cpu/riscv/riscv.srcs/sources_1/new/core.v:83]
INFO: [Synth 8-6157] synthesizing module 'core' [C:/Users/phat6/OneDrive/Desktop/testnaykia/vivado/cpu/riscv/riscv.srcs/sources_1/new/core.v:1]
INFO: [Synth 8-6157] synthesizing module 'rom' [C:/Users/phat6/OneDrive/Desktop/testnaykia/vivado/cpu/riscv/riscv.srcs/sources_1/new/rom.v:2]
INFO: [Synth 8-6155] done synthesizing module 'rom' (0#1) [C:/Users/phat6/OneDrive/Desktop/testnaykia/vivado/cpu/riscv/riscv.srcs/sources_1/new/rom.v:2]
INFO: [Synth 8-6157] synthesizing module 'ram' [C:/Users/phat6/OneDrive/Desktop/testnaykia/vivado/cpu/riscv/riscv.srcs/sources_1/new/ram.v:2]
INFO: [Synth 8-6155] done synthesizing module 'ram' (0#1) [C:/Users/phat6/OneDrive/Desktop/testnaykia/vivado/cpu/riscv/riscv.srcs/sources_1/new/ram.v:2]
WARNING: [Synth 8-7071] port 'write' of module 'ram' is unconnected for instance 'RAM' [C:/Users/phat6/OneDrive/Desktop/testnaykia/vivado/cpu/riscv/riscv.srcs/sources_1/new/core.v:23]
WARNING: [Synth 8-7023] instance 'RAM' of module 'ram' has 5 connections declared, but only 4 given [C:/Users/phat6/OneDrive/Desktop/testnaykia/vivado/cpu/riscv/riscv.srcs/sources_1/new/core.v:23]
INFO: [Synth 8-6157] synthesizing module 'alu' [C:/Users/phat6/OneDrive/Desktop/testnaykia/vivado/cpu/riscv/riscv.srcs/sources_1/new/alu.v:1]
INFO: [Synth 8-226] default block is never used [C:/Users/phat6/OneDrive/Desktop/testnaykia/vivado/cpu/riscv/riscv.srcs/sources_1/new/alu.v:16]
INFO: [Synth 8-6155] done synthesizing module 'alu' (0#1) [C:/Users/phat6/OneDrive/Desktop/testnaykia/vivado/cpu/riscv/riscv.srcs/sources_1/new/alu.v:1]
INFO: [Synth 8-6157] synthesizing module 'gen_reg' [C:/Users/phat6/OneDrive/Desktop/testnaykia/vivado/cpu/riscv/riscv.srcs/sources_1/new/gen_reg.v:1]
INFO: [Synth 8-6155] done synthesizing module 'gen_reg' (0#1) [C:/Users/phat6/OneDrive/Desktop/testnaykia/vivado/cpu/riscv/riscv.srcs/sources_1/new/gen_reg.v:1]
WARNING: [Synth 8-7071] port 'addr' of module 'gen_reg' is unconnected for instance 'GEN_REG' [C:/Users/phat6/OneDrive/Desktop/testnaykia/vivado/cpu/riscv/riscv.srcs/sources_1/new/core.v:39]
WARNING: [Synth 8-7023] instance 'GEN_REG' of module 'gen_reg' has 6 connections declared, but only 5 given [C:/Users/phat6/OneDrive/Desktop/testnaykia/vivado/cpu/riscv/riscv.srcs/sources_1/new/core.v:39]
INFO: [Synth 8-6157] synthesizing module 'mux' [C:/Users/phat6/OneDrive/Desktop/testnaykia/vivado/cpu/riscv/riscv.srcs/sources_1/new/mux.v:1]
INFO: [Synth 8-6155] done synthesizing module 'mux' (0#1) [C:/Users/phat6/OneDrive/Desktop/testnaykia/vivado/cpu/riscv/riscv.srcs/sources_1/new/mux.v:1]
INFO: [Synth 8-6157] synthesizing module 'ins_reg' [C:/Users/phat6/OneDrive/Desktop/testnaykia/vivado/cpu/riscv/riscv.srcs/sources_1/new/ins_reg.v:1]
INFO: [Synth 8-6155] done synthesizing module 'ins_reg' (0#1) [C:/Users/phat6/OneDrive/Desktop/testnaykia/vivado/cpu/riscv/riscv.srcs/sources_1/new/ins_reg.v:1]
WARNING: [Synth 8-7071] port 'rst' of module 'ins_reg' is unconnected for instance 'INS_REG' [C:/Users/phat6/OneDrive/Desktop/testnaykia/vivado/cpu/riscv/riscv.srcs/sources_1/new/core.v:56]
WARNING: [Synth 8-7071] port 'ad1' of module 'ins_reg' is unconnected for instance 'INS_REG' [C:/Users/phat6/OneDrive/Desktop/testnaykia/vivado/cpu/riscv/riscv.srcs/sources_1/new/core.v:56]
WARNING: [Synth 8-7071] port 'ad2' of module 'ins_reg' is unconnected for instance 'INS_REG' [C:/Users/phat6/OneDrive/Desktop/testnaykia/vivado/cpu/riscv/riscv.srcs/sources_1/new/core.v:56]
WARNING: [Synth 8-7023] instance 'INS_REG' of module 'ins_reg' has 7 connections declared, but only 4 given [C:/Users/phat6/OneDrive/Desktop/testnaykia/vivado/cpu/riscv/riscv.srcs/sources_1/new/core.v:56]
INFO: [Synth 8-6157] synthesizing module 'accum' [C:/Users/phat6/OneDrive/Desktop/testnaykia/vivado/cpu/riscv/riscv.srcs/sources_1/new/accum.v:1]
INFO: [Synth 8-6155] done synthesizing module 'accum' (0#1) [C:/Users/phat6/OneDrive/Desktop/testnaykia/vivado/cpu/riscv/riscv.srcs/sources_1/new/accum.v:1]
WARNING: [Synth 8-7071] port 'rst' of module 'accum' is unconnected for instance 'ACCUM' [C:/Users/phat6/OneDrive/Desktop/testnaykia/vivado/cpu/riscv/riscv.srcs/sources_1/new/core.v:64]
WARNING: [Synth 8-7023] instance 'ACCUM' of module 'accum' has 5 connections declared, but only 4 given [C:/Users/phat6/OneDrive/Desktop/testnaykia/vivado/cpu/riscv/riscv.srcs/sources_1/new/core.v:64]
INFO: [Synth 8-6157] synthesizing module 'controller' [C:/Users/phat6/OneDrive/Desktop/testnaykia/vivado/cpu/riscv/riscv.srcs/sources_1/new/controller.v:1]
INFO: [Synth 8-6155] done synthesizing module 'controller' (0#1) [C:/Users/phat6/OneDrive/Desktop/testnaykia/vivado/cpu/riscv/riscv.srcs/sources_1/new/controller.v:1]
WARNING: [Synth 8-689] width (1) of port connection 'fetch' does not match port width (2) of module 'controller' [C:/Users/phat6/OneDrive/Desktop/testnaykia/vivado/cpu/riscv/riscv.srcs/sources_1/new/core.v:83]
WARNING: [Synth 8-7071] port 'write_r' of module 'controller' is unconnected for instance 'CONTROLLER' [C:/Users/phat6/OneDrive/Desktop/testnaykia/vivado/cpu/riscv/riscv.srcs/sources_1/new/core.v:72]
WARNING: [Synth 8-7071] port 'read_r' of module 'controller' is unconnected for instance 'CONTROLLER' [C:/Users/phat6/OneDrive/Desktop/testnaykia/vivado/cpu/riscv/riscv.srcs/sources_1/new/core.v:72]
WARNING: [Synth 8-7071] port 'ad_sel' of module 'controller' is unconnected for instance 'CONTROLLER' [C:/Users/phat6/OneDrive/Desktop/testnaykia/vivado/cpu/riscv/riscv.srcs/sources_1/new/core.v:72]
WARNING: [Synth 8-7023] instance 'CONTROLLER' of module 'controller' has 14 connections declared, but only 11 given [C:/Users/phat6/OneDrive/Desktop/testnaykia/vivado/cpu/riscv/riscv.srcs/sources_1/new/core.v:72]
INFO: [Synth 8-6157] synthesizing module 'pc' [C:/Users/phat6/OneDrive/Desktop/testnaykia/vivado/cpu/riscv/riscv.srcs/sources_1/new/pc.v:1]
INFO: [Synth 8-6155] done synthesizing module 'pc' (0#1) [C:/Users/phat6/OneDrive/Desktop/testnaykia/vivado/cpu/riscv/riscv.srcs/sources_1/new/pc.v:1]
INFO: [Synth 8-6155] done synthesizing module 'core' (0#1) [C:/Users/phat6/OneDrive/Desktop/testnaykia/vivado/cpu/riscv/riscv.srcs/sources_1/new/core.v:1]
WARNING: [Synth 8-3848] Net addr_rom in module/entity core does not have driver. [C:/Users/phat6/OneDrive/Desktop/testnaykia/vivado/cpu/riscv/riscv.srcs/sources_1/new/core.v:8]
WARNING: [Synth 8-3848] Net read_rom in module/entity core does not have driver. [C:/Users/phat6/OneDrive/Desktop/testnaykia/vivado/cpu/riscv/riscv.srcs/sources_1/new/core.v:10]
WARNING: [Synth 8-3848] Net ena_rom in module/entity core does not have driver. [C:/Users/phat6/OneDrive/Desktop/testnaykia/vivado/cpu/riscv/riscv.srcs/sources_1/new/core.v:10]
WARNING: [Synth 8-3848] Net ena_ram in module/entity core does not have driver. [C:/Users/phat6/OneDrive/Desktop/testnaykia/vivado/cpu/riscv/riscv.srcs/sources_1/new/core.v:10]
WARNING: [Synth 8-3848] Net addr_ram in module/entity core does not have driver. [C:/Users/phat6/OneDrive/Desktop/testnaykia/vivado/cpu/riscv/riscv.srcs/sources_1/new/core.v:8]
WARNING: [Synth 8-3848] Net read_ram in module/entity core does not have driver. [C:/Users/phat6/OneDrive/Desktop/testnaykia/vivado/cpu/riscv/riscv.srcs/sources_1/new/core.v:10]
WARNING: [Synth 8-7129] Port addr[7] in module gen_reg is either unconnected or has no load
WARNING: [Synth 8-7129] Port addr[6] in module gen_reg is either unconnected or has no load
WARNING: [Synth 8-7129] Port addr[5] in module gen_reg is either unconnected or has no load
---------------------------------------------------------------------------------
Finished RTL Elaboration : Time (s): cpu = 00:00:05 ; elapsed = 00:00:07 . Memory (MB): peak = 1463.020 ; gain = 547.344
---------------------------------------------------------------------------------
---------------------------------------------------------------------------------
Start Handling Custom Attributes
---------------------------------------------------------------------------------
---------------------------------------------------------------------------------
Finished Handling Custom Attributes : Time (s): cpu = 00:00:05 ; elapsed = 00:00:07 . Memory (MB): peak = 1463.020 ; gain = 547.344
---------------------------------------------------------------------------------
---------------------------------------------------------------------------------
Finished RTL Optimization Phase 1 : Time (s): cpu = 00:00:05 ; elapsed = 00:00:07 . Memory (MB): peak = 1463.020 ; gain = 547.344
---------------------------------------------------------------------------------
Netlist sorting complete. Time (s): cpu = 00:00:00 ; elapsed = 00:00:00.001 . Memory (MB): peak = 1463.020 ; gain = 0.000
INFO: [Project 1-570] Preparing netlist for logic optimization

Processing XDC Constraints
Initializing timing engine
Parsing XDC File [C:/Users/phat6/OneDrive/Desktop/testnaykia/vivado/cpu/riscv/riscv.srcs/constrs_1/new/chan.xdc]
Finished Parsing XDC File [C:/Users/phat6/OneDrive/Desktop/testnaykia/vivado/cpu/riscv/riscv.srcs/constrs_1/new/chan.xdc]
Completed Processing XDC Constraints

Netlist sorting complete. Time (s): cpu = 00:00:00 ; elapsed = 00:00:00 . Memory (MB): peak = 1554.930 ; gain = 0.000
INFO: [Project 1-111] Unisim Transformation Summary:
No Unisim elements were transformed.

The system cannot find the path specified.
Constraint Validation Runtime : Time (s): cpu = 00:00:00 ; elapsed = 00:00:00.004 . Memory (MB): peak = 1554.930 ; gain = 0.000
---------------------------------------------------------------------------------
Finished Constraint Validation : Time (s): cpu = 00:00:11 ; elapsed = 00:00:14 . Memory (MB): peak = 1554.930 ; gain = 639.254
---------------------------------------------------------------------------------
---------------------------------------------------------------------------------
Start Loading Part and Timing Information
---------------------------------------------------------------------------------
Loading part: xc7z020clg400-1
---------------------------------------------------------------------------------
Finished Loading Part and Timing Information : Time (s): cpu = 00:00:11 ; elapsed = 00:00:14 . Memory (MB): peak = 1554.930 ; gain = 639.254
---------------------------------------------------------------------------------
---------------------------------------------------------------------------------
Start Applying 'set_property' XDC Constraints
---------------------------------------------------------------------------------
---------------------------------------------------------------------------------
Finished applying 'set_property' XDC Constraints : Time (s): cpu = 00:00:11 ; elapsed = 00:00:14 . Memory (MB): peak = 1554.930 ; gain = 639.254
---------------------------------------------------------------------------------
INFO: [Synth 8-802] inferred FSM for state register 'current_state_reg' in module 'controller'
---------------------------------------------------------------------------------------------------
                   State |                     New Encoding |                Previous Encoding 
---------------------------------------------------------------------------------------------------
                   Sidle |                   00000000000001 |                             1111
                      S0 |                   00000000000010 |                             0000
                      S1 |                   00000000000100 |                             0001
                      S2 |                   00000000001000 |                             0010
                      S9 |                   00000000010000 |                             1001
                     S10 |                   00000000100000 |                             1010
                     S11 |                   00000001000000 |                             1011
                     S12 |                   00000010000000 |                             1100
                      S3 |                   00000100000000 |                             0011
                      S4 |                   00001000000000 |                             0100
                      S5 |                   00010000000000 |                             0101
                      S6 |                   00100000000000 |                             0110
                      S7 |                   01000000000000 |                             0111
                      S8 |                   10000000000000 |                             1000
---------------------------------------------------------------------------------------------------
INFO: [Synth 8-3354] encoded FSM with state register 'current_state_reg' using encoding 'one-hot' in module 'controller'
---------------------------------------------------------------------------------
Finished RTL Optimization Phase 2 : Time (s): cpu = 00:00:11 ; elapsed = 00:00:15 . Memory (MB): peak = 1554.930 ; gain = 639.254
---------------------------------------------------------------------------------
---------------------------------------------------------------------------------
Start RTL Component Statistics 
---------------------------------------------------------------------------------
Detailed RTL Component Info : 
+---Adders : 
	   2 Input    8 Bit       Adders := 1     
+---XORs : 
	   2 Input      8 Bit         XORs := 1     
+---Registers : 
	                8 Bit    Registers := 4     
+---Muxes : 
	  14 Input   14 Bit        Muxes := 1     
	   3 Input   14 Bit        Muxes := 1     
	   2 Input   14 Bit        Muxes := 3     
	   8 Input    8 Bit        Muxes := 1     
	   2 Input    8 Bit        Muxes := 1     
	  14 Input    2 Bit        Muxes := 1     
	   2 Input    1 Bit        Muxes := 3     
	   3 Input    1 Bit        Muxes := 1     
	  14 Input    1 Bit        Muxes := 8     
---------------------------------------------------------------------------------
Finished RTL Component Statistics 
---------------------------------------------------------------------------------
---------------------------------------------------------------------------------
Start Part Resource Summary
---------------------------------------------------------------------------------
Part Resources:
DSPs: 220 (col length:60)
BRAMs: 280 (col length: RAMB18 60 RAMB36 30)
---------------------------------------------------------------------------------
Finished Part Resource Summary
---------------------------------------------------------------------------------
---------------------------------------------------------------------------------
Start Cross Boundary and Area Optimization
---------------------------------------------------------------------------------
WARNING: [Synth 8-7080] Parallel synthesis criteria is not met
CRITICAL WARNING: [Synth 8-6859] multi-driven net on pin Q with 1st driver pin 'ACCUM/out_reg[7]/Q' [C:/Users/phat6/OneDrive/Desktop/testnaykia/vivado/cpu/riscv/riscv.srcs/sources_1/new/accum.v:7]
CRITICAL WARNING: [Synth 8-6859] multi-driven net on pin Q with 2nd driver pin 'GND' [C:/Users/phat6/OneDrive/Desktop/testnaykia/vivado/cpu/riscv/riscv.srcs/sources_1/new/accum.v:7]
CRITICAL WARNING: [Synth 8-6858] multi-driven net Q is connected to at least one constant driver which has been preserved, other driver is ignored [C:/Users/phat6/OneDrive/Desktop/testnaykia/vivado/cpu/riscv/riscv.srcs/sources_1/new/accum.v:7]
CRITICAL WARNING: [Synth 8-6859] multi-driven net on pin Q with 1st driver pin 'ACCUM/out_reg[6]/Q' [C:/Users/phat6/OneDrive/Desktop/testnaykia/vivado/cpu/riscv/riscv.srcs/sources_1/new/accum.v:7]
CRITICAL WARNING: [Synth 8-6859] multi-driven net on pin Q with 2nd driver pin 'GND' [C:/Users/phat6/OneDrive/Desktop/testnaykia/vivado/cpu/riscv/riscv.srcs/sources_1/new/accum.v:7]
CRITICAL WARNING: [Synth 8-6858] multi-driven net Q is connected to at least one constant driver which has been preserved, other driver is ignored [C:/Users/phat6/OneDrive/Desktop/testnaykia/vivado/cpu/riscv/riscv.srcs/sources_1/new/accum.v:7]
CRITICAL WARNING: [Synth 8-6859] multi-driven net on pin Q with 1st driver pin 'ACCUM/out_reg[5]/Q' [C:/Users/phat6/OneDrive/Desktop/testnaykia/vivado/cpu/riscv/riscv.srcs/sources_1/new/accum.v:7]
CRITICAL WARNING: [Synth 8-6859] multi-driven net on pin Q with 2nd driver pin 'GND' [C:/Users/phat6/OneDrive/Desktop/testnaykia/vivado/cpu/riscv/riscv.srcs/sources_1/new/accum.v:7]
CRITICAL WARNING: [Synth 8-6858] multi-driven net Q is connected to at least one constant driver which has been preserved, other driver is ignored [C:/Users/phat6/OneDrive/Desktop/testnaykia/vivado/cpu/riscv/riscv.srcs/sources_1/new/accum.v:7]
CRITICAL WARNING: [Synth 8-6859] multi-driven net on pin Q with 1st driver pin 'ACCUM/out_reg[4]/Q' [C:/Users/phat6/OneDrive/Desktop/testnaykia/vivado/cpu/riscv/riscv.srcs/sources_1/new/accum.v:7]
CRITICAL WARNING: [Synth 8-6859] multi-driven net on pin Q with 2nd driver pin 'GND' [C:/Users/phat6/OneDrive/Desktop/testnaykia/vivado/cpu/riscv/riscv.srcs/sources_1/new/accum.v:7]
CRITICAL WARNING: [Synth 8-6858] multi-driven net Q is connected to at least one constant driver which has been preserved, other driver is ignored [C:/Users/phat6/OneDrive/Desktop/testnaykia/vivado/cpu/riscv/riscv.srcs/sources_1/new/accum.v:7]
CRITICAL WARNING: [Synth 8-6859] multi-driven net on pin Q with 1st driver pin 'ACCUM/out_reg[3]/Q' [C:/Users/phat6/OneDrive/Desktop/testnaykia/vivado/cpu/riscv/riscv.srcs/sources_1/new/accum.v:7]
CRITICAL WARNING: [Synth 8-6859] multi-driven net on pin Q with 2nd driver pin 'GND' [C:/Users/phat6/OneDrive/Desktop/testnaykia/vivado/cpu/riscv/riscv.srcs/sources_1/new/accum.v:7]
CRITICAL WARNING: [Synth 8-6858] multi-driven net Q is connected to at least one constant driver which has been preserved, other driver is ignored [C:/Users/phat6/OneDrive/Desktop/testnaykia/vivado/cpu/riscv/riscv.srcs/sources_1/new/accum.v:7]
CRITICAL WARNING: [Synth 8-6859] multi-driven net on pin Q with 1st driver pin 'ACCUM/out_reg[2]/Q' [C:/Users/phat6/OneDrive/Desktop/testnaykia/vivado/cpu/riscv/riscv.srcs/sources_1/new/accum.v:7]
CRITICAL WARNING: [Synth 8-6859] multi-driven net on pin Q with 2nd driver pin 'GND' [C:/Users/phat6/OneDrive/Desktop/testnaykia/vivado/cpu/riscv/riscv.srcs/sources_1/new/accum.v:7]
CRITICAL WARNING: [Synth 8-6858] multi-driven net Q is connected to at least one constant driver which has been preserved, other driver is ignored [C:/Users/phat6/OneDrive/Desktop/testnaykia/vivado/cpu/riscv/riscv.srcs/sources_1/new/accum.v:7]
CRITICAL WARNING: [Synth 8-6859] multi-driven net on pin Q with 1st driver pin 'ACCUM/out_reg[1]/Q' [C:/Users/phat6/OneDrive/Desktop/testnaykia/vivado/cpu/riscv/riscv.srcs/sources_1/new/accum.v:7]
CRITICAL WARNING: [Synth 8-6859] multi-driven net on pin Q with 2nd driver pin 'GND' [C:/Users/phat6/OneDrive/Desktop/testnaykia/vivado/cpu/riscv/riscv.srcs/sources_1/new/accum.v:7]
CRITICAL WARNING: [Synth 8-6858] multi-driven net Q is connected to at least one constant driver which has been preserved, other driver is ignored [C:/Users/phat6/OneDrive/Desktop/testnaykia/vivado/cpu/riscv/riscv.srcs/sources_1/new/accum.v:7]
CRITICAL WARNING: [Synth 8-6859] multi-driven net on pin Q with 1st driver pin 'ACCUM/out_reg[0]/Q' [C:/Users/phat6/OneDrive/Desktop/testnaykia/vivado/cpu/riscv/riscv.srcs/sources_1/new/accum.v:7]
CRITICAL WARNING: [Synth 8-6859] multi-driven net on pin Q with 2nd driver pin 'GND' [C:/Users/phat6/OneDrive/Desktop/testnaykia/vivado/cpu/riscv/riscv.srcs/sources_1/new/accum.v:7]
CRITICAL WARNING: [Synth 8-6858] multi-driven net Q is connected to at least one constant driver which has been preserved, other driver is ignored [C:/Users/phat6/OneDrive/Desktop/testnaykia/vivado/cpu/riscv/riscv.srcs/sources_1/new/accum.v:7]
WARNING: [Synth 8-3332] Sequential element (CONTROLLER/FSM_onehot_current_state_reg[13]) is unused and will be removed from module core.
WARNING: [Synth 8-3332] Sequential element (CONTROLLER/FSM_onehot_current_state_reg[12]) is unused and will be removed from module core.
WARNING: [Synth 8-3332] Sequential element (CONTROLLER/FSM_onehot_current_state_reg[9]) is unused and will be removed from module core.
WARNING: [Synth 8-3332] Sequential element (CONTROLLER/FSM_onehot_current_state_reg[3]) is unused and will be removed from module core.
WARNING: [Synth 8-3332] Sequential element (CONTROLLER/FSM_onehot_current_state_reg[2]) is unused and will be removed from module core.
WARNING: [Synth 8-3332] Sequential element (CONTROLLER/FSM_onehot_current_state_reg[1]) is unused and will be removed from module core.
WARNING: [Synth 8-3332] Sequential element (CONTROLLER/FSM_onehot_current_state_reg[0]) is unused and will be removed from module core.
---------------------------------------------------------------------------------
Finished Cross Boundary and Area Optimization : Time (s): cpu = 00:00:12 ; elapsed = 00:00:17 . Memory (MB): peak = 1554.930 ; gain = 639.254
---------------------------------------------------------------------------------
---------------------------------------------------------------------------------
Start ROM, RAM, DSP, Shift Register and Retiming Reporting
---------------------------------------------------------------------------------

ROM: Preliminary Mapping Report
+------------+------------+---------------+----------------+
|Module Name | RTL Object | Depth x Width | Implemented As | 
+------------+------------+---------------+----------------+
|rom         | memory     | 64x8          | LUT            | 
+------------+------------+---------------+----------------+

---------------------------------------------------------------------------------
Finished ROM, RAM, DSP, Shift Register and Retiming Reporting
---------------------------------------------------------------------------------
---------------------------------------------------------------------------------
Start Applying XDC Timing Constraints
---------------------------------------------------------------------------------
---------------------------------------------------------------------------------
Finished Applying XDC Timing Constraints : Time (s): cpu = 00:00:16 ; elapsed = 00:00:21 . Memory (MB): peak = 1554.930 ; gain = 639.254
---------------------------------------------------------------------------------
---------------------------------------------------------------------------------
Start Timing Optimization
---------------------------------------------------------------------------------
---------------------------------------------------------------------------------
Finished Timing Optimization : Time (s): cpu = 00:00:16 ; elapsed = 00:00:21 . Memory (MB): peak = 1554.930 ; gain = 639.254
---------------------------------------------------------------------------------
---------------------------------------------------------------------------------
Start Technology Mapping
---------------------------------------------------------------------------------
---------------------------------------------------------------------------------
Finished Technology Mapping : Time (s): cpu = 00:00:16 ; elapsed = 00:00:21 . Memory (MB): peak = 1554.930 ; gain = 639.254
---------------------------------------------------------------------------------
---------------------------------------------------------------------------------
Start IO Insertion
---------------------------------------------------------------------------------
---------------------------------------------------------------------------------
Start Flattening Before IO Insertion
---------------------------------------------------------------------------------
---------------------------------------------------------------------------------
Finished Flattening Before IO Insertion
---------------------------------------------------------------------------------
---------------------------------------------------------------------------------
Start Final Netlist Cleanup
---------------------------------------------------------------------------------
---------------------------------------------------------------------------------
Finished Final Netlist Cleanup
---------------------------------------------------------------------------------
---------------------------------------------------------------------------------
Finished IO Insertion : Time (s): cpu = 00:00:19 ; elapsed = 00:00:25 . Memory (MB): peak = 1554.930 ; gain = 639.254
---------------------------------------------------------------------------------
---------------------------------------------------------------------------------
Start Renaming Generated Instances
---------------------------------------------------------------------------------
---------------------------------------------------------------------------------
Finished Renaming Generated Instances : Time (s): cpu = 00:00:19 ; elapsed = 00:00:25 . Memory (MB): peak = 1554.930 ; gain = 639.254
---------------------------------------------------------------------------------
---------------------------------------------------------------------------------
Start Rebuilding User Hierarchy
---------------------------------------------------------------------------------
---------------------------------------------------------------------------------
Finished Rebuilding User Hierarchy : Time (s): cpu = 00:00:19 ; elapsed = 00:00:25 . Memory (MB): peak = 1554.930 ; gain = 639.254
---------------------------------------------------------------------------------
---------------------------------------------------------------------------------
Start Renaming Generated Ports
---------------------------------------------------------------------------------
---------------------------------------------------------------------------------
Finished Renaming Generated Ports : Time (s): cpu = 00:00:19 ; elapsed = 00:00:25 . Memory (MB): peak = 1554.930 ; gain = 639.254
---------------------------------------------------------------------------------
---------------------------------------------------------------------------------
Start Handling Custom Attributes
---------------------------------------------------------------------------------
---------------------------------------------------------------------------------
Finished Handling Custom Attributes : Time (s): cpu = 00:00:19 ; elapsed = 00:00:25 . Memory (MB): peak = 1554.930 ; gain = 639.254
---------------------------------------------------------------------------------
---------------------------------------------------------------------------------
Start Renaming Generated Nets
---------------------------------------------------------------------------------
---------------------------------------------------------------------------------
Finished Renaming Generated Nets : Time (s): cpu = 00:00:19 ; elapsed = 00:00:25 . Memory (MB): peak = 1554.930 ; gain = 639.254
---------------------------------------------------------------------------------
---------------------------------------------------------------------------------
Start Writing Synthesis Report
---------------------------------------------------------------------------------

Report BlackBoxes: 
+-+--------------+----------+
| |BlackBox name |Instances |
+-+--------------+----------+
+-+--------------+----------+

Report Cell Usage: 
+------+-----+------+
|      |Cell |Count |
+------+-----+------+
|1     |OBUF |     8|
+------+-----+------+
---------------------------------------------------------------------------------
Finished Writing Synthesis Report : Time (s): cpu = 00:00:19 ; elapsed = 00:00:25 . Memory (MB): peak = 1554.930 ; gain = 639.254
---------------------------------------------------------------------------------
Synthesis finished with 0 errors, 24 critical warnings and 8 warnings.
Synthesis Optimization Runtime : Time (s): cpu = 00:00:13 ; elapsed = 00:00:24 . Memory (MB): peak = 1554.930 ; gain = 547.344
Synthesis Optimization Complete : Time (s): cpu = 00:00:19 ; elapsed = 00:00:26 . Memory (MB): peak = 1554.930 ; gain = 639.254
INFO: [Project 1-571] Translating synthesized netlist
Netlist sorting complete. Time (s): cpu = 00:00:00 ; elapsed = 00:00:00 . Memory (MB): peak = 1554.930 ; gain = 0.000
INFO: [Project 1-570] Preparing netlist for logic optimization
INFO: [Opt 31-138] Pushed 0 inverter(s) to 0 load pin(s).
Netlist sorting complete. Time (s): cpu = 00:00:00 ; elapsed = 00:00:00 . Memory (MB): peak = 1554.930 ; gain = 0.000
INFO: [Project 1-111] Unisim Transformation Summary:
No Unisim elements were transformed.

The system cannot find the path specified.
Synth Design complete | Checksum: a568593d
INFO: [Common 17-83] Releasing license: Synthesis
36 Infos, 32 Warnings, 24 Critical Warnings and 0 Errors encountered.
synth_design completed successfully
synth_design: Time (s): cpu = 00:00:23 ; elapsed = 00:00:30 . Memory (MB): peak = 1554.930 ; gain = 1067.824
INFO: [runtcl-6] Synthesis results are not added to the cache due to CRITICAL_WARNING
Write ShapeDB Complete: Time (s): cpu = 00:00:00 ; elapsed = 00:00:00.001 . Memory (MB): peak = 1554.930 ; gain = 0.000
INFO: [Common 17-1381] The checkpoint 'C:/Users/phat6/OneDrive/Desktop/testnaykia/vivado/cpu/riscv/riscv.runs/synth_1/core.dcp' has been generated.
INFO: [runtcl-4] Executing : report_utilization -file core_utilization_synth.rpt -pb core_utilization_synth.pb
INFO: [Common 17-206] Exiting Vivado at Wed Sep 17 08:16:37 2025...
