==============================================================
Vitis HLS - High-Level Synthesis from C, C++ and OpenCL v2023.2.2 (64-bit)
Tool Version Limit: 2024.02
Copyright 1986-2022 Xilinx, Inc. All Rights Reserved.
Copyright 2022-2024 Advanced Micro Devices, Inc. All Rights Reserved.

==============================================================
INFO: [SYN 201-201] Setting up clock 'default' with a period of 10ns.
INFO: [HLS 200-1611] Setting target device to 'xc7z020-clg400-1'
INFO: [HLS 200-1505] Using flow_target 'vivado'
INFO: [HLS 200-1510] Running: set_part xc7z020clg400-1 
INFO: [HLS 200-1510] Running: create_clock -period 10 -name default 
INFO: [SYN 201-201] Setting up clock 'default' with a period of 10ns.
INFO: [HLS 200-1510] Running: csynth_design 
INFO: [HLS 200-111] Finished File checks and directory preparation: CPU user time: 0 seconds. CPU system time: 0 seconds. Elapsed time: 0.085 seconds; current allocated memory: 132.301 MB.
INFO: [HLS 200-10] Analyzing design file 'alu.cpp' ... 
INFO: [HLS 200-111] Finished Source Code Analysis and Preprocessing: CPU user time: 0 seconds. CPU system time: 0 seconds. Elapsed time: 2.09 seconds; current allocated memory: 133.309 MB.
INFO: [HLS 200-777] Using interface defaults for 'Vivado' flow target.
INFO: [HLS 200-1995] There were 62 instructions in the design after the 'Compile/Link' phase of compilation. See the Design Size Report for more details: C:/Users/phat6/OneDrive/Desktop/testnaykia/vitis/alut/alu/solution1/syn/report/csynth_design_size.rpt
INFO: [HLS 200-1995] There were 62 instructions in the design after the 'Unroll/Inline (step 1)' phase of compilation. See the Design Size Report for more details: C:/Users/phat6/OneDrive/Desktop/testnaykia/vitis/alut/alu/solution1/syn/report/csynth_design_size.rpt
INFO: [HLS 200-1995] There were 53 instructions in the design after the 'Unroll/Inline (step 2)' phase of compilation. See the Design Size Report for more details: C:/Users/phat6/OneDrive/Desktop/testnaykia/vitis/alut/alu/solution1/syn/report/csynth_design_size.rpt
INFO: [HLS 200-1995] There were 53 instructions in the design after the 'Unroll/Inline (step 3)' phase of compilation. See the Design Size Report for more details: C:/Users/phat6/OneDrive/Desktop/testnaykia/vitis/alut/alu/solution1/syn/report/csynth_design_size.rpt
INFO: [HLS 200-1995] There were 53 instructions in the design after the 'Unroll/Inline (step 4)' phase of compilation. See the Design Size Report for more details: C:/Users/phat6/OneDrive/Desktop/testnaykia/vitis/alut/alu/solution1/syn/report/csynth_design_size.rpt
INFO: [HLS 200-1995] There were 53 instructions in the design after the 'Array/Struct (step 1)' phase of compilation. See the Design Size Report for more details: C:/Users/phat6/OneDrive/Desktop/testnaykia/vitis/alut/alu/solution1/syn/report/csynth_design_size.rpt
INFO: [HLS 200-1995] There were 53 instructions in the design after the 'Array/Struct (step 2)' phase of compilation. See the Design Size Report for more details: C:/Users/phat6/OneDrive/Desktop/testnaykia/vitis/alut/alu/solution1/syn/report/csynth_design_size.rpt
INFO: [HLS 200-1995] There were 53 instructions in the design after the 'Array/Struct (step 3)' phase of compilation. See the Design Size Report for more details: C:/Users/phat6/OneDrive/Desktop/testnaykia/vitis/alut/alu/solution1/syn/report/csynth_design_size.rpt
INFO: [HLS 200-1995] There were 53 instructions in the design after the 'Array/Struct (step 4)' phase of compilation. See the Design Size Report for more details: C:/Users/phat6/OneDrive/Desktop/testnaykia/vitis/alut/alu/solution1/syn/report/csynth_design_size.rpt
INFO: [HLS 200-1995] There were 53 instructions in the design after the 'Array/Struct (step 5)' phase of compilation. See the Design Size Report for more details: C:/Users/phat6/OneDrive/Desktop/testnaykia/vitis/alut/alu/solution1/syn/report/csynth_design_size.rpt
INFO: [HLS 200-1995] There were 53 instructions in the design after the 'Performance (step 1)' phase of compilation. See the Design Size Report for more details: C:/Users/phat6/OneDrive/Desktop/testnaykia/vitis/alut/alu/solution1/syn/report/csynth_design_size.rpt
INFO: [HLS 200-1995] There were 53 instructions in the design after the 'Performance (step 2)' phase of compilation. See the Design Size Report for more details: C:/Users/phat6/OneDrive/Desktop/testnaykia/vitis/alut/alu/solution1/syn/report/csynth_design_size.rpt
INFO: [HLS 200-1995] There were 53 instructions in the design after the 'Performance (step 3)' phase of compilation. See the Design Size Report for more details: C:/Users/phat6/OneDrive/Desktop/testnaykia/vitis/alut/alu/solution1/syn/report/csynth_design_size.rpt
INFO: [HLS 200-1995] There were 53 instructions in the design after the 'Performance (step 4)' phase of compilation. See the Design Size Report for more details: C:/Users/phat6/OneDrive/Desktop/testnaykia/vitis/alut/alu/solution1/syn/report/csynth_design_size.rpt
INFO: [HLS 200-1995] There were 61 instructions in the design after the 'HW Transforms (step 1)' phase of compilation. See the Design Size Report for more details: C:/Users/phat6/OneDrive/Desktop/testnaykia/vitis/alut/alu/solution1/syn/report/csynth_design_size.rpt
INFO: [HLS 200-1995] There were 62 instructions in the design after the 'HW Transforms (step 2)' phase of compilation. See the Design Size Report for more details: C:/Users/phat6/OneDrive/Desktop/testnaykia/vitis/alut/alu/solution1/syn/report/csynth_design_size.rpt
INFO: [HLS 200-111] Finished Compiling Optimization and Transform: CPU user time: 0 seconds. CPU system time: 0 seconds. Elapsed time: 7.677 seconds; current allocated memory: 135.395 MB.
INFO: [HLS 200-111] Finished Checking Pragmas: CPU user time: 0 seconds. CPU system time: 0 seconds. Elapsed time: 0.003 seconds; current allocated memory: 135.395 MB.
INFO: [HLS 200-10] Starting code transformations ...
INFO: [HLS 200-111] Finished Standard Transforms: CPU user time: 0 seconds. CPU system time: 0 seconds. Elapsed time: 0.078 seconds; current allocated memory: 140.277 MB.
INFO: [HLS 200-10] Checking synthesizability ...
INFO: [HLS 200-111] Finished Checking Synthesizability: CPU user time: 0 seconds. CPU system time: 0 seconds. Elapsed time: 0.025 seconds; current allocated memory: 142.430 MB.
INFO: [HLS 200-111] Finished Loop, function and other optimizations: CPU user time: 0 seconds. CPU system time: 0 seconds. Elapsed time: 0.061 seconds; current allocated memory: 163.535 MB.
INFO: [HLS 200-111] Finished Architecture Synthesis: CPU user time: 0 seconds. CPU system time: 0 seconds. Elapsed time: 0.05 seconds; current allocated memory: 163.723 MB.
INFO: [HLS 200-10] Starting hardware synthesis ...
INFO: [HLS 200-10] Synthesizing 'ALU' ...
INFO: [HLS 200-10] ----------------------------------------------------------------
INFO: [HLS 200-42] -- Implementing module 'ALU' 
INFO: [HLS 200-10] ----------------------------------------------------------------
INFO: [SCHED 204-11] Starting scheduling ...
INFO: [SCHED 204-11] Finished scheduling.
INFO: [HLS 200-111] Finished Scheduling: CPU user time: 0 seconds. CPU system time: 0 seconds. Elapsed time: 0.116 seconds; current allocated memory: 163.723 MB.
INFO: [BIND 205-100] Starting micro-architecture generation ...
INFO: [BIND 205-101] Performing variable lifetime analysis.
INFO: [BIND 205-101] Exploring resource sharing.
INFO: [BIND 205-101] Binding ...
INFO: [BIND 205-100] Finished micro-architecture generation.
INFO: [HLS 200-111] Finished Binding: CPU user time: 0 seconds. CPU system time: 0 seconds. Elapsed time: 0.044 seconds; current allocated memory: 163.723 MB.
INFO: [HLS 200-10] ----------------------------------------------------------------
INFO: [HLS 200-10] -- Generating RTL for module 'ALU' 
INFO: [HLS 200-10] ----------------------------------------------------------------
WARNING: [RTGEN 206-101] Design contains AXI ports. Reset is fixed to synchronous and active low.
INFO: [RTGEN 206-500] Setting interface mode on port 'ALU/a' to 's_axilite & ap_none'.
INFO: [RTGEN 206-500] Setting interface mode on port 'ALU/b' to 's_axilite & ap_none'.
INFO: [RTGEN 206-500] Setting interface mode on port 'ALU/op' to 's_axilite & ap_none'.
INFO: [RTGEN 206-500] Setting interface mode on port 'ALU/result' to 's_axilite & ap_vld'.
INFO: [RTGEN 206-500] Setting interface mode on function 'ALU' to 'ap_ctrl_none'.
INFO: [RTGEN 206-100] Bundling port 'a', 'b', 'op' and 'result' to AXI-Lite port control.
INFO: [RTGEN 206-100] Finished creating RTL model for 'ALU'.
INFO: [HLS 200-111] Finished Creating RTL model: CPU user time: 0 seconds. CPU system time: 0 seconds. Elapsed time: 0.066 seconds; current allocated memory: 164.676 MB.
INFO: [HLS 200-111] Finished Generating all RTL models: CPU user time: 0 seconds. CPU system time: 0 seconds. Elapsed time: 0.43 seconds; current allocated memory: 170.133 MB.
INFO: [HLS 200-111] Finished Updating report files: CPU user time: 0 seconds. CPU system time: 0 seconds. Elapsed time: 0.657 seconds; current allocated memory: 175.738 MB.
INFO: [VHDL 208-304] Generating VHDL RTL for ALU.
INFO: [VLOG 209-307] Generating Verilog RTL for ALU.
INFO: [HLS 200-789] **** Estimated Fmax: 155.76 MHz
INFO: [HLS 200-111] Finished Command csynth_design CPU user time: 0 seconds. CPU system time: 0 seconds. Elapsed time: 11.405 seconds; current allocated memory: 43.676 MB.
==============================================================
Vitis HLS - High-Level Synthesis from C, C++ and OpenCL v2023.2.2 (64-bit)
Tool Version Limit: 2024.02
Copyright 1986-2022 Xilinx, Inc. All Rights Reserved.
Copyright 2022-2024 Advanced Micro Devices, Inc. All Rights Reserved.

==============================================================
INFO: [SYN 201-201] Setting up clock 'default' with a period of 10ns.
INFO: [HLS 200-1611] Setting target device to 'xc7z020-clg400-1'
INFO: [HLS 200-1505] Using flow_target 'vivado'
INFO: [HLS 200-1510] Running: set_part xc7z020clg400-1 
INFO: [HLS 200-1510] Running: create_clock -period 10 -name default 
INFO: [SYN 201-201] Setting up clock 'default' with a period of 10ns.
INFO: [HLS 200-1510] Running: export_design -rtl verilog -format ip_catalog 
INFO: [IMPL 213-8] Exporting RTL as a Vivado IP.
INFO: [HLS 200-802] Generated output file alu/solution1/impl/export.zip
INFO: [HLS 200-111] Finished Command export_design CPU user time: 0 seconds. CPU system time: 1 seconds. Elapsed time: 10.226 seconds; current allocated memory: 6.523 MB.
