
*** Running vivado
    with args -log design_1_add_0_0.vds -m64 -product Vivado -mode batch -messageDb vivado.pb -notrace -source design_1_add_0_0.tcl


ECHO is off.
ECHO is off.

****** Vivado v2023.2.2 (64-bit)
  **** SW Build 4126759 on Thu Feb  8 23:53:51 MST 2024
  **** IP Build 4126054 on Fri Feb  9 11:39:09 MST 2024
  **** SharedData Build 4115275 on Tue Jan 30 00:40:57 MST 2024
    ** Copyright 1986-2022 Xilinx, Inc. All Rights Reserved.
    ** Copyright 2022-2024 Advanced Micro Devices, Inc. All Rights Reserved.

source design_1_add_0_0.tcl -notrace
create_project: Time (s): cpu = 00:00:03 ; elapsed = 00:00:09 . Memory (MB): peak = 487.777 ; gain = 184.617
INFO: [IP_Flow 19-234] Refreshing IP repositories
INFO: [IP_Flow 19-1700] Loaded user IP repository 'c:/Users/phat6/OneDrive/Desktop/testnaykia/vitis/add32'.
INFO: [IP_Flow 19-2313] Loaded Vivado IP repository 'D:/Xilinx/Vivado/2023.2/data/ip'.
WARNING: [IP_Flow 19-4995] The host OS only allows 260 characters in a normal path. The IP cache path is more than 80 characters. If you experience issues with IP caching, please consider changing the IP cache to a location with a shorter path. Alternately consider using the OS subst command to map part of the path to a drive letter. 
Current IP cache path is c:/Users/phat6/OneDrive/Desktop/testnaykia/vivado/add32hls/project_1/project_1.cache/ip 
INFO: [IP_Flow 19-6924] IPCACHE: Running cache check for IP inst: design_1_add_0_0
Command: synth_design -top design_1_add_0_0 -part xczu5eg-sfvc784-1-e -incremental_mode off -mode out_of_context
Starting synth_design
Attempting to get a license for feature 'Synthesis' and/or device 'xczu5eg'
INFO: [Common 17-349] Got license for feature 'Synthesis' and/or device 'xczu5eg'
INFO: [Device 21-403] Loading part xczu5eg-sfvc784-1-e
INFO: [Synth 8-7079] Multithreading enabled for synth_design using a maximum of 2 processes.
INFO: [Synth 8-7078] Launching helper process for spawning children vivado processes
INFO: [Synth 8-7075] Helper process launched with PID 17908
---------------------------------------------------------------------------------
Starting RTL Elaboration : Time (s): cpu = 00:00:02 ; elapsed = 00:00:11 . Memory (MB): peak = 1898.109 ; gain = 378.684
---------------------------------------------------------------------------------
INFO: [Synth 8-6157] synthesizing module 'design_1_add_0_0' [c:/Users/phat6/OneDrive/Desktop/testnaykia/vivado/add32hls/project_1/project_1.gen/sources_1/bd/design_1/ip/design_1_add_0_0/synth/design_1_add_0_0.v:53]
INFO: [Synth 8-6157] synthesizing module 'add' [c:/Users/phat6/OneDrive/Desktop/testnaykia/vivado/add32hls/project_1/project_1.gen/sources_1/bd/design_1/ipshared/6e56/hdl/verilog/add.v:9]
INFO: [Synth 8-6157] synthesizing module 'add_control_s_axi' [c:/Users/phat6/OneDrive/Desktop/testnaykia/vivado/add32hls/project_1/project_1.gen/sources_1/bd/design_1/ipshared/6e56/hdl/verilog/add_control_s_axi.v:9]
INFO: [Synth 8-155] case statement is not full and has no default [c:/Users/phat6/OneDrive/Desktop/testnaykia/vivado/add32hls/project_1/project_1.gen/sources_1/bd/design_1/ipshared/6e56/hdl/verilog/add_control_s_axi.v:184]
INFO: [Synth 8-6155] done synthesizing module 'add_control_s_axi' (0#1) [c:/Users/phat6/OneDrive/Desktop/testnaykia/vivado/add32hls/project_1/project_1.gen/sources_1/bd/design_1/ipshared/6e56/hdl/verilog/add_control_s_axi.v:9]
INFO: [Synth 8-6155] done synthesizing module 'add' (0#1) [c:/Users/phat6/OneDrive/Desktop/testnaykia/vivado/add32hls/project_1/project_1.gen/sources_1/bd/design_1/ipshared/6e56/hdl/verilog/add.v:9]
INFO: [Synth 8-6155] done synthesizing module 'design_1_add_0_0' (0#1) [c:/Users/phat6/OneDrive/Desktop/testnaykia/vivado/add32hls/project_1/project_1.gen/sources_1/bd/design_1/ip/design_1_add_0_0/synth/design_1_add_0_0.v:53]
---------------------------------------------------------------------------------
Finished RTL Elaboration : Time (s): cpu = 00:00:03 ; elapsed = 00:00:14 . Memory (MB): peak = 2011.238 ; gain = 491.812
---------------------------------------------------------------------------------
---------------------------------------------------------------------------------
Start Handling Custom Attributes
---------------------------------------------------------------------------------
---------------------------------------------------------------------------------
Finished Handling Custom Attributes : Time (s): cpu = 00:00:03 ; elapsed = 00:00:14 . Memory (MB): peak = 2011.238 ; gain = 491.812
---------------------------------------------------------------------------------
---------------------------------------------------------------------------------
Finished RTL Optimization Phase 1 : Time (s): cpu = 00:00:03 ; elapsed = 00:00:14 . Memory (MB): peak = 2011.238 ; gain = 491.812
---------------------------------------------------------------------------------
Netlist sorting complete. Time (s): cpu = 00:00:00 ; elapsed = 00:00:00.007 . Memory (MB): peak = 2011.238 ; gain = 0.000
INFO: [Project 1-570] Preparing netlist for logic optimization

Processing XDC Constraints
Initializing timing engine
Parsing XDC File [c:/Users/phat6/OneDrive/Desktop/testnaykia/vivado/add32hls/project_1/project_1.gen/sources_1/bd/design_1/ip/design_1_add_0_0/constraints/add_ooc.xdc] for cell 'inst'
Finished Parsing XDC File [c:/Users/phat6/OneDrive/Desktop/testnaykia/vivado/add32hls/project_1/project_1.gen/sources_1/bd/design_1/ip/design_1_add_0_0/constraints/add_ooc.xdc] for cell 'inst'
Parsing XDC File [C:/Users/phat6/OneDrive/Desktop/testnaykia/vivado/add32hls/project_1/project_1.runs/design_1_add_0_0_synth_1/dont_touch.xdc]
Finished Parsing XDC File [C:/Users/phat6/OneDrive/Desktop/testnaykia/vivado/add32hls/project_1/project_1.runs/design_1_add_0_0_synth_1/dont_touch.xdc]
Completed Processing XDC Constraints

Netlist sorting complete. Time (s): cpu = 00:00:00 ; elapsed = 00:00:00.001 . Memory (MB): peak = 2095.043 ; gain = 0.000
INFO: [Project 1-111] Unisim Transformation Summary:
No Unisim elements were transformed.

The system cannot find the path specified.
Constraint Validation Runtime : Time (s): cpu = 00:00:00 ; elapsed = 00:00:00.086 . Memory (MB): peak = 2095.945 ; gain = 0.902
INFO: [Designutils 20-5008] Incremental synthesis strategy off
---------------------------------------------------------------------------------
Finished Constraint Validation : Time (s): cpu = 00:00:06 ; elapsed = 00:00:25 . Memory (MB): peak = 2095.945 ; gain = 576.520
---------------------------------------------------------------------------------
---------------------------------------------------------------------------------
Start Loading Part and Timing Information
---------------------------------------------------------------------------------
Loading part: xczu5eg-sfvc784-1-e
INFO: [Synth 8-6742] Reading net delay rules and data
---------------------------------------------------------------------------------
Finished Loading Part and Timing Information : Time (s): cpu = 00:00:06 ; elapsed = 00:00:25 . Memory (MB): peak = 2095.945 ; gain = 576.520
---------------------------------------------------------------------------------
---------------------------------------------------------------------------------
Start Applying 'set_property' XDC Constraints
---------------------------------------------------------------------------------
Applied set_property KEEP_HIERARCHY = SOFT for inst. (constraint file  C:/Users/phat6/OneDrive/Desktop/testnaykia/vivado/add32hls/project_1/project_1.runs/design_1_add_0_0_synth_1/dont_touch.xdc, line 9).
---------------------------------------------------------------------------------
Finished applying 'set_property' XDC Constraints : Time (s): cpu = 00:00:06 ; elapsed = 00:00:25 . Memory (MB): peak = 2095.945 ; gain = 576.520
---------------------------------------------------------------------------------
INFO: [Synth 8-802] inferred FSM for state register 'wstate_reg' in module 'add_control_s_axi'
INFO: [Synth 8-802] inferred FSM for state register 'rstate_reg' in module 'add_control_s_axi'
---------------------------------------------------------------------------------------------------
                   State |                     New Encoding |                Previous Encoding 
---------------------------------------------------------------------------------------------------
                  iSTATE |                             0001 |                               11
*
                  WRIDLE |                             0010 |                               00
                  WRDATA |                             0100 |                               01
                  WRRESP |                             1000 |                               10
---------------------------------------------------------------------------------------------------
INFO: [Synth 8-3354] encoded FSM with state register 'wstate_reg' using encoding 'one-hot' in module 'add_control_s_axi'
---------------------------------------------------------------------------------------------------
                   State |                     New Encoding |                Previous Encoding 
---------------------------------------------------------------------------------------------------
                  iSTATE |                              001 |                               10
*
                  RDIDLE |                              010 |                               00
                  RDDATA |                              100 |                               01
---------------------------------------------------------------------------------------------------
INFO: [Synth 8-3354] encoded FSM with state register 'rstate_reg' using encoding 'one-hot' in module 'add_control_s_axi'
---------------------------------------------------------------------------------
Finished RTL Optimization Phase 2 : Time (s): cpu = 00:00:06 ; elapsed = 00:00:26 . Memory (MB): peak = 2095.945 ; gain = 576.520
---------------------------------------------------------------------------------
---------------------------------------------------------------------------------
Start RTL Component Statistics 
---------------------------------------------------------------------------------
Detailed RTL Component Info : 
+---Adders : 
	   2 Input   32 Bit       Adders := 1     
+---Registers : 
	               32 Bit    Registers := 4     
	                6 Bit    Registers := 1     
	                1 Bit    Registers := 1     
+---Muxes : 
	   5 Input   32 Bit        Muxes := 1     
	   4 Input    4 Bit        Muxes := 1     
	   2 Input    4 Bit        Muxes := 3     
	   3 Input    3 Bit        Muxes := 1     
	   2 Input    3 Bit        Muxes := 2     
	   5 Input    3 Bit        Muxes := 1     
	   2 Input    1 Bit        Muxes := 1     
---------------------------------------------------------------------------------
Finished RTL Component Statistics 
---------------------------------------------------------------------------------
---------------------------------------------------------------------------------
Start Part Resource Summary
---------------------------------------------------------------------------------
Part Resources:
DSPs: 1248 (col length:96)
BRAMs: 288 (col length: RAMB18 96 RAMB36 48)
---------------------------------------------------------------------------------
Finished Part Resource Summary
---------------------------------------------------------------------------------
---------------------------------------------------------------------------------
Start Cross Boundary and Area Optimization
---------------------------------------------------------------------------------
WARNING: [Synth 8-7080] Parallel synthesis criteria is not met
WARNING: [Synth 8-3332] Sequential element (control_s_axi_U/FSM_onehot_wstate_reg[0]) is unused and will be removed from module add.
WARNING: [Synth 8-3332] Sequential element (control_s_axi_U/FSM_onehot_rstate_reg[0]) is unused and will be removed from module add.
---------------------------------------------------------------------------------
Finished Cross Boundary and Area Optimization : Time (s): cpu = 00:00:07 ; elapsed = 00:00:29 . Memory (MB): peak = 2095.945 ; gain = 576.520
---------------------------------------------------------------------------------
---------------------------------------------------------------------------------
Start Applying XDC Timing Constraints
---------------------------------------------------------------------------------
---------------------------------------------------------------------------------
Finished Applying XDC Timing Constraints : Time (s): cpu = 00:00:11 ; elapsed = 00:00:46 . Memory (MB): peak = 2555.645 ; gain = 1036.219
---------------------------------------------------------------------------------
---------------------------------------------------------------------------------
Start Timing Optimization
---------------------------------------------------------------------------------
---------------------------------------------------------------------------------
Finished Timing Optimization : Time (s): cpu = 00:00:11 ; elapsed = 00:00:46 . Memory (MB): peak = 2555.859 ; gain = 1036.434
---------------------------------------------------------------------------------
---------------------------------------------------------------------------------
Start Technology Mapping
---------------------------------------------------------------------------------
---------------------------------------------------------------------------------
Finished Technology Mapping : Time (s): cpu = 00:00:11 ; elapsed = 00:00:46 . Memory (MB): peak = 2565.996 ; gain = 1046.570
---------------------------------------------------------------------------------
---------------------------------------------------------------------------------
Start IO Insertion
---------------------------------------------------------------------------------
---------------------------------------------------------------------------------
Start Flattening Before IO Insertion
---------------------------------------------------------------------------------
---------------------------------------------------------------------------------
Finished Flattening Before IO Insertion
---------------------------------------------------------------------------------
---------------------------------------------------------------------------------
Start Final Netlist Cleanup
---------------------------------------------------------------------------------
---------------------------------------------------------------------------------
Finished Final Netlist Cleanup
---------------------------------------------------------------------------------
---------------------------------------------------------------------------------
Finished IO Insertion : Time (s): cpu = 00:00:13 ; elapsed = 00:00:53 . Memory (MB): peak = 2581.805 ; gain = 1062.379
---------------------------------------------------------------------------------
---------------------------------------------------------------------------------
Start Renaming Generated Instances
---------------------------------------------------------------------------------
---------------------------------------------------------------------------------
Finished Renaming Generated Instances : Time (s): cpu = 00:00:13 ; elapsed = 00:00:53 . Memory (MB): peak = 2581.805 ; gain = 1062.379
---------------------------------------------------------------------------------
---------------------------------------------------------------------------------
Start Rebuilding User Hierarchy
---------------------------------------------------------------------------------
---------------------------------------------------------------------------------
Finished Rebuilding User Hierarchy : Time (s): cpu = 00:00:13 ; elapsed = 00:00:53 . Memory (MB): peak = 2581.805 ; gain = 1062.379
---------------------------------------------------------------------------------
---------------------------------------------------------------------------------
Start Renaming Generated Ports
---------------------------------------------------------------------------------
---------------------------------------------------------------------------------
Finished Renaming Generated Ports : Time (s): cpu = 00:00:13 ; elapsed = 00:00:53 . Memory (MB): peak = 2581.805 ; gain = 1062.379
---------------------------------------------------------------------------------
---------------------------------------------------------------------------------
Start Handling Custom Attributes
---------------------------------------------------------------------------------
---------------------------------------------------------------------------------
Finished Handling Custom Attributes : Time (s): cpu = 00:00:13 ; elapsed = 00:00:53 . Memory (MB): peak = 2581.805 ; gain = 1062.379
---------------------------------------------------------------------------------
---------------------------------------------------------------------------------
Start Renaming Generated Nets
---------------------------------------------------------------------------------
---------------------------------------------------------------------------------
Finished Renaming Generated Nets : Time (s): cpu = 00:00:13 ; elapsed = 00:00:53 . Memory (MB): peak = 2581.805 ; gain = 1062.379
---------------------------------------------------------------------------------
---------------------------------------------------------------------------------
Start Writing Synthesis Report
---------------------------------------------------------------------------------

Report BlackBoxes: 
+-+--------------+----------+
| |BlackBox name |Instances |
+-+--------------+----------+
+-+--------------+----------+

Report Cell Usage: 
+------+-------+------+
|      |Cell   |Count |
+------+-------+------+
|1     |CARRY8 |     4|
|2     |LUT1   |     1|
|3     |LUT2   |    34|
|4     |LUT3   |    66|
|5     |LUT4   |     5|
|6     |LUT5   |     1|
|7     |LUT6   |    65|
|8     |FDRE   |   140|
+------+-------+------+
---------------------------------------------------------------------------------
Finished Writing Synthesis Report : Time (s): cpu = 00:00:13 ; elapsed = 00:00:53 . Memory (MB): peak = 2581.805 ; gain = 1062.379
---------------------------------------------------------------------------------
Synthesis finished with 0 errors, 0 critical warnings and 3 warnings.
Synthesis Optimization Runtime : Time (s): cpu = 00:00:09 ; elapsed = 00:00:51 . Memory (MB): peak = 2581.805 ; gain = 977.672
Synthesis Optimization Complete : Time (s): cpu = 00:00:13 ; elapsed = 00:00:54 . Memory (MB): peak = 2581.805 ; gain = 1062.379
INFO: [Project 1-571] Translating synthesized netlist
Netlist sorting complete. Time (s): cpu = 00:00:00 ; elapsed = 00:00:00.005 . Memory (MB): peak = 2593.859 ; gain = 0.000
INFO: [Netlist 29-17] Analyzing 4 Unisim elements for replacement
INFO: [Netlist 29-28] Unisim Transformation completed in 0 CPU seconds
INFO: [Project 1-570] Preparing netlist for logic optimization
INFO: [Opt 31-138] Pushed 0 inverter(s) to 0 load pin(s).
Netlist sorting complete. Time (s): cpu = 00:00:00 ; elapsed = 00:00:00 . Memory (MB): peak = 2623.961 ; gain = 0.000
INFO: [Project 1-111] Unisim Transformation Summary:
No Unisim elements were transformed.

The system cannot find the path specified.
Synth Design complete | Checksum: f37d5a6c
INFO: [Common 17-83] Releasing license: Synthesis
31 Infos, 4 Warnings, 0 Critical Warnings and 0 Errors encountered.
synth_design completed successfully
synth_design: Time (s): cpu = 00:00:15 ; elapsed = 00:01:11 . Memory (MB): peak = 2623.961 ; gain = 2080.164
Write ShapeDB Complete: Time (s): cpu = 00:00:00 ; elapsed = 00:00:00.004 . Memory (MB): peak = 2623.961 ; gain = 0.000
INFO: [Common 17-1381] The checkpoint 'C:/Users/phat6/OneDrive/Desktop/testnaykia/vivado/add32hls/project_1/project_1.runs/design_1_add_0_0_synth_1/design_1_add_0_0.dcp' has been generated.
INFO: [Coretcl 2-1648] Added synthesis output to IP cache for IP design_1_add_0_0, cache-ID = a426c9475ca2a088
INFO: [Coretcl 2-1174] Renamed 2 cell refs.
Write ShapeDB Complete: Time (s): cpu = 00:00:00 ; elapsed = 00:00:00.002 . Memory (MB): peak = 2623.961 ; gain = 0.000
INFO: [Common 17-1381] The checkpoint 'C:/Users/phat6/OneDrive/Desktop/testnaykia/vivado/add32hls/project_1/project_1.runs/design_1_add_0_0_synth_1/design_1_add_0_0.dcp' has been generated.
INFO: [runtcl-4] Executing : report_utilization -file design_1_add_0_0_utilization_synth.rpt -pb design_1_add_0_0_utilization_synth.pb
INFO: [Common 17-206] Exiting Vivado at Sun Sep 14 16:35:07 2025...
