
*** Running vivado
    with args -log design_1_lc3_0_0.vds -m64 -product Vivado -mode batch -messageDb vivado.pb -notrace -source design_1_lc3_0_0.tcl



****** Vivado v2023.2 (64-bit)
  **** SW Build 4029153 on Fri Oct 13 20:14:34 MDT 2023
  **** IP Build 4028589 on Sat Oct 14 00:45:43 MDT 2023
  **** SharedData Build 4025554 on Tue Oct 10 17:18:54 MDT 2023
    ** Copyright 1986-2022 Xilinx, Inc. All Rights Reserved.
    ** Copyright 2022-2023 Advanced Micro Devices, Inc. All Rights Reserved.

source design_1_lc3_0_0.tcl -notrace
create_project: Time (s): cpu = 00:00:06 ; elapsed = 00:00:06 . Memory (MB): peak = 583.914 ; gain = 181.527
INFO: [IP_Flow 19-234] Refreshing IP repositories
INFO: [IP_Flow 19-1700] Loaded user IP repository 'd:/LVTN/lc3'.
WARNING: [IP_Flow 19-3656] If you move the project, the path for repository 'd:/LVTN/lc3' may become invalid. A better location for the repository would be in a path adjacent to the project. (Current project location is 'd:/LVTN/lc3_24/lc3_24.runs/design_1_lc3_0_0_synth_1'.)
INFO: [IP_Flow 19-2313] Loaded Vivado IP repository 'F:/Vivado/2023.2/data/ip'.
INFO: [IP_Flow 19-6924] IPCACHE: Running cache check for IP inst: design_1_lc3_0_0
Command: synth_design -top design_1_lc3_0_0 -part xc7z020clg400-1 -incremental_mode off -mode out_of_context
Starting synth_design
Attempting to get a license for feature 'Synthesis' and/or device 'xc7z020'
INFO: [Common 17-349] Got license for feature 'Synthesis' and/or device 'xc7z020'
INFO: [Device 21-403] Loading part xc7z020clg400-1
INFO: [Synth 8-7079] Multithreading enabled for synth_design using a maximum of 2 processes.
INFO: [Synth 8-7078] Launching helper process for spawning children vivado processes
INFO: [Synth 8-7075] Helper process launched with PID 14548
---------------------------------------------------------------------------------
Starting RTL Elaboration : Time (s): cpu = 00:00:06 ; elapsed = 00:00:06 . Memory (MB): peak = 1456.312 ; gain = 440.133
---------------------------------------------------------------------------------
INFO: [Synth 8-6157] synthesizing module 'design_1_lc3_0_0' [d:/LVTN/lc3_24/lc3_24.gen/sources_1/bd/design_1/ip/design_1_lc3_0_0/synth/design_1_lc3_0_0.v:53]
INFO: [Synth 8-6157] synthesizing module 'lc3' [d:/LVTN/lc3_24/lc3_24.gen/sources_1/bd/design_1/ipshared/0258/hdl/verilog/lc3.v:9]
INFO: [Synth 8-6157] synthesizing module 'lc3_reg_r_RAM_AUTO_1R1W' [d:/LVTN/lc3_24/lc3_24.gen/sources_1/bd/design_1/ipshared/0258/hdl/verilog/lc3_reg_r_RAM_AUTO_1R1W.v:7]
INFO: [Synth 8-3876] $readmem data file './lc3_reg_r_RAM_AUTO_1R1W.dat' is read successfully [d:/LVTN/lc3_24/lc3_24.gen/sources_1/bd/design_1/ipshared/0258/hdl/verilog/lc3_reg_r_RAM_AUTO_1R1W.v:41]
INFO: [Synth 8-6155] done synthesizing module 'lc3_reg_r_RAM_AUTO_1R1W' (0#1) [d:/LVTN/lc3_24/lc3_24.gen/sources_1/bd/design_1/ipshared/0258/hdl/verilog/lc3_reg_r_RAM_AUTO_1R1W.v:7]
INFO: [Synth 8-6157] synthesizing module 'lc3_memory_RAM_AUTO_1R1W' [d:/LVTN/lc3_24/lc3_24.gen/sources_1/bd/design_1/ipshared/0258/hdl/verilog/lc3_memory_RAM_AUTO_1R1W.v:7]
INFO: [Synth 8-3876] $readmem data file './lc3_memory_RAM_AUTO_1R1W.dat' is read successfully [d:/LVTN/lc3_24/lc3_24.gen/sources_1/bd/design_1/ipshared/0258/hdl/verilog/lc3_memory_RAM_AUTO_1R1W.v:31]
INFO: [Synth 8-6155] done synthesizing module 'lc3_memory_RAM_AUTO_1R1W' (0#1) [d:/LVTN/lc3_24/lc3_24.gen/sources_1/bd/design_1/ipshared/0258/hdl/verilog/lc3_memory_RAM_AUTO_1R1W.v:7]
INFO: [Synth 8-6157] synthesizing module 'lc3_control_s_axi' [d:/LVTN/lc3_24/lc3_24.gen/sources_1/bd/design_1/ipshared/0258/hdl/verilog/lc3_control_s_axi.v:9]
INFO: [Synth 8-155] case statement is not full and has no default [d:/LVTN/lc3_24/lc3_24.gen/sources_1/bd/design_1/ipshared/0258/hdl/verilog/lc3_control_s_axi.v:355]
INFO: [Synth 8-6155] done synthesizing module 'lc3_control_s_axi' (0#1) [d:/LVTN/lc3_24/lc3_24.gen/sources_1/bd/design_1/ipshared/0258/hdl/verilog/lc3_control_s_axi.v:9]
INFO: [Synth 8-6155] done synthesizing module 'lc3' (0#1) [d:/LVTN/lc3_24/lc3_24.gen/sources_1/bd/design_1/ipshared/0258/hdl/verilog/lc3.v:9]
INFO: [Synth 8-6155] done synthesizing module 'design_1_lc3_0_0' (0#1) [d:/LVTN/lc3_24/lc3_24.gen/sources_1/bd/design_1/ip/design_1_lc3_0_0/synth/design_1_lc3_0_0.v:53]
WARNING: [Synth 8-7129] Port WDATA[31] in module lc3_control_s_axi is either unconnected or has no load
WARNING: [Synth 8-7129] Port WDATA[30] in module lc3_control_s_axi is either unconnected or has no load
WARNING: [Synth 8-7129] Port WDATA[29] in module lc3_control_s_axi is either unconnected or has no load
WARNING: [Synth 8-7129] Port WDATA[28] in module lc3_control_s_axi is either unconnected or has no load
WARNING: [Synth 8-7129] Port WDATA[27] in module lc3_control_s_axi is either unconnected or has no load
WARNING: [Synth 8-7129] Port WDATA[26] in module lc3_control_s_axi is either unconnected or has no load
WARNING: [Synth 8-7129] Port WDATA[25] in module lc3_control_s_axi is either unconnected or has no load
WARNING: [Synth 8-7129] Port WDATA[24] in module lc3_control_s_axi is either unconnected or has no load
WARNING: [Synth 8-7129] Port WDATA[23] in module lc3_control_s_axi is either unconnected or has no load
WARNING: [Synth 8-7129] Port WDATA[22] in module lc3_control_s_axi is either unconnected or has no load
WARNING: [Synth 8-7129] Port WDATA[21] in module lc3_control_s_axi is either unconnected or has no load
WARNING: [Synth 8-7129] Port WDATA[20] in module lc3_control_s_axi is either unconnected or has no load
WARNING: [Synth 8-7129] Port WDATA[19] in module lc3_control_s_axi is either unconnected or has no load
WARNING: [Synth 8-7129] Port WDATA[18] in module lc3_control_s_axi is either unconnected or has no load
WARNING: [Synth 8-7129] Port WDATA[17] in module lc3_control_s_axi is either unconnected or has no load
WARNING: [Synth 8-7129] Port WDATA[16] in module lc3_control_s_axi is either unconnected or has no load
WARNING: [Synth 8-7129] Port reset in module lc3_memory_RAM_AUTO_1R1W is either unconnected or has no load
WARNING: [Synth 8-7129] Port reset in module lc3_reg_r_RAM_AUTO_1R1W is either unconnected or has no load
---------------------------------------------------------------------------------
Finished RTL Elaboration : Time (s): cpu = 00:00:08 ; elapsed = 00:00:08 . Memory (MB): peak = 1608.121 ; gain = 591.941
---------------------------------------------------------------------------------
---------------------------------------------------------------------------------
Start Handling Custom Attributes
---------------------------------------------------------------------------------
---------------------------------------------------------------------------------
Finished Handling Custom Attributes : Time (s): cpu = 00:00:08 ; elapsed = 00:00:08 . Memory (MB): peak = 1608.121 ; gain = 591.941
---------------------------------------------------------------------------------
---------------------------------------------------------------------------------
Finished RTL Optimization Phase 1 : Time (s): cpu = 00:00:08 ; elapsed = 00:00:08 . Memory (MB): peak = 1608.121 ; gain = 591.941
---------------------------------------------------------------------------------
Netlist sorting complete. Time (s): cpu = 00:00:00 ; elapsed = 00:00:00.016 . Memory (MB): peak = 1608.121 ; gain = 0.000
INFO: [Project 1-570] Preparing netlist for logic optimization

Processing XDC Constraints
Initializing timing engine
Parsing XDC File [d:/LVTN/lc3_24/lc3_24.gen/sources_1/bd/design_1/ip/design_1_lc3_0_0/constraints/lc3_ooc.xdc] for cell 'inst'
Finished Parsing XDC File [d:/LVTN/lc3_24/lc3_24.gen/sources_1/bd/design_1/ip/design_1_lc3_0_0/constraints/lc3_ooc.xdc] for cell 'inst'
Parsing XDC File [D:/LVTN/lc3_24/lc3_24.runs/design_1_lc3_0_0_synth_1/dont_touch.xdc]
Finished Parsing XDC File [D:/LVTN/lc3_24/lc3_24.runs/design_1_lc3_0_0_synth_1/dont_touch.xdc]
Completed Processing XDC Constraints

Netlist sorting complete. Time (s): cpu = 00:00:00 ; elapsed = 00:00:00 . Memory (MB): peak = 1711.633 ; gain = 0.000
INFO: [Project 1-111] Unisim Transformation Summary:
No Unisim elements were transformed.

The system cannot find the path specified.
Constraint Validation Runtime : Time (s): cpu = 00:00:00 ; elapsed = 00:00:00.028 . Memory (MB): peak = 1711.633 ; gain = 0.000
INFO: [Designutils 20-5008] Incremental synthesis strategy off
---------------------------------------------------------------------------------
Finished Constraint Validation : Time (s): cpu = 00:00:14 ; elapsed = 00:00:15 . Memory (MB): peak = 1711.633 ; gain = 695.453
---------------------------------------------------------------------------------
---------------------------------------------------------------------------------
Start Loading Part and Timing Information
---------------------------------------------------------------------------------
Loading part: xc7z020clg400-1
---------------------------------------------------------------------------------
Finished Loading Part and Timing Information : Time (s): cpu = 00:00:14 ; elapsed = 00:00:15 . Memory (MB): peak = 1711.633 ; gain = 695.453
---------------------------------------------------------------------------------
---------------------------------------------------------------------------------
Start Applying 'set_property' XDC Constraints
---------------------------------------------------------------------------------
Applied set_property KEEP_HIERARCHY = SOFT for inst. (constraint file  D:/LVTN/lc3_24/lc3_24.runs/design_1_lc3_0_0_synth_1/dont_touch.xdc, line 9).
---------------------------------------------------------------------------------
Finished applying 'set_property' XDC Constraints : Time (s): cpu = 00:00:14 ; elapsed = 00:00:15 . Memory (MB): peak = 1711.633 ; gain = 695.453
---------------------------------------------------------------------------------
INFO: [Synth 8-802] inferred FSM for state register 'wstate_reg' in module 'lc3_control_s_axi'
INFO: [Synth 8-802] inferred FSM for state register 'rstate_reg' in module 'lc3_control_s_axi'
WARNING: [Synth 8-3936] Found unconnected internal register 'IR_read_reg_1602_reg' and it is trimmed from '16' to '12' bits. [d:/LVTN/lc3_24/lc3_24.gen/sources_1/bd/design_1/ipshared/0258/hdl/verilog/lc3.v:732]
INFO: [Synth 8-4490] FSM extraction disabled for register 'ap_CS_fsm_reg' through user attribute
INFO: [Synth 8-3971] The signal "lc3_reg_r_RAM_AUTO_1R1W:/ram_reg" was recognized as a true dual port RAM template.
---------------------------------------------------------------------------------------------------
                   State |                     New Encoding |                Previous Encoding 
---------------------------------------------------------------------------------------------------
                  iSTATE |                             0001 |                               11
*
                  WRIDLE |                             0010 |                               00
                  WRDATA |                             0100 |                               01
                  WRRESP |                             1000 |                               10
---------------------------------------------------------------------------------------------------
INFO: [Synth 8-3354] encoded FSM with state register 'wstate_reg' using encoding 'one-hot' in module 'lc3_control_s_axi'
---------------------------------------------------------------------------------------------------
                   State |                     New Encoding |                Previous Encoding 
---------------------------------------------------------------------------------------------------
                  iSTATE |                              001 |                               10
*
                  RDIDLE |                              010 |                               00
                  RDDATA |                              100 |                               01
---------------------------------------------------------------------------------------------------
INFO: [Synth 8-3354] encoded FSM with state register 'rstate_reg' using encoding 'one-hot' in module 'lc3_control_s_axi'
---------------------------------------------------------------------------------
Finished RTL Optimization Phase 2 : Time (s): cpu = 00:00:15 ; elapsed = 00:00:16 . Memory (MB): peak = 1711.633 ; gain = 695.453
---------------------------------------------------------------------------------
---------------------------------------------------------------------------------
Start RTL Component Statistics 
---------------------------------------------------------------------------------
Detailed RTL Component Info : 
+---Adders : 
	   2 Input   16 Bit       Adders := 7     
	   3 Input   16 Bit       Adders := 3     
+---XORs : 
	   2 Input     16 Bit         XORs := 1     
	   2 Input      1 Bit         XORs := 6     
+---Registers : 
	               38 Bit    Registers := 1     
	               32 Bit    Registers := 1     
	               16 Bit    Registers := 40    
	               12 Bit    Registers := 1     
	               11 Bit    Registers := 1     
	                9 Bit    Registers := 2     
	                6 Bit    Registers := 1     
	                5 Bit    Registers := 1     
	                4 Bit    Registers := 1     
	                3 Bit    Registers := 2     
	                1 Bit    Registers := 39    
+---RAMs : 
	            1024K Bit	(65536 X 16 bit)          RAMs := 1     
	              128 Bit	(8 X 16 bit)          RAMs := 1     
+---Muxes : 
	  39 Input   38 Bit        Muxes := 1     
	   2 Input   33 Bit        Muxes := 1     
	  33 Input   32 Bit        Muxes := 1     
	  12 Input   30 Bit        Muxes := 1     
	   2 Input   26 Bit        Muxes := 1     
	   2 Input   23 Bit        Muxes := 1     
	   2 Input   16 Bit        Muxes := 13    
	   2 Input    9 Bit        Muxes := 1     
	   4 Input    4 Bit        Muxes := 1     
	   2 Input    4 Bit        Muxes := 3     
	   3 Input    3 Bit        Muxes := 1     
	   2 Input    3 Bit        Muxes := 2     
	   2 Input    1 Bit        Muxes := 31    
	   7 Input    1 Bit        Muxes := 2     
	  10 Input    1 Bit        Muxes := 1     
---------------------------------------------------------------------------------
Finished RTL Component Statistics 
---------------------------------------------------------------------------------
---------------------------------------------------------------------------------
Start Part Resource Summary
---------------------------------------------------------------------------------
Part Resources:
DSPs: 220 (col length:60)
BRAMs: 280 (col length: RAMB18 60 RAMB36 30)
---------------------------------------------------------------------------------
Finished Part Resource Summary
---------------------------------------------------------------------------------
---------------------------------------------------------------------------------
Start Cross Boundary and Area Optimization
---------------------------------------------------------------------------------
WARNING: [Synth 8-7080] Parallel synthesis criteria is not met
WARNING: [Synth 8-7129] Port WDATA[31] in module lc3_control_s_axi is either unconnected or has no load
WARNING: [Synth 8-7129] Port WDATA[30] in module lc3_control_s_axi is either unconnected or has no load
WARNING: [Synth 8-7129] Port WDATA[29] in module lc3_control_s_axi is either unconnected or has no load
WARNING: [Synth 8-7129] Port WDATA[28] in module lc3_control_s_axi is either unconnected or has no load
WARNING: [Synth 8-7129] Port WDATA[27] in module lc3_control_s_axi is either unconnected or has no load
WARNING: [Synth 8-7129] Port WDATA[26] in module lc3_control_s_axi is either unconnected or has no load
WARNING: [Synth 8-7129] Port WDATA[25] in module lc3_control_s_axi is either unconnected or has no load
WARNING: [Synth 8-7129] Port WDATA[24] in module lc3_control_s_axi is either unconnected or has no load
WARNING: [Synth 8-7129] Port WDATA[23] in module lc3_control_s_axi is either unconnected or has no load
WARNING: [Synth 8-7129] Port WDATA[22] in module lc3_control_s_axi is either unconnected or has no load
WARNING: [Synth 8-7129] Port WDATA[21] in module lc3_control_s_axi is either unconnected or has no load
WARNING: [Synth 8-7129] Port WDATA[20] in module lc3_control_s_axi is either unconnected or has no load
WARNING: [Synth 8-7129] Port WDATA[19] in module lc3_control_s_axi is either unconnected or has no load
WARNING: [Synth 8-7129] Port WDATA[18] in module lc3_control_s_axi is either unconnected or has no load
WARNING: [Synth 8-7129] Port WDATA[17] in module lc3_control_s_axi is either unconnected or has no load
WARNING: [Synth 8-7129] Port WDATA[16] in module lc3_control_s_axi is either unconnected or has no load
WARNING: [Synth 8-7129] Port WSTRB[3] in module lc3_control_s_axi is either unconnected or has no load
WARNING: [Synth 8-7129] Port WSTRB[2] in module lc3_control_s_axi is either unconnected or has no load
INFO: [Synth 8-3971] The signal "inst/reg_r_U/ram_reg" was recognized as a true dual port RAM template.
WARNING: [Synth 8-3332] Sequential element (control_s_axi_U/FSM_onehot_wstate_reg[0]) is unused and will be removed from module lc3.
WARNING: [Synth 8-3332] Sequential element (control_s_axi_U/FSM_onehot_rstate_reg[0]) is unused and will be removed from module lc3.
---------------------------------------------------------------------------------
Finished Cross Boundary and Area Optimization : Time (s): cpu = 00:00:20 ; elapsed = 00:00:21 . Memory (MB): peak = 1711.633 ; gain = 695.453
---------------------------------------------------------------------------------
---------------------------------------------------------------------------------
Start ROM, RAM, DSP, Shift Register and Retiming Reporting
---------------------------------------------------------------------------------

Block RAM: Preliminary Mapping Report (see note below)
+------------+------------------+------------------------+---+---+------------------------+---+---+------------------+--------+--------+
|Module Name | RTL Object       | PORT A (Depth x Width) | W | R | PORT B (Depth x Width) | W | R | Ports driving FF | RAMB18 | RAMB36 | 
+------------+------------------+------------------------+---+---+------------------------+---+---+------------------+--------+--------+
|inst        | reg_r_U/ram_reg  | 8 x 16(READ_FIRST)     | W | R | 8 x 16(READ_FIRST)     | W | R | Port A and B     | 1      | 0      | 
|inst        | memory_U/ram_reg | 64 K x 16(READ_FIRST)  | W | R |                        |   |   | Port A           | 0      | 32     | 
+------------+------------------+------------------------+---+---+------------------------+---+---+------------------+--------+--------+

Note: The table above is a preliminary report that shows the Block RAMs at the current stage of the synthesis flow. Some Block RAMs may be reimplemented as non Block RAM primitives later in the synthesis flow. Multiple instantiated Block RAMs are reported only once. 
---------------------------------------------------------------------------------
Finished ROM, RAM, DSP, Shift Register and Retiming Reporting
---------------------------------------------------------------------------------
---------------------------------------------------------------------------------
Start Applying XDC Timing Constraints
---------------------------------------------------------------------------------
---------------------------------------------------------------------------------
Finished Applying XDC Timing Constraints : Time (s): cpu = 00:00:25 ; elapsed = 00:00:26 . Memory (MB): peak = 1711.633 ; gain = 695.453
---------------------------------------------------------------------------------
---------------------------------------------------------------------------------
Start Timing Optimization
---------------------------------------------------------------------------------
---------------------------------------------------------------------------------
Finished Timing Optimization : Time (s): cpu = 00:00:27 ; elapsed = 00:00:28 . Memory (MB): peak = 1711.633 ; gain = 695.453
---------------------------------------------------------------------------------
---------------------------------------------------------------------------------
Start ROM, RAM, DSP, Shift Register and Retiming Reporting
---------------------------------------------------------------------------------

Block RAM: Final Mapping Report
+------------+------------------+------------------------+---+---+------------------------+---+---+------------------+--------+--------+
|Module Name | RTL Object       | PORT A (Depth x Width) | W | R | PORT B (Depth x Width) | W | R | Ports driving FF | RAMB18 | RAMB36 | 
+------------+------------------+------------------------+---+---+------------------------+---+---+------------------+--------+--------+
|inst        | reg_r_U/ram_reg  | 8 x 16(READ_FIRST)     | W | R | 8 x 16(READ_FIRST)     | W | R | Port A and B     | 1      | 0      | 
|inst        | memory_U/ram_reg | 64 K x 16(READ_FIRST)  | W | R |                        |   |   | Port A           | 0      | 32     | 
+------------+------------------+------------------------+---+---+------------------------+---+---+------------------+--------+--------+

---------------------------------------------------------------------------------
Finished ROM, RAM, DSP, Shift Register and Retiming Reporting
---------------------------------------------------------------------------------
---------------------------------------------------------------------------------
Start Technology Mapping
---------------------------------------------------------------------------------
INFO: [Synth 8-7052] The timing for the instance inst/reg_r_U/ram_reg (implemented as a Block RAM) might be sub-optimal as no optional output register could be merged into the ram block. Providing additional output register may help in improving timing.
INFO: [Synth 8-7052] The timing for the instance inst/reg_r_U/ram_reg (implemented as a Block RAM) might be sub-optimal as no optional output register could be merged into the ram block. Providing additional output register may help in improving timing.
INFO: [Synth 8-7052] The timing for the instance inst/memory_U/ram_reg_1_0 (implemented as a Block RAM) might be sub-optimal as no optional output register could be merged into the ram block. Providing additional output register may help in improving timing.
INFO: [Synth 8-7052] The timing for the instance inst/memory_U/ram_reg_1_1 (implemented as a Block RAM) might be sub-optimal as no optional output register could be merged into the ram block. Providing additional output register may help in improving timing.
INFO: [Synth 8-7052] The timing for the instance inst/memory_U/ram_reg_1_2 (implemented as a Block RAM) might be sub-optimal as no optional output register could be merged into the ram block. Providing additional output register may help in improving timing.
INFO: [Synth 8-7052] The timing for the instance inst/memory_U/ram_reg_1_3 (implemented as a Block RAM) might be sub-optimal as no optional output register could be merged into the ram block. Providing additional output register may help in improving timing.
INFO: [Synth 8-7052] The timing for the instance inst/memory_U/ram_reg_1_4 (implemented as a Block RAM) might be sub-optimal as no optional output register could be merged into the ram block. Providing additional output register may help in improving timing.
INFO: [Synth 8-7052] The timing for the instance inst/memory_U/ram_reg_1_5 (implemented as a Block RAM) might be sub-optimal as no optional output register could be merged into the ram block. Providing additional output register may help in improving timing.
INFO: [Synth 8-7052] The timing for the instance inst/memory_U/ram_reg_1_6 (implemented as a Block RAM) might be sub-optimal as no optional output register could be merged into the ram block. Providing additional output register may help in improving timing.
INFO: [Synth 8-7052] The timing for the instance inst/memory_U/ram_reg_1_7 (implemented as a Block RAM) might be sub-optimal as no optional output register could be merged into the ram block. Providing additional output register may help in improving timing.
INFO: [Synth 8-7052] The timing for the instance inst/memory_U/ram_reg_1_8 (implemented as a Block RAM) might be sub-optimal as no optional output register could be merged into the ram block. Providing additional output register may help in improving timing.
INFO: [Synth 8-7052] The timing for the instance inst/memory_U/ram_reg_1_9 (implemented as a Block RAM) might be sub-optimal as no optional output register could be merged into the ram block. Providing additional output register may help in improving timing.
INFO: [Synth 8-7052] The timing for the instance inst/memory_U/ram_reg_1_10 (implemented as a Block RAM) might be sub-optimal as no optional output register could be merged into the ram block. Providing additional output register may help in improving timing.
INFO: [Synth 8-7052] The timing for the instance inst/memory_U/ram_reg_1_11 (implemented as a Block RAM) might be sub-optimal as no optional output register could be merged into the ram block. Providing additional output register may help in improving timing.
INFO: [Synth 8-7052] The timing for the instance inst/memory_U/ram_reg_1_12 (implemented as a Block RAM) might be sub-optimal as no optional output register could be merged into the ram block. Providing additional output register may help in improving timing.
INFO: [Synth 8-7052] The timing for the instance inst/memory_U/ram_reg_1_13 (implemented as a Block RAM) might be sub-optimal as no optional output register could be merged into the ram block. Providing additional output register may help in improving timing.
INFO: [Synth 8-7052] The timing for the instance inst/memory_U/ram_reg_1_14 (implemented as a Block RAM) might be sub-optimal as no optional output register could be merged into the ram block. Providing additional output register may help in improving timing.
INFO: [Synth 8-7052] The timing for the instance inst/memory_U/ram_reg_1_15 (implemented as a Block RAM) might be sub-optimal as no optional output register could be merged into the ram block. Providing additional output register may help in improving timing.
---------------------------------------------------------------------------------
Finished Technology Mapping : Time (s): cpu = 00:00:28 ; elapsed = 00:00:29 . Memory (MB): peak = 1711.633 ; gain = 695.453
---------------------------------------------------------------------------------
---------------------------------------------------------------------------------
Start IO Insertion
---------------------------------------------------------------------------------
---------------------------------------------------------------------------------
Start Flattening Before IO Insertion
---------------------------------------------------------------------------------
---------------------------------------------------------------------------------
Finished Flattening Before IO Insertion
---------------------------------------------------------------------------------
---------------------------------------------------------------------------------
Start Final Netlist Cleanup
---------------------------------------------------------------------------------
---------------------------------------------------------------------------------
Finished Final Netlist Cleanup
---------------------------------------------------------------------------------
---------------------------------------------------------------------------------
Finished IO Insertion : Time (s): cpu = 00:00:31 ; elapsed = 00:00:32 . Memory (MB): peak = 1711.633 ; gain = 695.453
---------------------------------------------------------------------------------
---------------------------------------------------------------------------------
Start Renaming Generated Instances
---------------------------------------------------------------------------------
---------------------------------------------------------------------------------
Finished Renaming Generated Instances : Time (s): cpu = 00:00:31 ; elapsed = 00:00:32 . Memory (MB): peak = 1711.633 ; gain = 695.453
---------------------------------------------------------------------------------
---------------------------------------------------------------------------------
Start Rebuilding User Hierarchy
---------------------------------------------------------------------------------
---------------------------------------------------------------------------------
Finished Rebuilding User Hierarchy : Time (s): cpu = 00:00:31 ; elapsed = 00:00:32 . Memory (MB): peak = 1711.633 ; gain = 695.453
---------------------------------------------------------------------------------
---------------------------------------------------------------------------------
Start Renaming Generated Ports
---------------------------------------------------------------------------------
---------------------------------------------------------------------------------
Finished Renaming Generated Ports : Time (s): cpu = 00:00:31 ; elapsed = 00:00:32 . Memory (MB): peak = 1711.633 ; gain = 695.453
---------------------------------------------------------------------------------
---------------------------------------------------------------------------------
Start Handling Custom Attributes
---------------------------------------------------------------------------------
---------------------------------------------------------------------------------
Finished Handling Custom Attributes : Time (s): cpu = 00:00:31 ; elapsed = 00:00:32 . Memory (MB): peak = 1711.633 ; gain = 695.453
---------------------------------------------------------------------------------
---------------------------------------------------------------------------------
Start Renaming Generated Nets
---------------------------------------------------------------------------------
---------------------------------------------------------------------------------
Finished Renaming Generated Nets : Time (s): cpu = 00:00:31 ; elapsed = 00:00:32 . Memory (MB): peak = 1711.633 ; gain = 695.453
---------------------------------------------------------------------------------
---------------------------------------------------------------------------------
Start Writing Synthesis Report
---------------------------------------------------------------------------------

Report BlackBoxes: 
+-+--------------+----------+
| |BlackBox name |Instances |
+-+--------------+----------+
+-+--------------+----------+

Report Cell Usage: 
+------+---------+------+
|      |Cell     |Count |
+------+---------+------+
|1     |CARRY4   |    54|
|2     |LUT1     |     3|
|3     |LUT2     |   179|
|4     |LUT3     |   204|
|5     |LUT4     |   607|
|6     |LUT5     |    76|
|7     |LUT6     |   291|
|8     |RAMB18E1 |     1|
|9     |RAMB36E1 |    32|
|11    |FDRE     |   630|
|12    |FDSE     |     1|
+------+---------+------+
---------------------------------------------------------------------------------
Finished Writing Synthesis Report : Time (s): cpu = 00:00:31 ; elapsed = 00:00:32 . Memory (MB): peak = 1711.633 ; gain = 695.453
---------------------------------------------------------------------------------
Synthesis finished with 0 errors, 0 critical warnings and 22 warnings.
Synthesis Optimization Runtime : Time (s): cpu = 00:00:21 ; elapsed = 00:00:30 . Memory (MB): peak = 1711.633 ; gain = 591.941
Synthesis Optimization Complete : Time (s): cpu = 00:00:31 ; elapsed = 00:00:32 . Memory (MB): peak = 1711.633 ; gain = 695.453
INFO: [Project 1-571] Translating synthesized netlist
Netlist sorting complete. Time (s): cpu = 00:00:00 ; elapsed = 00:00:00.017 . Memory (MB): peak = 1711.633 ; gain = 0.000
INFO: [Netlist 29-17] Analyzing 87 Unisim elements for replacement
INFO: [Netlist 29-28] Unisim Transformation completed in 0 CPU seconds
INFO: [Project 1-570] Preparing netlist for logic optimization
INFO: [Opt 31-138] Pushed 0 inverter(s) to 0 load pin(s).
Netlist sorting complete. Time (s): cpu = 00:00:00 ; elapsed = 00:00:00 . Memory (MB): peak = 1711.633 ; gain = 0.000
INFO: [Project 1-111] Unisim Transformation Summary:
No Unisim elements were transformed.

The system cannot find the path specified.
Synth Design complete | Checksum: fa38e214
INFO: [Common 17-83] Releasing license: Synthesis
57 Infos, 41 Warnings, 0 Critical Warnings and 0 Errors encountered.
synth_design completed successfully
synth_design: Time (s): cpu = 00:00:35 ; elapsed = 00:00:37 . Memory (MB): peak = 1711.633 ; gain = 1111.609
Write ShapeDB Complete: Time (s): cpu = 00:00:00 ; elapsed = 00:00:00.002 . Memory (MB): peak = 1711.633 ; gain = 0.000
INFO: [Common 17-1381] The checkpoint 'D:/LVTN/lc3_24/lc3_24.runs/design_1_lc3_0_0_synth_1/design_1_lc3_0_0.dcp' has been generated.
INFO: [Coretcl 2-1648] Added synthesis output to IP cache for IP design_1_lc3_0_0, cache-ID = d223b3d389988cde
INFO: [Coretcl 2-1174] Renamed 4 cell refs.
Write ShapeDB Complete: Time (s): cpu = 00:00:00 ; elapsed = 00:00:00.003 . Memory (MB): peak = 1711.633 ; gain = 0.000
INFO: [Common 17-1381] The checkpoint 'D:/LVTN/lc3_24/lc3_24.runs/design_1_lc3_0_0_synth_1/design_1_lc3_0_0.dcp' has been generated.
INFO: [runtcl-4] Executing : report_utilization -file design_1_lc3_0_0_utilization_synth.rpt -pb design_1_lc3_0_0_utilization_synth.pb
INFO: [Common 17-206] Exiting Vivado at Sat Apr 19 08:26:54 2025...
