
*** Running vivado
    with args -log alu_ALU_0_0.vds -m64 -product Vivado -mode batch -messageDb vivado.pb -notrace -source alu_ALU_0_0.tcl


ECHO is off.
ECHO is off.

****** Vivado v2023.2.2 (64-bit)
  **** SW Build 4126759 on Thu Feb  8 23:53:51 MST 2024
  **** IP Build 4126054 on Fri Feb  9 11:39:09 MST 2024
  **** SharedData Build 4115275 on Tue Jan 30 00:40:57 MST 2024
    ** Copyright 1986-2022 Xilinx, Inc. All Rights Reserved.
    ** Copyright 2022-2024 Advanced Micro Devices, Inc. All Rights Reserved.

source alu_ALU_0_0.tcl -notrace
create_project: Time (s): cpu = 00:00:10 ; elapsed = 00:00:13 . Memory (MB): peak = 487.754 ; gain = 182.594
INFO: [IP_Flow 19-234] Refreshing IP repositories
INFO: [IP_Flow 19-1700] Loaded user IP repository 'c:/Users/phat6/OneDrive/Desktop/testnaykia/vitis/alu'.
INFO: [IP_Flow 19-2313] Loaded Vivado IP repository 'D:/Xilinx/Vivado/2023.2/data/ip'.
INFO: [IP_Flow 19-6924] IPCACHE: Running cache check for IP inst: alu_ALU_0_0
Command: synth_design -top alu_ALU_0_0 -part xczu5eg-sfvc784-1-e -incremental_mode off -mode out_of_context
Starting synth_design
Attempting to get a license for feature 'Synthesis' and/or device 'xczu5eg'
INFO: [Common 17-349] Got license for feature 'Synthesis' and/or device 'xczu5eg'
INFO: [Device 21-403] Loading part xczu5eg-sfvc784-1-e
INFO: [Synth 8-7079] Multithreading enabled for synth_design using a maximum of 2 processes.
INFO: [Synth 8-7078] Launching helper process for spawning children vivado processes
INFO: [Synth 8-7075] Helper process launched with PID 32956
---------------------------------------------------------------------------------
Starting RTL Elaboration : Time (s): cpu = 00:00:09 ; elapsed = 00:00:14 . Memory (MB): peak = 1899.680 ; gain = 380.555
---------------------------------------------------------------------------------
INFO: [Synth 8-6157] synthesizing module 'alu_ALU_0_0' [c:/Users/phat6/OneDrive/Desktop/testnaykia/vivado/aluhls/aluhls/aluhls.gen/sources_1/bd/alu/ip/alu_ALU_0_0/synth/alu_ALU_0_0.v:53]
INFO: [Synth 8-6157] synthesizing module 'ALU' [c:/Users/phat6/OneDrive/Desktop/testnaykia/vivado/aluhls/aluhls/aluhls.gen/sources_1/bd/alu/ipshared/39e6/hdl/verilog/ALU.v:9]
INFO: [Synth 8-6157] synthesizing module 'ALU_control_s_axi' [c:/Users/phat6/OneDrive/Desktop/testnaykia/vivado/aluhls/aluhls/aluhls.gen/sources_1/bd/alu/ipshared/39e6/hdl/verilog/ALU_control_s_axi.v:9]
INFO: [Synth 8-155] case statement is not full and has no default [c:/Users/phat6/OneDrive/Desktop/testnaykia/vivado/aluhls/aluhls/aluhls.gen/sources_1/bd/alu/ipshared/39e6/hdl/verilog/ALU_control_s_axi.v:191]
INFO: [Synth 8-6155] done synthesizing module 'ALU_control_s_axi' (0#1) [c:/Users/phat6/OneDrive/Desktop/testnaykia/vivado/aluhls/aluhls/aluhls.gen/sources_1/bd/alu/ipshared/39e6/hdl/verilog/ALU_control_s_axi.v:9]
INFO: [Synth 8-6155] done synthesizing module 'ALU' (0#1) [c:/Users/phat6/OneDrive/Desktop/testnaykia/vivado/aluhls/aluhls/aluhls.gen/sources_1/bd/alu/ipshared/39e6/hdl/verilog/ALU.v:9]
INFO: [Synth 8-6155] done synthesizing module 'alu_ALU_0_0' (0#1) [c:/Users/phat6/OneDrive/Desktop/testnaykia/vivado/aluhls/aluhls/aluhls.gen/sources_1/bd/alu/ip/alu_ALU_0_0/synth/alu_ALU_0_0.v:53]
---------------------------------------------------------------------------------
Finished RTL Elaboration : Time (s): cpu = 00:00:11 ; elapsed = 00:00:19 . Memory (MB): peak = 2012.367 ; gain = 493.242
---------------------------------------------------------------------------------
---------------------------------------------------------------------------------
Start Handling Custom Attributes
---------------------------------------------------------------------------------
---------------------------------------------------------------------------------
Finished Handling Custom Attributes : Time (s): cpu = 00:00:11 ; elapsed = 00:00:19 . Memory (MB): peak = 2012.367 ; gain = 493.242
---------------------------------------------------------------------------------
---------------------------------------------------------------------------------
Finished RTL Optimization Phase 1 : Time (s): cpu = 00:00:11 ; elapsed = 00:00:19 . Memory (MB): peak = 2012.367 ; gain = 493.242
---------------------------------------------------------------------------------
Netlist sorting complete. Time (s): cpu = 00:00:00 ; elapsed = 00:00:00.024 . Memory (MB): peak = 2012.367 ; gain = 0.000
INFO: [Project 1-570] Preparing netlist for logic optimization

Processing XDC Constraints
Initializing timing engine
Parsing XDC File [c:/Users/phat6/OneDrive/Desktop/testnaykia/vivado/aluhls/aluhls/aluhls.gen/sources_1/bd/alu/ip/alu_ALU_0_0/constraints/ALU_ooc.xdc] for cell 'inst'
Finished Parsing XDC File [c:/Users/phat6/OneDrive/Desktop/testnaykia/vivado/aluhls/aluhls/aluhls.gen/sources_1/bd/alu/ip/alu_ALU_0_0/constraints/ALU_ooc.xdc] for cell 'inst'
Parsing XDC File [C:/Users/phat6/OneDrive/Desktop/testnaykia/vivado/aluhls/aluhls/aluhls.runs/alu_ALU_0_0_synth_1/dont_touch.xdc]
Finished Parsing XDC File [C:/Users/phat6/OneDrive/Desktop/testnaykia/vivado/aluhls/aluhls/aluhls.runs/alu_ALU_0_0_synth_1/dont_touch.xdc]
Completed Processing XDC Constraints

Netlist sorting complete. Time (s): cpu = 00:00:00 ; elapsed = 00:00:00 . Memory (MB): peak = 2113.668 ; gain = 0.000
INFO: [Project 1-111] Unisim Transformation Summary:
No Unisim elements were transformed.

The system cannot find the path specified.
Constraint Validation Runtime : Time (s): cpu = 00:00:00 ; elapsed = 00:00:00.129 . Memory (MB): peak = 2114.016 ; gain = 0.348
INFO: [Designutils 20-5008] Incremental synthesis strategy off
---------------------------------------------------------------------------------
Finished Constraint Validation : Time (s): cpu = 00:00:25 ; elapsed = 00:00:37 . Memory (MB): peak = 2114.016 ; gain = 594.891
---------------------------------------------------------------------------------
---------------------------------------------------------------------------------
Start Loading Part and Timing Information
---------------------------------------------------------------------------------
Loading part: xczu5eg-sfvc784-1-e
INFO: [Synth 8-6742] Reading net delay rules and data
---------------------------------------------------------------------------------
Finished Loading Part and Timing Information : Time (s): cpu = 00:00:25 ; elapsed = 00:00:37 . Memory (MB): peak = 2114.016 ; gain = 594.891
---------------------------------------------------------------------------------
---------------------------------------------------------------------------------
Start Applying 'set_property' XDC Constraints
---------------------------------------------------------------------------------
Applied set_property KEEP_HIERARCHY = SOFT for inst. (constraint file  C:/Users/phat6/OneDrive/Desktop/testnaykia/vivado/aluhls/aluhls/aluhls.runs/alu_ALU_0_0_synth_1/dont_touch.xdc, line 9).
---------------------------------------------------------------------------------
Finished applying 'set_property' XDC Constraints : Time (s): cpu = 00:00:25 ; elapsed = 00:00:37 . Memory (MB): peak = 2114.016 ; gain = 594.891
---------------------------------------------------------------------------------
INFO: [Synth 8-802] inferred FSM for state register 'wstate_reg' in module 'ALU_control_s_axi'
INFO: [Synth 8-802] inferred FSM for state register 'rstate_reg' in module 'ALU_control_s_axi'
---------------------------------------------------------------------------------------------------
                   State |                     New Encoding |                Previous Encoding 
---------------------------------------------------------------------------------------------------
                  iSTATE |                             0001 |                               11
*
                  WRIDLE |                             0010 |                               00
                  WRDATA |                             0100 |                               01
                  WRRESP |                             1000 |                               10
---------------------------------------------------------------------------------------------------
INFO: [Synth 8-3354] encoded FSM with state register 'wstate_reg' using encoding 'one-hot' in module 'ALU_control_s_axi'
---------------------------------------------------------------------------------------------------
                   State |                     New Encoding |                Previous Encoding 
---------------------------------------------------------------------------------------------------
                  iSTATE |                              001 |                               10
*
                  RDIDLE |                              010 |                               00
                  RDDATA |                              100 |                               01
---------------------------------------------------------------------------------------------------
INFO: [Synth 8-3354] encoded FSM with state register 'rstate_reg' using encoding 'one-hot' in module 'ALU_control_s_axi'
---------------------------------------------------------------------------------
Finished RTL Optimization Phase 2 : Time (s): cpu = 00:00:25 ; elapsed = 00:00:38 . Memory (MB): peak = 2114.016 ; gain = 594.891
---------------------------------------------------------------------------------
---------------------------------------------------------------------------------
Start RTL Component Statistics 
---------------------------------------------------------------------------------
Detailed RTL Component Info : 
+---Adders : 
	   2 Input   32 Bit       Adders := 1     
	   3 Input   32 Bit       Adders := 1     
+---XORs : 
	   2 Input     32 Bit         XORs := 4     
+---Registers : 
	               32 Bit    Registers := 5     
	                6 Bit    Registers := 1     
	                1 Bit    Registers := 1     
+---Muxes : 
	   6 Input   32 Bit        Muxes := 1     
	   2 Input   32 Bit        Muxes := 5     
	   4 Input    4 Bit        Muxes := 1     
	   2 Input    4 Bit        Muxes := 3     
	   3 Input    3 Bit        Muxes := 1     
	   2 Input    3 Bit        Muxes := 2     
	   6 Input    3 Bit        Muxes := 1     
	   2 Input    1 Bit        Muxes := 1     
---------------------------------------------------------------------------------
Finished RTL Component Statistics 
---------------------------------------------------------------------------------
---------------------------------------------------------------------------------
Start Part Resource Summary
---------------------------------------------------------------------------------
Part Resources:
DSPs: 1248 (col length:96)
BRAMs: 288 (col length: RAMB18 96 RAMB36 48)
---------------------------------------------------------------------------------
Finished Part Resource Summary
---------------------------------------------------------------------------------
---------------------------------------------------------------------------------
Start Cross Boundary and Area Optimization
---------------------------------------------------------------------------------
WARNING: [Synth 8-7080] Parallel synthesis criteria is not met
WARNING: [Synth 8-3332] Sequential element (control_s_axi_U/FSM_onehot_wstate_reg[0]) is unused and will be removed from module ALU.
WARNING: [Synth 8-3332] Sequential element (control_s_axi_U/FSM_onehot_rstate_reg[0]) is unused and will be removed from module ALU.
---------------------------------------------------------------------------------
Finished Cross Boundary and Area Optimization : Time (s): cpu = 00:00:39 ; elapsed = 00:00:55 . Memory (MB): peak = 2114.016 ; gain = 594.891
---------------------------------------------------------------------------------
---------------------------------------------------------------------------------
Start Applying XDC Timing Constraints
---------------------------------------------------------------------------------
---------------------------------------------------------------------------------
Finished Applying XDC Timing Constraints : Time (s): cpu = 00:00:56 ; elapsed = 00:01:21 . Memory (MB): peak = 2578.355 ; gain = 1059.230
---------------------------------------------------------------------------------
---------------------------------------------------------------------------------
Start Timing Optimization
---------------------------------------------------------------------------------
---------------------------------------------------------------------------------
Finished Timing Optimization : Time (s): cpu = 00:00:56 ; elapsed = 00:01:21 . Memory (MB): peak = 2579.023 ; gain = 1059.898
---------------------------------------------------------------------------------
---------------------------------------------------------------------------------
Start Technology Mapping
---------------------------------------------------------------------------------
---------------------------------------------------------------------------------
Finished Technology Mapping : Time (s): cpu = 00:00:56 ; elapsed = 00:01:22 . Memory (MB): peak = 2607.641 ; gain = 1088.516
---------------------------------------------------------------------------------
---------------------------------------------------------------------------------
Start IO Insertion
---------------------------------------------------------------------------------
---------------------------------------------------------------------------------
Start Flattening Before IO Insertion
---------------------------------------------------------------------------------
---------------------------------------------------------------------------------
Finished Flattening Before IO Insertion
---------------------------------------------------------------------------------
---------------------------------------------------------------------------------
Start Final Netlist Cleanup
---------------------------------------------------------------------------------
---------------------------------------------------------------------------------
Finished Final Netlist Cleanup
---------------------------------------------------------------------------------
---------------------------------------------------------------------------------
Finished IO Insertion : Time (s): cpu = 00:01:09 ; elapsed = 00:01:45 . Memory (MB): peak = 2619.500 ; gain = 1100.375
---------------------------------------------------------------------------------
---------------------------------------------------------------------------------
Start Renaming Generated Instances
---------------------------------------------------------------------------------
---------------------------------------------------------------------------------
Finished Renaming Generated Instances : Time (s): cpu = 00:01:09 ; elapsed = 00:01:45 . Memory (MB): peak = 2619.500 ; gain = 1100.375
---------------------------------------------------------------------------------
---------------------------------------------------------------------------------
Start Rebuilding User Hierarchy
---------------------------------------------------------------------------------
---------------------------------------------------------------------------------
Finished Rebuilding User Hierarchy : Time (s): cpu = 00:01:09 ; elapsed = 00:01:45 . Memory (MB): peak = 2619.500 ; gain = 1100.375
---------------------------------------------------------------------------------
---------------------------------------------------------------------------------
Start Renaming Generated Ports
---------------------------------------------------------------------------------
---------------------------------------------------------------------------------
Finished Renaming Generated Ports : Time (s): cpu = 00:01:09 ; elapsed = 00:01:45 . Memory (MB): peak = 2619.500 ; gain = 1100.375
---------------------------------------------------------------------------------
---------------------------------------------------------------------------------
Start Handling Custom Attributes
---------------------------------------------------------------------------------
---------------------------------------------------------------------------------
Finished Handling Custom Attributes : Time (s): cpu = 00:01:09 ; elapsed = 00:01:45 . Memory (MB): peak = 2619.500 ; gain = 1100.375
---------------------------------------------------------------------------------
---------------------------------------------------------------------------------
Start Renaming Generated Nets
---------------------------------------------------------------------------------
---------------------------------------------------------------------------------
Finished Renaming Generated Nets : Time (s): cpu = 00:01:09 ; elapsed = 00:01:45 . Memory (MB): peak = 2619.500 ; gain = 1100.375
---------------------------------------------------------------------------------
---------------------------------------------------------------------------------
Start Writing Synthesis Report
---------------------------------------------------------------------------------

Report BlackBoxes: 
+-+--------------+----------+
| |BlackBox name |Instances |
+-+--------------+----------+
+-+--------------+----------+

Report Cell Usage: 
+------+-------+------+
|      |Cell   |Count |
+------+-------+------+
|1     |CARRY8 |    14|
|2     |LUT1   |     1|
|3     |LUT2   |    81|
|4     |LUT3   |   123|
|5     |LUT4   |   110|
|6     |LUT5   |    61|
|7     |LUT6   |   323|
|8     |FDRE   |   172|
+------+-------+------+
---------------------------------------------------------------------------------
Finished Writing Synthesis Report : Time (s): cpu = 00:01:09 ; elapsed = 00:01:45 . Memory (MB): peak = 2619.500 ; gain = 1100.375
---------------------------------------------------------------------------------
Synthesis finished with 0 errors, 0 critical warnings and 3 warnings.
Synthesis Optimization Runtime : Time (s): cpu = 00:00:55 ; elapsed = 00:01:41 . Memory (MB): peak = 2619.500 ; gain = 998.727
Synthesis Optimization Complete : Time (s): cpu = 00:01:09 ; elapsed = 00:01:46 . Memory (MB): peak = 2619.500 ; gain = 1100.375
INFO: [Project 1-571] Translating synthesized netlist
Netlist sorting complete. Time (s): cpu = 00:00:00 ; elapsed = 00:00:00.016 . Memory (MB): peak = 2631.586 ; gain = 0.000
INFO: [Netlist 29-17] Analyzing 14 Unisim elements for replacement
INFO: [Netlist 29-28] Unisim Transformation completed in 0 CPU seconds
INFO: [Project 1-570] Preparing netlist for logic optimization
INFO: [Opt 31-138] Pushed 0 inverter(s) to 0 load pin(s).
Netlist sorting complete. Time (s): cpu = 00:00:00 ; elapsed = 00:00:00.001 . Memory (MB): peak = 2649.414 ; gain = 0.000
INFO: [Project 1-111] Unisim Transformation Summary:
No Unisim elements were transformed.

The system cannot find the path specified.
Synth Design complete | Checksum: e8d88a6e
INFO: [Common 17-83] Releasing license: Synthesis
31 Infos, 3 Warnings, 0 Critical Warnings and 0 Errors encountered.
synth_design completed successfully
synth_design: Time (s): cpu = 00:01:18 ; elapsed = 00:02:11 . Memory (MB): peak = 2649.414 ; gain = 2105.961
Write ShapeDB Complete: Time (s): cpu = 00:00:00 ; elapsed = 00:00:00.004 . Memory (MB): peak = 2649.414 ; gain = 0.000
INFO: [Common 17-1381] The checkpoint 'C:/Users/phat6/OneDrive/Desktop/testnaykia/vivado/aluhls/aluhls/aluhls.runs/alu_ALU_0_0_synth_1/alu_ALU_0_0.dcp' has been generated.
INFO: [Coretcl 2-1648] Added synthesis output to IP cache for IP alu_ALU_0_0, cache-ID = addc1a7af3a86903
INFO: [Coretcl 2-1174] Renamed 2 cell refs.
Write ShapeDB Complete: Time (s): cpu = 00:00:00 ; elapsed = 00:00:00.004 . Memory (MB): peak = 2649.414 ; gain = 0.000
INFO: [Common 17-1381] The checkpoint 'C:/Users/phat6/OneDrive/Desktop/testnaykia/vivado/aluhls/aluhls/aluhls.runs/alu_ALU_0_0_synth_1/alu_ALU_0_0.dcp' has been generated.
INFO: [runtcl-4] Executing : report_utilization -file alu_ALU_0_0_utilization_synth.rpt -pb alu_ALU_0_0_utilization_synth.pb
INFO: [Common 17-206] Exiting Vivado at Tue Sep 16 03:25:37 2025...
