INFO-FLOW: Workspace D:/LVTN/lc3/lc3_isa/solution1 opened at Sat Apr 19 08:22:58 +0700 2025
Execute     ap_set_clock -name default -period 10 -default=false 
INFO: [SYN 201-201] Setting up clock 'default' with a period of 10ns.
Execute     set_part xc7z020-clg400-1 
Execute       create_platform xc7z020-clg400-1 -board  
DBG:HLSDevice: Trying to load device library: F:/Vitis_HLS/2023.2\lib\win64.o\xv_hlsvwrap.dll
DBG:HLSDevice: first parts/arch.xml in RDI_DATADIR: F:/Vivado/2023.2/data/parts/arch.xml
DBG:HLSDevice: init success
INFO: [HLS 200-1611] Setting target device to 'xc7z020-clg400-1'
Command       create_platform done; 1.148 sec.
Execute       source F:/Vitis_HLS/2023.2/common/technology/xilinx/common/xilinx.gen 
Execute         source F:/Vitis_HLS/2023.2/common/technology/xilinx/interface/plb46.gen 
Execute         source F:/Vitis_HLS/2023.2/common/technology/xilinx/interface/axi4.gen 
Execute         source F:/Vitis_HLS/2023.2/common/technology/xilinx/interface/nativeAXI4.gen 
Execute           source F:/Vitis_HLS/2023.2/common/technology/xilinx/interface/saxilite.gen 
Execute         source F:/Vitis_HLS/2023.2/common/technology/xilinx/scripts/xilinxcoregen.gen 
Execute         source F:/Vitis_HLS/2023.2/common/technology/xilinx/interface/XilEDKCoreGen.gen 
Execute         source F:/Vitis_HLS/2023.2/common/technology/xilinx/ip/dds_compiler.gen 
Execute         source F:/Vitis_HLS/2023.2/common/technology/xilinx/ip/util.gen 
Execute         source F:/Vitis_HLS/2023.2/common/technology/xilinx/ip/xfft.gen 
Execute         source F:/Vitis_HLS/2023.2/common/technology/xilinx/ip/xfir.gen 
Execute         source F:/Vitis_HLS/2023.2/common/technology/xilinx/DSP48/dsp48.gen 
Execute       ap_part_info -name xc7z020-clg400-1 -data info 
Execute       config_compile -quiet -complex-mul-dsp=0 
Command     set_part done; 1.272 sec.
Execute     send_msg_by_id INFO @200-1505@%s%s  vivado 
INFO: [HLS 200-1505] Using flow_target 'vivado'
Execute     send_msg_by_id INFO @200-1464@%s config_export -format=ip_catalog 
INFO: [HLS 200-1464] Running solution command: config_export -format=ip_catalog
Execute     config_export -format=ip_catalog 
Execute     send_msg_by_id INFO @200-1464@%s config_export -output=D:/LVTN/lc3 
INFO: [HLS 200-1464] Running solution command: config_export -output=D:/LVTN/lc3
Execute     config_export -output=D:/LVTN/lc3 
Execute     send_msg_by_id INFO @200-1464@%s config_export -rtl=verilog 
INFO: [HLS 200-1464] Running solution command: config_export -rtl=verilog
Execute     config_export -rtl=verilog 
Command   open_solution done; 1.361 sec.
Execute   set_part xc7z020-clg400-1 
INFO: [HLS 200-1510] Running: set_part xc7z020-clg400-1 
Execute     create_platform xc7z020-clg400-1 -board  
Execute     source F:/Vitis_HLS/2023.2/common/technology/xilinx/common/xilinx.gen 
Execute       source F:/Vitis_HLS/2023.2/common/technology/xilinx/interface/plb46.gen 
Execute       source F:/Vitis_HLS/2023.2/common/technology/xilinx/interface/axi4.gen 
Execute       source F:/Vitis_HLS/2023.2/common/technology/xilinx/interface/nativeAXI4.gen 
Execute         source F:/Vitis_HLS/2023.2/common/technology/xilinx/interface/saxilite.gen 
Execute       source F:/Vitis_HLS/2023.2/common/technology/xilinx/scripts/xilinxcoregen.gen 
Execute       source F:/Vitis_HLS/2023.2/common/technology/xilinx/interface/XilEDKCoreGen.gen 
Execute       source F:/Vitis_HLS/2023.2/common/technology/xilinx/ip/dds_compiler.gen 
Execute       source F:/Vitis_HLS/2023.2/common/technology/xilinx/ip/util.gen 
Execute       source F:/Vitis_HLS/2023.2/common/technology/xilinx/ip/xfft.gen 
Execute       source F:/Vitis_HLS/2023.2/common/technology/xilinx/ip/xfir.gen 
Execute       source F:/Vitis_HLS/2023.2/common/technology/xilinx/DSP48/dsp48.gen 
Execute     ap_part_info -name xc7z020-clg400-1 -data info 
Execute     config_compile -quiet -complex-mul-dsp=0 
Command   set_part done; 0.175 sec.
Execute   create_clock -period 10 -name default 
INFO: [HLS 200-1510] Running: create_clock -period 10 -name default 
Execute   config_export -format ip_catalog -output D:/LVTN/lc3 -rtl verilog 
INFO: [HLS 200-1510] Running: config_export -format ip_catalog -output D:/LVTN/lc3 -rtl verilog 
Execute   source ./lc3_isa/solution1/directives.tcl 
INFO: [HLS 200-1510] Running: source ./lc3_isa/solution1/directives.tcl
Execute     set_directive_top -name lc3 lc3 
INFO: [HLS 200-1510] Running: set_directive_top -name lc3 lc3 
Execute   csynth_design 
INFO: [HLS 200-1510] Running: csynth_design 
INFO-FLOW: Running SLX 'csynth' proc: ::SLX::run_csynth
Execute     elaborate -effort=medium -skip_syncheck=0 -keep_printf=0 -skip_cdt=0 -skip_transform=0 -ng=0 -g=0 -opt_fp=0 -from_csynth_design=1 
INFO: [HLS 200-111] Finished File checks and directory preparation: CPU user time: 0 seconds. CPU system time: 0 seconds. Elapsed time: 0.07 seconds; current allocated memory: 210.492 MB.
Execute       set_directive_top lc3 -name=lc3 
Execute       source F:/Vitis_HLS/2023.2/tps/tcl/tcllib1.11.1/yaml/huddle.tcl 
Execute       source F:/Vitis_HLS/2023.2/tps/tcl/tcllib1.11.1/yaml/json2huddle.tcl 
Execute         source F:/Vitis_HLS/2023.2/tps/tcl/tcllib1.11.1/try/try.tcl 
INFO: [HLS 200-10] Analyzing design file 'lc3.cpp' ... 
INFO-FLOW: Compiling one TU...
INFO-FLOW: Handling lc3.cpp as C++
Execute       ap_part_info -name xc7z020-clg400-1 -data info 
INFO-FLOW: Running: GCC PP 39
INFO-FLOW: Source preprocessing
INFO-FLOW: run_clang exec: F:/Vitis_HLS/2023.2/win64/tools/clang-3.9-csynth/bin/clang lc3.cpp -foptimization-record-file=D:/LVTN/lc3/lc3_isa/solution1/.autopilot/db/lc3.cpp.clang.diag.yml -mllvm -pass-remarks-missed=reflow|pasta|unroll -mllvm -pass-remarks=reflow|pasta|unroll|inline -fno-limit-debug-info --sysroot F:/Vitis_HLS/2023.2/tps/mingw/8.3.0/win64.o/nt -fhls -fno-exceptions -insert-hls-directive=D:/LVTN/lc3/lc3_isa/solution1/.autopilot/db/all.directive.json -E -fno-math-errno -c -emit-llvm -mllvm -disable-llvm-optzns -Werror=implicit-function-declaration -Werror=implicit-hls-streams -Werror=return-type -Wpragmas -Wunused-parameter -Wdump-hls-pragmas -Wno-error=dump-hls-pragmas -hls-clock-period=10 -fno-threadsafe-statics -fno-use-cxa-atexit -std=gnu++14 -target fpga64-xilinx-mingw32 -fno-threadsafe-statics -fno-use-cxa-atexit -D__VITIS_HLS__ -DAESL_SYN -D__SYNTHESIS__ -D__HLS_SYN__ -I F:/Vitis_HLS/2023.2/common/technology/autopilot -I F:/Vitis_HLS/2023.2/common/technology/autopilot/ap_sysc -include etc/autopilot_ssdm_op.h -D__DSP48E1__ -I /usr/include/x86_64-linux-gnu -o D:/LVTN/lc3/lc3_isa/solution1/.autopilot/db/lc3.pp.0.cpp {-hls-platform-db-name=F:/Vitis_HLS/2023.2\common/technology\xilinx/common/platform.db} -hls-platform-name=zynq_slow -device-resource-info=BRAM_280.000000_DSP_220.000000_FF_106400.000000_LUT_53200.000000_SLICE_13300.000000_URAM_0.000000 -device-name-info=xc7z020clg400-1 > D:/LVTN/lc3/lc3_isa/solution1/.autopilot/db/lc3.cpp.clang.out.log 2> D:/LVTN/lc3/lc3_isa/solution1/.autopilot/db/lc3.cpp.clang.err.log
INFO-FLOW: Done: GCC PP 39 time: 0.1 seconds per iteration
INFO-FLOW: Source syntax check for synthesis
INFO-FLOW: run_clang exec: F:/Vitis_HLS/2023.2/win64/tools/clang-3.9-csynth/bin/clang -foptimization-record-file=D:/LVTN/lc3/lc3_isa/solution1/.autopilot/db/clang.diag.yml -mllvm -pass-remarks-missed=reflow|pasta|unroll -mllvm -pass-remarks=reflow|pasta|unroll|inline -fsyntax-only -fhls -target fpga64-xilinx-linux-gnu D:/LVTN/lc3/lc3_isa/solution1/.autopilot/db/lc3.pp.0.cpp {-hls-platform-db-name=F:/Vitis_HLS/2023.2\common/technology\xilinx/common/platform.db} -hls-platform-name=zynq_slow -device-resource-info=BRAM_280.000000_DSP_220.000000_FF_106400.000000_LUT_53200.000000_SLICE_13300.000000_URAM_0.000000 -device-name-info=xc7z020clg400-1 > D:/LVTN/lc3/lc3_isa/solution1/.autopilot/db/clang.out.log 2> D:/LVTN/lc3/lc3_isa/solution1/.autopilot/db/clang.err.log
Execute       clang_tidy xilinx-systemc-detector -desc systemc-detector D:/LVTN/lc3/lc3_isa/solution1/.autopilot/db/lc3.pp.0.cpp std=gnu++14 -target fpga  -directive=D:/LVTN/lc3/lc3_isa/solution1/.autopilot/db/.systemc_flag 
INFO-FLOW: exec F:/Vitis_HLS/2023.2/win64/tools/clang-3.9-csynth/bin/clang-tidy -header-filter=.* --checks=-*,xilinx-systemc-detector -import-directive=D:/LVTN/lc3/lc3_isa/solution1/.autopilot/db/.systemc_flag -fix-errors D:/LVTN/lc3/lc3_isa/solution1/.autopilot/db/lc3.pp.0.cpp -- -std=gnu++14 -target fpga -fhls -ferror-limit=0
INFO-FLOW: Running: clang-tidy CDT preprocess 39
Execute       clang_tidy xilinx-directive2pragma -desc directive2pragma D:/LVTN/lc3/lc3_isa/solution1/.autopilot/db/lc3.pp.0.cpp std=gnu++14 -target fpga  -directive=D:/LVTN/lc3/lc3_isa/solution1/.autopilot/db/all.directive.json 
INFO-FLOW: exec F:/Vitis_HLS/2023.2/win64/tools/clang-3.9-csynth/bin/clang-tidy -header-filter=.* --checks=-*,xilinx-directive2pragma -import-directive=D:/LVTN/lc3/lc3_isa/solution1/.autopilot/db/all.directive.json -fix-errors D:/LVTN/lc3/lc3_isa/solution1/.autopilot/db/lc3.pp.0.cpp -- -std=gnu++14 -target fpga -fhls -ferror-limit=0
INFO-FLOW: Done: clang-tidy CDT preprocess 39 time: 0 seconds per iteration
INFO-FLOW: Calling xilinx-label-all-loops ... 
INFO-FLOW: Calling xilinx-aggregate-on-hls-vector ... 
Execute       clang_tidy -errorcheck -desc loop-label xilinx-label-all-loops,xilinx-aggregate-on-hls-vector,,xilinx-warn-mayneed-no-ctor-attribute D:/LVTN/lc3/lc3_isa/solution1/.autopilot/db/lc3.pp.0.cpp std=gnu++14 -target fpga  
INFO-FLOW: run_clang exec: F:/Vitis_HLS/2023.2/win64/tools/clang-3.9-csynth/bin/clang-tidy -export-fixes=D:/LVTN/lc3/lc3_isa/solution1/.autopilot/db/lc3.pp.0.cpp.clang-tidy.loop-label.diag.yml -header-filter=.* --checks=-*,xilinx-label-all-loops,xilinx-aggregate-on-hls-vector,,xilinx-warn-mayneed-no-ctor-attribute -fix-errors D:/LVTN/lc3/lc3_isa/solution1/.autopilot/db/lc3.pp.0.cpp -- -std=gnu++14 -target fpga -fhls -ferror-limit=0 > D:/LVTN/lc3/lc3_isa/solution1/.autopilot/db/lc3.pp.0.cpp.clang-tidy.loop-label.out.log 2> D:/LVTN/lc3/lc3_isa/solution1/.autopilot/db/lc3.pp.0.cpp.clang-tidy.loop-label.err.log
INFO-FLOW: run_clang exec: F:/Vitis_HLS/2023.2/win64/tools/clang-3.9-csynth/bin/xilinx-dataflow-lawyer -export-fixes=D:/LVTN/lc3/lc3_isa/solution1/.autopilot/db/lc3.pp.0.cpp.xilinx-dataflow-lawyer.diag.yml D:/LVTN/lc3/lc3_isa/solution1/.autopilot/db/lc3.pp.0.cpp -- -std=gnu++14 -target fpga -fhls -ferror-limit=0 -fstrict-dataflow > D:/LVTN/lc3/lc3_isa/solution1/.autopilot/db/lc3.pp.0.cpp.xilinx-dataflow-lawyer.out.log 2> D:/LVTN/lc3/lc3_isa/solution1/.autopilot/db/lc3.pp.0.cpp.xilinx-dataflow-lawyer.err.log
Execute       ap_part_info -name xc7z020-clg400-1 -data info 
INFO-FLOW: compiling source code to llvm bc
INFO-FLOW: run_clang exec: F:/Vitis_HLS/2023.2/win64/tools/clang-3.9-csynth/bin/clang -foptimization-record-file=D:/LVTN/lc3/lc3_isa/solution1/.autopilot/db/lc3.pp.0.cpp.clang.diag.yml -mllvm -pass-remarks-missed=reflow|pasta|unroll -mllvm -pass-remarks=reflow|pasta|unroll|inline -fno-limit-debug-info -fhls -flto -fno-exceptions -Wno-error=c++11-narrowing -hls-emit-hint-scope D:/LVTN/lc3/lc3_isa/solution1/.autopilot/db/lc3.pp.0.cpp -fno-math-errno -c -emit-llvm -mllvm -disable-llvm-optzns -Werror=implicit-function-declaration -Werror=implicit-hls-streams -Werror=return-type -Wpragmas -Wunused-parameter -Wdump-hls-pragmas -Wno-error=dump-hls-pragmas -hls-clock-period=10 -fno-threadsafe-statics -fno-use-cxa-atexit -std=gnu++14 -target fpga64-xilinx-linux-gnu -D__VITIS_HLS__ -DAESL_SYN -D__SYNTHESIS__ -D__HLS_SYN__ -I F:/Vitis_HLS/2023.2/common/technology/autopilot -I F:/Vitis_HLS/2023.2/common/technology/autopilot/ap_sysc -include etc/autopilot_ssdm_op.h -D__DSP48E1__ -g -o D:/LVTN/lc3/lc3_isa/solution1/.autopilot/db/lc3.bc {-hls-platform-db-name=F:/Vitis_HLS/2023.2\common/technology\xilinx/common/platform.db} -hls-platform-name=zynq_slow -device-resource-info=BRAM_280.000000_DSP_220.000000_FF_106400.000000_LUT_53200.000000_SLICE_13300.000000_URAM_0.000000 -device-name-info=xc7z020clg400-1 > D:/LVTN/lc3/lc3_isa/solution1/.autopilot/db/lc3.pp.0.cpp.clang.out.log 2> D:/LVTN/lc3/lc3_isa/solution1/.autopilot/db/lc3.pp.0.cpp.clang.err.log
INFO: [HLS 200-111] Finished Source Code Analysis and Preprocessing: CPU user time: 0 seconds. CPU system time: 0 seconds. Elapsed time: 0.67 seconds; current allocated memory: 212.000 MB.
INFO-FLOW: Linking Debug ...
INFO-FLOW: Linking dut bc code.
Execute       run_link_or_opt -out D:/LVTN/lc3/lc3_isa/solution1/.autopilot/db/a.g.ld.0.bc -args  "D:/LVTN/lc3/lc3_isa/solution1/.autopilot/db/lc3.g.bc"  
INFO-FLOW: run_clang exec: F:/Vitis_HLS/2023.2/win64/tools/clang-3.9-csynth/bin/llvm-link D:/LVTN/lc3/lc3_isa/solution1/.autopilot/db/lc3.g.bc -o D:/LVTN/lc3/lc3_isa/solution1/.autopilot/db/a.g.ld.0.bc > D:/LVTN/lc3/lc3_isa/solution1/.autopilot/db/a.g.ld.0.bc.llvm-link.out.log 2> D:/LVTN/lc3/lc3_isa/solution1/.autopilot/db/a.g.ld.0.bc.llvm-link.err.log
INFO-FLOW: 
Execute       run_link_or_opt -opt -out D:/LVTN/lc3/lc3_isa/solution1/.autopilot/db/a.g.ld.1.lower.bc -args D:/LVTN/lc3/lc3_isa/solution1/.autopilot/db/a.g.ld.0.bc -reflow-lower-math-intrinsics 
INFO-FLOW: run_clang exec: F:/Vitis_HLS/2023.2/win64/tools/clang-3.9-csynth/bin/opt -pass-remarks-missed=reflow|pasta|unroll -pass-remarks=reflow|pasta|unroll|inline -pass-remarks-output=D:/LVTN/lc3/lc3_isa/solution1/.autopilot/db/a.g.ld.1.lower.bc.opt.diag.yml D:/LVTN/lc3/lc3_isa/solution1/.autopilot/db/a.g.ld.0.bc -reflow-lower-math-intrinsics -o D:/LVTN/lc3/lc3_isa/solution1/.autopilot/db/a.g.ld.1.lower.bc > D:/LVTN/lc3/lc3_isa/solution1/.autopilot/db/a.g.ld.1.lower.bc.opt.out.log 2> D:/LVTN/lc3/lc3_isa/solution1/.autopilot/db/a.g.ld.1.lower.bc.opt.err.log
INFO-FLOW: 
INFO-FLOW: Running: gen_design_size_report post-opt
INFO-FLOW: Done: gen_design_size_report post-opt time: 0 seconds per iteration
INFO-FLOW: Linking math bc lib
Execute       run_link_or_opt -out D:/LVTN/lc3/lc3_isa/solution1/.autopilot/db/a.g.ld.2.m1.bc -args D:/LVTN/lc3/lc3_isa/solution1/.autopilot/db/a.g.ld.1.lower.bc -only-needed F:/Vitis_HLS/2023.2/win64/lib/libhlsm_39.bc F:/Vitis_HLS/2023.2/win64/lib/libhlsmc++_39.bc 
INFO-FLOW: run_clang exec: F:/Vitis_HLS/2023.2/win64/tools/clang-3.9-csynth/bin/llvm-link D:/LVTN/lc3/lc3_isa/solution1/.autopilot/db/a.g.ld.1.lower.bc -only-needed F:/Vitis_HLS/2023.2/win64/lib/libhlsm_39.bc F:/Vitis_HLS/2023.2/win64/lib/libhlsmc++_39.bc -o D:/LVTN/lc3/lc3_isa/solution1/.autopilot/db/a.g.ld.2.m1.bc > D:/LVTN/lc3/lc3_isa/solution1/.autopilot/db/a.g.ld.2.m1.bc.llvm-link.out.log 2> D:/LVTN/lc3/lc3_isa/solution1/.autopilot/db/a.g.ld.2.m1.bc.llvm-link.err.log
INFO-FLOW: 
Command       run_link_or_opt done; 1.201 sec.
Execute       run_link_or_opt -opt -out D:/LVTN/lc3/lc3_isa/solution1/.autopilot/db/a.g.ld.3.fpc.bc -args D:/LVTN/lc3/lc3_isa/solution1/.autopilot/db/a.g.ld.2.m1.bc -reflow-globaldce -hls-top-function-name=lc3 -reflow-float-conversion 
INFO-FLOW: run_clang exec: F:/Vitis_HLS/2023.2/win64/tools/clang-3.9-csynth/bin/opt -pass-remarks-missed=reflow|pasta|unroll -pass-remarks=reflow|pasta|unroll|inline -pass-remarks-output=D:/LVTN/lc3/lc3_isa/solution1/.autopilot/db/a.g.ld.3.fpc.bc.opt.diag.yml D:/LVTN/lc3/lc3_isa/solution1/.autopilot/db/a.g.ld.2.m1.bc -reflow-globaldce -hls-top-function-name=lc3 -reflow-float-conversion -o D:/LVTN/lc3/lc3_isa/solution1/.autopilot/db/a.g.ld.3.fpc.bc > D:/LVTN/lc3/lc3_isa/solution1/.autopilot/db/a.g.ld.3.fpc.bc.opt.out.log 2> D:/LVTN/lc3/lc3_isa/solution1/.autopilot/db/a.g.ld.3.fpc.bc.opt.err.log
INFO-FLOW: 
INFO-FLOW: Running: gen_design_size_report post-opt
INFO-FLOW: Done: gen_design_size_report post-opt time: 0 seconds per iteration
Command       run_link_or_opt done; 0.538 sec.
Execute       run_link_or_opt -out D:/LVTN/lc3/lc3_isa/solution1/.autopilot/db/a.g.ld.4.m2.bc -args D:/LVTN/lc3/lc3_isa/solution1/.autopilot/db/a.g.ld.3.fpc.bc -only-needed F:/Vitis_HLS/2023.2/win64/lib/libfloatconversion_39.bc 
INFO-FLOW: run_clang exec: F:/Vitis_HLS/2023.2/win64/tools/clang-3.9-csynth/bin/llvm-link D:/LVTN/lc3/lc3_isa/solution1/.autopilot/db/a.g.ld.3.fpc.bc -only-needed F:/Vitis_HLS/2023.2/win64/lib/libfloatconversion_39.bc -o D:/LVTN/lc3/lc3_isa/solution1/.autopilot/db/a.g.ld.4.m2.bc > D:/LVTN/lc3/lc3_isa/solution1/.autopilot/db/a.g.ld.4.m2.bc.llvm-link.out.log 2> D:/LVTN/lc3/lc3_isa/solution1/.autopilot/db/a.g.ld.4.m2.bc.llvm-link.err.log
INFO-FLOW: 
Execute       run_link_or_opt -opt -out D:/LVTN/lc3/lc3_isa/solution1/.autopilot/db/a.g.ld.5.gdce.bc -args D:/LVTN/lc3/lc3_isa/solution1/.autopilot/db/a.g.ld.4.m2.bc -reflow-globaldce -hls-top-function-name=lc3 
INFO-FLOW: run_clang exec: F:/Vitis_HLS/2023.2/win64/tools/clang-3.9-csynth/bin/opt -pass-remarks-missed=reflow|pasta|unroll -pass-remarks=reflow|pasta|unroll|inline -pass-remarks-output=D:/LVTN/lc3/lc3_isa/solution1/.autopilot/db/a.g.ld.5.gdce.bc.opt.diag.yml D:/LVTN/lc3/lc3_isa/solution1/.autopilot/db/a.g.ld.4.m2.bc -reflow-globaldce -hls-top-function-name=lc3 -o D:/LVTN/lc3/lc3_isa/solution1/.autopilot/db/a.g.ld.5.gdce.bc > D:/LVTN/lc3/lc3_isa/solution1/.autopilot/db/a.g.ld.5.gdce.bc.opt.out.log 2> D:/LVTN/lc3/lc3_isa/solution1/.autopilot/db/a.g.ld.5.gdce.bc.opt.err.log
INFO-FLOW: 
INFO-FLOW: Running: gen_design_size_report post-opt
INFO-FLOW: Done: gen_design_size_report post-opt time: 0 seconds per iteration
Execute       send_msg_by_id INFO @200-777@%s Vivado 
INFO: [HLS 200-777] Using interface defaults for 'Vivado' flow target.
Execute       is_m_axi_addr64 
INFO-FLOW: Doing LTO.
INFO-FLOW: run_clang (background poll_ms 5000) exec: F:/Vitis_HLS/2023.2/win64/tools/clang-3.9-csynth/bin/clang -foptimization-record-file=D:/LVTN/lc3/lc3_isa/solution1/.autopilot/db/a.g.ld.0.bc.clang.reflow.diag.yml -mllvm -pass-remarks-missed=reflow|pasta|unroll -mllvm -pass-remarks=reflow|pasta|unroll|inline -fhls -mllvm -hls-top-function-name=lc3 -mllvm -hls-db-dir -mllvm D:/LVTN/lc3/lc3_isa/solution1/.autopilot/db -emit-llvm -c -target fpga64-xilinx-none -mllvm -xcl-xmlinfo=D:/LVTN/lc3/lc3_isa/solution1/.autopilot/db/kernel.internal.xml -mllvm -top-io-mapping-info=D:/LVTN/lc3/lc3_isa/solution1/.autopilot/db/top-io-fe.xml -mllvm -hls-bitcode-version=3.1 -mllvm -reflow-enable-slave-interface-default-setting=true -mllvm -gen-kernel-xml=false -mllvm -default-maxi-offset=slave -mllvm -maxi-latency=0 -mllvm -hls-maxi-data-size-in-bits=8 -mllvm -hls-maxi-max-data-size-in-bits=1024 -mllvm -hls-max-widen-size-in-bits=0 -mllvm -xcl-kernel-max-mem-ports=0 -mllvm -maxi-read-trans=16 -mllvm -maxi-write-trans=16 -mllvm -maxi-read-burst-len=16 -mllvm -maxi-write-burst-len=16 -mllvm -reflow-enable-saxi-64bits=0 -mllvm -reflow-basic-block-instr-threshold=200000 -mllvm -reflow-auto-pipeline-threshold=64 -mllvm -reflow-enable-maxi-auto-id-channel=0 -mllvm -enable-fp-thr=0 -mllvm -reflow-bdd-simplify-threshold=1048576 -mllvm -reflow-fanout-threshold=16 -mllvm -assume-maxi-align=1 -mllvm -reflow-pipeline-style-llvm-setting=2 -mllvm -reflow-enable-dataflow-strict-mode-checking=1 -ftime-report -mllvm -time-passes -mllvm -reflow-auto-array-partition-mode=default -mllvm -reflow-enable-auto-array-partition=true -mllvm -reflow-enable-auto-parallel-performance-driven=true -mllvm -reflow-enable-partition-for-automation=true -mllvm -reflow-aggregate-bitwidth-threshold=4096 -mllvm -reflow-reserved-saxilite-registers=0 -mllvm -enable-reflow-auto-loop-pipeline -mllvm -reflow-max-unroll-threshold=409600 -mllvm -reflow-assume-no-address-wrap=true -mllvm -reflow-enable-occurrence-inference=true -mllvm -reflow-emit-hint-scope=true -mllvm -hls -mllvm -disable-inlined-alloca-merging=true -mllvm -default-clock-period=10 -x ir D:/LVTN/lc3/lc3_isa/solution1/.autopilot/db/a.g.ld.5.gdce.bc -o D:/LVTN/lc3/lc3_isa/solution1/.autopilot/db/a.g.lto.bc {-hls-platform-db-name=F:/Vitis_HLS/2023.2\common/technology\xilinx/common/platform.db} -hls-platform-name=zynq_slow -device-resource-info=BRAM_280.000000_DSP_220.000000_FF_106400.000000_LUT_53200.000000_SLICE_13300.000000_URAM_0.000000 -device-name-info=xc7z020clg400-1 2> D:/LVTN/lc3/lc3_isa/solution1/.autopilot/db/a.g.ld.0.bc.clang.reflow.err.log bg_poll_cmd: ::AP::poll_clang_39_closed_source
Execute       send_msg_by_id INFO @200-1995@%s%s%s 556 Compile/Link D:/LVTN/lc3/lc3_isa/solution1/syn/report/csynth_design_size.rpt 
INFO: [HLS 200-1995] There were 556 instructions in the design after the 'Compile/Link' phase of compilation. See the Design Size Report for more details: D:/LVTN/lc3/lc3_isa/solution1/syn/report/csynth_design_size.rpt
Execute       send_msg_by_id INFO @200-1995@%s%s%s 490 Unroll/Inline (step 1) D:/LVTN/lc3/lc3_isa/solution1/syn/report/csynth_design_size.rpt 
INFO: [HLS 200-1995] There were 490 instructions in the design after the 'Unroll/Inline (step 1)' phase of compilation. See the Design Size Report for more details: D:/LVTN/lc3/lc3_isa/solution1/syn/report/csynth_design_size.rpt
Execute       send_msg_by_id INFO @200-1995@%s%s%s 468 Unroll/Inline (step 2) D:/LVTN/lc3/lc3_isa/solution1/syn/report/csynth_design_size.rpt 
INFO: [HLS 200-1995] There were 468 instructions in the design after the 'Unroll/Inline (step 2)' phase of compilation. See the Design Size Report for more details: D:/LVTN/lc3/lc3_isa/solution1/syn/report/csynth_design_size.rpt
Execute       send_msg_by_id INFO @200-1995@%s%s%s 468 Unroll/Inline (step 3) D:/LVTN/lc3/lc3_isa/solution1/syn/report/csynth_design_size.rpt 
INFO: [HLS 200-1995] There were 468 instructions in the design after the 'Unroll/Inline (step 3)' phase of compilation. See the Design Size Report for more details: D:/LVTN/lc3/lc3_isa/solution1/syn/report/csynth_design_size.rpt
Execute       send_msg_by_id INFO @200-1995@%s%s%s 450 Unroll/Inline (step 4) D:/LVTN/lc3/lc3_isa/solution1/syn/report/csynth_design_size.rpt 
INFO: [HLS 200-1995] There were 450 instructions in the design after the 'Unroll/Inline (step 4)' phase of compilation. See the Design Size Report for more details: D:/LVTN/lc3/lc3_isa/solution1/syn/report/csynth_design_size.rpt
Execute       send_msg_by_id INFO @200-1995@%s%s%s 450 Array/Struct (step 1) D:/LVTN/lc3/lc3_isa/solution1/syn/report/csynth_design_size.rpt 
INFO: [HLS 200-1995] There were 450 instructions in the design after the 'Array/Struct (step 1)' phase of compilation. See the Design Size Report for more details: D:/LVTN/lc3/lc3_isa/solution1/syn/report/csynth_design_size.rpt
Execute       send_msg_by_id INFO @200-1995@%s%s%s 450 Array/Struct (step 2) D:/LVTN/lc3/lc3_isa/solution1/syn/report/csynth_design_size.rpt 
INFO: [HLS 200-1995] There were 450 instructions in the design after the 'Array/Struct (step 2)' phase of compilation. See the Design Size Report for more details: D:/LVTN/lc3/lc3_isa/solution1/syn/report/csynth_design_size.rpt
Execute       send_msg_by_id INFO @200-1995@%s%s%s 450 Array/Struct (step 3) D:/LVTN/lc3/lc3_isa/solution1/syn/report/csynth_design_size.rpt 
INFO: [HLS 200-1995] There were 450 instructions in the design after the 'Array/Struct (step 3)' phase of compilation. See the Design Size Report for more details: D:/LVTN/lc3/lc3_isa/solution1/syn/report/csynth_design_size.rpt
Execute       send_msg_by_id INFO @200-1995@%s%s%s 450 Array/Struct (step 4) D:/LVTN/lc3/lc3_isa/solution1/syn/report/csynth_design_size.rpt 
INFO: [HLS 200-1995] There were 450 instructions in the design after the 'Array/Struct (step 4)' phase of compilation. See the Design Size Report for more details: D:/LVTN/lc3/lc3_isa/solution1/syn/report/csynth_design_size.rpt
Execute       send_msg_by_id INFO @200-1995@%s%s%s 450 Array/Struct (step 5) D:/LVTN/lc3/lc3_isa/solution1/syn/report/csynth_design_size.rpt 
INFO: [HLS 200-1995] There were 450 instructions in the design after the 'Array/Struct (step 5)' phase of compilation. See the Design Size Report for more details: D:/LVTN/lc3/lc3_isa/solution1/syn/report/csynth_design_size.rpt
Execute       send_msg_by_id INFO @200-1995@%s%s%s 450 Performance (step 1) D:/LVTN/lc3/lc3_isa/solution1/syn/report/csynth_design_size.rpt 
INFO: [HLS 200-1995] There were 450 instructions in the design after the 'Performance (step 1)' phase of compilation. See the Design Size Report for more details: D:/LVTN/lc3/lc3_isa/solution1/syn/report/csynth_design_size.rpt
Execute       send_msg_by_id INFO @200-1995@%s%s%s 450 Performance (step 2) D:/LVTN/lc3/lc3_isa/solution1/syn/report/csynth_design_size.rpt 
INFO: [HLS 200-1995] There were 450 instructions in the design after the 'Performance (step 2)' phase of compilation. See the Design Size Report for more details: D:/LVTN/lc3/lc3_isa/solution1/syn/report/csynth_design_size.rpt
Execute       send_msg_by_id INFO @200-1995@%s%s%s 450 Performance (step 3) D:/LVTN/lc3/lc3_isa/solution1/syn/report/csynth_design_size.rpt 
INFO: [HLS 200-1995] There were 450 instructions in the design after the 'Performance (step 3)' phase of compilation. See the Design Size Report for more details: D:/LVTN/lc3/lc3_isa/solution1/syn/report/csynth_design_size.rpt
Execute       send_msg_by_id INFO @200-1995@%s%s%s 450 Performance (step 4) D:/LVTN/lc3/lc3_isa/solution1/syn/report/csynth_design_size.rpt 
INFO: [HLS 200-1995] There were 450 instructions in the design after the 'Performance (step 4)' phase of compilation. See the Design Size Report for more details: D:/LVTN/lc3/lc3_isa/solution1/syn/report/csynth_design_size.rpt
Execute       send_msg_by_id INFO @200-1995@%s%s%s 484 HW Transforms (step 1) D:/LVTN/lc3/lc3_isa/solution1/syn/report/csynth_design_size.rpt 
INFO: [HLS 200-1995] There were 484 instructions in the design after the 'HW Transforms (step 1)' phase of compilation. See the Design Size Report for more details: D:/LVTN/lc3/lc3_isa/solution1/syn/report/csynth_design_size.rpt
Execute       send_msg_by_id INFO @200-1995@%s%s%s 485 HW Transforms (step 2) D:/LVTN/lc3/lc3_isa/solution1/syn/report/csynth_design_size.rpt 
INFO: [HLS 200-1995] There were 485 instructions in the design after the 'HW Transforms (step 2)' phase of compilation. See the Design Size Report for more details: D:/LVTN/lc3/lc3_isa/solution1/syn/report/csynth_design_size.rpt
INFO-FLOW: DBG:PUTS: copy_raw_kernel_xml ap_link_39: kernel.xml not generated: D:/LVTN/lc3/lc3_isa/solution1/.autopilot/db/kernel.internal.xml
INFO: [HLS 200-111] Finished Compiling Optimization and Transform: CPU user time: 0 seconds. CPU system time: 0 seconds. Elapsed time: 7.18 seconds; current allocated memory: 214.152 MB.
INFO: [HLS 200-111] Finished Checking Pragmas: CPU user time: 0 seconds. CPU system time: 0 seconds. Elapsed time: 0.001 seconds; current allocated memory: 214.152 MB.
Execute       opt_and_import_c a -opt_level=2 -skip_syncheck=0 -ng=0 -keep_printf=0 
Execute         cleanup_all_models 
INFO: [HLS 200-10] Starting code transformations ...
INFO-FLOW: Running Standard Transforms...
Execute         transform -hls -share-std-xform -demangle-name -inline-byval-memcpy -always-inline -promote-dbg-pointer -interface-preproc -mem2reg -scalarrepl -mem2reg -keep-read-access -instcombine -dce -promote-dbg-pointer -bitop-raise -loop-simplify -indvarspre -indvars -loop-simplify -xunroll -constprop -instcombine -simplifycfg -indvars -simplifycfg -dce -globaldce -basicaa -simplifycfg -mem2reg -globalopt -global-constprop -deadargelim -instcombine -simplifycfg -scalarrepl -instcombine -reassociate -licm -simplifycfg -loop-simplify -indvars -instcombine -simplifycfg -mem2reg -loop-simplify -indvars -instcombine -gvn -gvn -instcombine -adce -break-crit-edges -simplifycfg -loop-delete -global-array-opt -dce -dse -adce -find-syn-modules -top lc3 -deadargelim -mem2reg -instcombine -dce -presyn-prepare -interface-preproc -syn-check -check-rec-only -find-region -simplifycfg -func-extr -function-inline -globaldce -mem2reg -instcombine -dce -gvn -globaldce -adce -adse -constprop -instcombine -bit-constprop -instcombine -dce -simplifycfg -bitop-raise -simplifycfg -dce -loop-delete -reassociate -globalopt -global-privatize -mem2reg -dce -global-constprop -pointer-simplify -constprop -dce -auto-shift-reg-idiom -promote-dbg-pointer -norm-name D:/LVTN/lc3/lc3_isa/solution1/.autopilot/db/a.g.0.bc -o D:/LVTN/lc3/lc3_isa/solution1/.autopilot/db/a.g.1.bc -f -phase std-opt 
INFO: [HLS 200-111] Finished Standard Transforms: CPU user time: 0 seconds. CPU system time: 0 seconds. Elapsed time: 0.061 seconds; current allocated memory: 219.312 MB.
INFO: [HLS 200-10] Checking synthesizability ...
INFO-FLOW: Checking Synthesizability 1/2..
Execute         transform -hls -syn-check -check-rec-only -scalarrepl -norm-name -dce -mem2reg -instcombine -directive-preproc -mem2reg -dse -dce -dce -pag -array-normalize -instcombine -dce -array-seg-normalize -instcombine -dce -data-pack -instcombine -dce -inst-simplify -array-flatten -instcombine -dce -array-burst -dce -deadargelim -promote-global-argument -simplifycfg -mem2reg -globaldce -dce -deadargelim -dce -instcombine -function-inline -globaldce -dce -doublePtrSimplify -doublePtrElim -dce -doublePtrSimplify -promote-dbg-pointer -dce -scalarrepl -dse -adse -instcombine -ptrLegalization -simplifycfg -dce -instcombine -pointer-simplify -ptrArgReplace -dce -instcombine -resolve-double-ptr -scalarrepl -norm-name -dce -mem2reg -instcombine -ptrLegalization -simplifycfg -deadargelim -instcombine -dce -inst-simplify -directive-preproc -mem2reg -dse -dce -globaldce D:/LVTN/lc3/lc3_isa/solution1/.autopilot/db/a.g.1.bc -o D:/LVTN/lc3/lc3_isa/solution1/.autopilot/db/a.g.2.prechk.bc -f 
INFO-FLOW: Checking Synthesizability 2/2..
Execute         transform -syn-check D:/LVTN/lc3/lc3_isa/solution1/.autopilot/db/a.g.2.prechk.bc -o D:/LVTN/lc3/lc3_isa/solution1/.autopilot/db/a.g.2.bc -f -phase syn-check 
INFO: [HLS 200-111] Finished Checking Synthesizability: CPU user time: 0 seconds. CPU system time: 0 seconds. Elapsed time: 0.048 seconds; current allocated memory: 221.145 MB.
INFO-FLOW: Compiler optimizing ...
INFO-FLOW: Share syncheck's 1.bc for syn flow: copy D:/LVTN/lc3/lc3_isa/solution1/.autopilot/db/a.g.1.bc to D:/LVTN/lc3/lc3_isa/solution1/.autopilot/db/a.o.1.bc
INFO-FLOW: Presyn 1...
Execute         transform -hls -tmp D:/LVTN/lc3/lc3_isa/solution1/.autopilot/db -interface-port-rename -directive-preproc -mem2reg -dse -dce -scalarrepl -norm-name -deadargelim -mem2reg -instcombine -dce -simplifycfg -dce -resource-proc -clib-intrinsic-prepare -dce -func-buffer -dce -pag -array-normalize -func-legal -instcombine -gvn -constprop -dce -simplifycfg -mem2reg -globaldce -resolve-double-ptr -dce -deadargelim -dce -instcombine -ptrArgReplace -mem2reg -dce -array-seg-normalize -deadargelim -instcombine -dce -directive-preproc -mem2reg -dse -dce -pointer-simplify -dce -port-alignment -dce -interface-preproc -data-pack -instcombine -dce -basicaa -aggr-aa -aggrmodref-aa -aggr-aa -gvn -gvn -basicaa -aggr-aa -aggrmodref-aa -aggr-aa -dse -adse -adce -loop-simplify -indvars -instcombine -gvn -loop-simplify -mem2reg -dce -find-region -instcombine -inst-simplify -interface-preproc -cfgopt -instcombine -indvars -auto-loop-unroll -loop-simplify -loop-bound -xunroll -constprop -instcombine -simplifycfg -indvars -simplifycfg -dce -globaldce -clean-region -attach-range -gvn -inst-simplify -constprop -simplifycfg -dce -pointer-simplify -dce -globalopt -constprop -dce -array-promote -scalar-auto-dep-elim -constprop -dce -ptrArgReplace -mem2reg -simplifycfg -dce -instcombine -dce -array-transform-check -array-reshape -instcombine -simplifycfg -dce -ptrArgReplace -deadargelim -mem2reg -instcombine -simplifycfg -dce -indvars -loop-simplify -loop-bound -xunroll -constprop -instcombine -simplifycfg -indvars -simplifycfg -dce -globaldce -basicaa -aggr-aa -aggrmodref-aa -aggr-aa -dse -duplicate-dataflow-processes -globaldce -instcombine -array-partition -prepare-dynamic-array-partition -instcombine -simplifycfg -dce -ptrArgReplace -global-constprop -deadargelim -mem2reg -func-legal -dce -global-constprop -deadargelim -mem2reg -simplifycfg -dce -merge-param -deadargelim -globalopt -constprop -dce -array-promote -scalar-auto-dep-elim -constprop -dce -ptrArgReplace -mem2reg -simplifycfg -dce -mem-intrinsic-preproc -dce -global-internalize -global-privatize -mem2reg -globaldce -promote-global-argument -ptrArgReplace -mem2reg -dce -globalopt -mergereturn -simplify-global-access -mem2reg -dce -pointer-simplify -dce -functionattrs -basicaa -aggr-aa -aggrmodref-aa -aggr-aa -gvn -gvn -basicaa -aggr-aa -aggrmodref-aa -aggr-aa -dse -adse -adce -dce -norm-name -basicaa -aggr-aa -aggrmodref-aa -aggr-aa -accesses-merge -function-inline -complex-op-raise -inst-simplify -globaldce -func-legal -dce -loop-bound -arraycheck -bitwidthmin2 -bitwidthmin2 -on-by-dataflow -loop-delete -instcombine -simplifycfg -globaldce -dce -gvn -deadargelim -dce -loop-simplify -clean-region -simplifycfg -propagate-stable-arguments -loop-stream -instcombine -simplifycfg -dce -globaldce -duplicate-dataflow-processes -stream-intrinsic-preproc -dce -check-ap-stream -loop-simplify -eliminate-keepreads -extract-dataflow-in-loop -loop-simplify -dce -gvn -deadargelim -dse -duplicate-dataflow-processes -check-dataflow-syntax -legalize-stream-variable -globaldce -legalize-global -extract-subproc -dce -dead-channel-elimination -canonicalize-gep -globaldce -dce -gvn -hls-dead-arg-elim -deadargelim -directive-preproc -canonicalize-dataflow -dce -globaldce -scalar-preprocessing -scalar-propagation2 -scalar-stream -deadargelim -globaldce -mem2reg -check-dataflow-channels -function-stream -dce -globaldce -prop-fifo-spec -internal-stream-gen -canonicalize-gep -globaldce -dce -gvn -deadargelim -mergereturn -indvars -loop-simplify -instcombine -array-stream -array-seg-normalize -array-partition -clean-array-spec -func-legal -instcombine -simplifycfg -dce -bundle-memfifo-ops -deadargelim -directive-preproc -mem2reg -dse -dce -group-axi-access -licm -simplifycfg -dce -loop-delete -hls-display -norm-name D:/LVTN/lc3/lc3_isa/solution1/.autopilot/db/a.o.1.bc -o D:/LVTN/lc3/lc3_isa/solution1/.autopilot/db/a.o.1.tmp.bc -f 
INFO-FLOW: Presyn 2...
Execute         transform -hls -keep-callgraph -scalarrepl -mem2reg -port-alignment -attach-range -dce -pipe-mux-gen -indvars -loop-bound -inst-simplify -instcombine -dce -merge-array-access -mem2reg -dce -clean-region -mergereturn -if-conv -instcombine -dce -constprop -basicaa -aggr-aa -aggrmodref-aa -aggr-aa -gvn -gvn -basicaa -aggr-aa -aggrmodref-aa -aggr-aa -dse -adse -adce -scalarrepl -mem2reg -global-constprop -deadargelim -deadargelim -instcombine -dce -simplifycfg -ptrArgReplace -mem2reg -function-inline -globaldce -mem2reg -instcombine -dce -expr-balance -instcombine -dce -bitwidthmin2 -bitwidthmin2 -interface-preproc -directive-preproc -inst-rectify -instcombine -dce -functionattrs -constprop -instcombine -bit-constprop -simplify-global-access -globalopt -globaldce -inst-simplify -instcombine -elimdeaddata -dce -loop-delete -simplifycfg -loop-simplify -barrier -norm-name D:/LVTN/lc3/lc3_isa/solution1/.autopilot/db/a.o.1.tmp.bc -o D:/LVTN/lc3/lc3_isa/solution1/.autopilot/db/a.o.2.bc -f -phase presyn 
INFO: [XFORM 203-401] Performing if-conversion on hyperblock from (lc3.cpp:45:9) to (lc3.cpp:57:16) in function 'lc3'... converting 3 basic blocks.
INFO: [XFORM 203-401] Performing if-conversion on hyperblock from (lc3.cpp:73:9) to (lc3.cpp:85:16) in function 'lc3'... converting 3 basic blocks.
INFO: [HLS 200-111] Finished Loop, function and other optimizations: CPU user time: 0 seconds. CPU system time: 1 seconds. Elapsed time: 0.124 seconds; current allocated memory: 243.215 MB.
INFO-FLOW: Building ssdm...
Execute         transform -hls -auto-function-inline -globaldce -ptrArgReplace -mem2reg -dce -reset-lda -loop-simplify -indvars -aggr-aa -licm -loop-dep -loop-bound -licm -loop-simplify -loop-sink-hoist -flattenloopnest -array-flatten -gvn -instcombine -dce -array-map -dce -func-legal -gvn -adce -instcombine -cfgopt -simplifycfg-lite -loop-simplify -array-burst -promote-global-argument -dce -array-seg-normalize -basicaa -aggrmodref-aa -globalsmodref-aa -aggr-aa -gvn -gvn -basicaa -aggrmodref-aa -globalsmodref-aa -aggr-aa -dse -adse -adce -licm -inst-simplify -dce -globaldce -instcombine -array-stream -eliminate-keepreads -instcombine -dce -deadargelim -doublePtrSimplify -doublePtrElim -dce -doublePtrSimplify -promote-dbg-pointer -dce -scalarrepl -mem2reg -norm-name -mem2reg -instcombine -dse -adse -adce -ptrLegalization -dce -array-flatten -dce -instcombine -check-doubleptr -loop-rot -constprop -cfgopt -simplifycfg-lite -loop-simplify -indvars -pointer-simplify -dce -loop-bound -loop-simplify -loop-preproc -constprop -global-constprop -gvn -mem2reg -instcombine -dce -loop-bound -loop-merge -dce -deadargelim -dce -canonicalize-dataflow -dce -deadargelim -globaldce -mem2reg -bram-byte-enable -inst-simplify -inst-rectify -instcombine -adce -deadargelim -load-elim -read-loop-dep -loop-simplify -loop-extract-inner -directive-preproc -bitwidthmin2 -bitwidthmin2 -read-loop-dep -interface-preproc -directive-preproc -interface-gen -bram-byte-enable-spec-prop -deadargelim -inst-simplify -dce -mem2reg -instcombine -gvn -dce -adse -loop-bound -instcombine -cfgopt -simplifycfg-lite -loop-simplify -clean-region -io-protocol -find-region -mem2reg -bitop-raise -complex-op-raise -inst-simplify -inst-rectify -instcombine -adce -deadargelim -float-op-raise -loop-simplify -phi-opt -bitop-raise -cfgopt -simplifycfg-lite -strip-dead-prototypes -interface-lower -bitop-lower -intrinsic-lower -auto-function-inline -basicaa -aggrmodref-aa -globalsmodref-aa -aggr-aa -inst-simplify -simplifycfg-lite -loop-simplify -mergereturn -inst-simplify -inst-rectify -globaldce -dce -load-elim -bitop-lower -float-op-raise -fma-raise -loop-rewind -pointer-simplify -dce -cfgopt -dce -loop-bound -loop-dep -read-loop-dep -dce -dyn-mem-reuse -dce -recurrence-min -dce -share-scalar-alloca -deadargelim -dce -check-stream -norm-name -legalize -validate-dataflow -inst-clarity -bitwidth -dce -dump-loop-dep-to-ir -check-all-ssdm -dump-complexity-metric -cdfg-build D:/LVTN/lc3/lc3_isa/solution1/.autopilot/db/a.o.2.bc -o D:/LVTN/lc3/lc3_isa/solution1/.autopilot/db/a.o.3.bc -f -phase build-ssdm 
Execute           auto_get_db
INFO: [HLS 200-111] Finished Architecture Synthesis: CPU user time: 0 seconds. CPU system time: 0 seconds. Elapsed time: 0.076 seconds; current allocated memory: 243.219 MB.
INFO-FLOW: Finish building internal data model.
Command       opt_and_import_c done; 0.317 sec.
Command     elaborate done; 8.189 sec.
Execute     ap_eval exec zip -j D:/LVTN/lc3/lc3_isa/solution1/.autopilot/db/dut.hcp $dbDir/a.o.3.bc $dbDir/${topname}.rtl_wrap.cfg.tcl $dbDir/apatb_${topname}.cpp $dbDir/apatb_${topname}_util.cpp $dbDir/apatb_${topname}_ir.ll $dbDir/mapper_${topname}.cpp $dbDir/top-io-fe.xml $dbDir/kernel.internal.xml $workdir/../hls.app 
Execute     autosyn -from_csynth_design=1 
INFO: [HLS 200-10] Starting hardware synthesis ...
INFO-FLOW: Synthesizing C/C++ design ...
INFO: [HLS 200-10] Synthesizing 'lc3' ...
Execute       ap_set_top_model lc3 
Execute       get_model_list lc3 -filter all-wo-channel -topdown 
Execute       preproc_iomode -model lc3 
Execute       get_model_list lc3 -filter all-wo-channel 
INFO-FLOW: Model list for configure: lc3
INFO-FLOW: Configuring Module : lc3 ...
Execute       set_default_model lc3 
Execute       apply_spec_resource_limit lc3 
INFO-FLOW: Model list for preprocess: lc3
INFO-FLOW: Preprocessing Module: lc3 ...
Execute       set_default_model lc3 
Execute       cdfg_preprocess -model lc3 
Execute       rtl_gen_preprocess lc3 
WARNING: [SYN 201-107] Renaming port name 'lc3/reg' to 'lc3/reg_r' to avoid the conflict with HDL keywords or other object names.
WARNING: [SYN 201-107] Renaming port name 'lc3/z' to 'lc3/z_r' to avoid the conflict with HDL keywords or other object names.
WARNING: [SYN 201-107] Renaming port name 'lc3/n' to 'lc3/n_r' to avoid the conflict with HDL keywords or other object names.
WARNING: [SYN 201-107] Renaming port name 'lc3/p' to 'lc3/p_r' to avoid the conflict with HDL keywords or other object names.
INFO-FLOW: Model list for synthesis: lc3
INFO: [HLS 200-10] ----------------------------------------------------------------
INFO: [HLS 200-42] -- Implementing module 'lc3' 
INFO: [HLS 200-10] ----------------------------------------------------------------
Execute       set_default_model lc3 
Execute       schedule -model lc3 
INFO: [SCHED 204-11] Starting scheduling ...
INFO: [SCHED 204-11] Finished scheduling.
INFO: [HLS 200-111] Finished Scheduling: CPU user time: 1 seconds. CPU system time: 0 seconds. Elapsed time: 0.314 seconds; current allocated memory: 246.328 MB.
Execute       syn_report -verbosereport -o D:/LVTN/lc3/lc3_isa/solution1/.autopilot/db/lc3.verbose.sched.rpt 
Execute         list_part -family xc7z020-clg400-1 
Execute           ap_family_info -name xc7z020-clg400-1 -data names 
Execute           ap_part_info -quiet -name xc7z020-clg400-1 -data family 
Execute       db_write -o D:/LVTN/lc3/lc3_isa/solution1/.autopilot/db/lc3.sched.adb -f 
INFO-FLOW: Finish scheduling lc3.
Execute       set_default_model lc3 
Execute       bind -model lc3 
INFO: [BIND 205-100] Starting micro-architecture generation ...
INFO: [BIND 205-101] Performing variable lifetime analysis.
INFO: [BIND 205-101] Exploring resource sharing.
INFO: [BIND 205-101] Binding ...
INFO: [BIND 205-100] Finished micro-architecture generation.
INFO: [HLS 200-111] Finished Binding: CPU user time: 0 seconds. CPU system time: 0 seconds. Elapsed time: 0.129 seconds; current allocated memory: 247.676 MB.
Execute       syn_report -verbosereport -o D:/LVTN/lc3/lc3_isa/solution1/.autopilot/db/lc3.verbose.bind.rpt 
Execute         list_part -family xc7z020-clg400-1 
Execute           ap_family_info -name xc7z020-clg400-1 -data names 
Execute           ap_part_info -quiet -name xc7z020-clg400-1 -data family 
Execute       db_write -o D:/LVTN/lc3/lc3_isa/solution1/.autopilot/db/lc3.bind.adb -f 
INFO-FLOW: Finish binding lc3.
Execute       get_model_list lc3 -filter all-wo-channel 
INFO-FLOW: Preprocessing for RTLGen ...
Execute       rtl_gen_preprocess lc3 
INFO-FLOW: Model list for RTL generation: lc3
INFO: [HLS 200-10] ----------------------------------------------------------------
INFO: [HLS 200-10] -- Generating RTL for module 'lc3' 
INFO: [HLS 200-10] ----------------------------------------------------------------
Execute       create_rtl_model lc3 -top_prefix  -sub_prefix lc3_ -mg_file D:/LVTN/lc3/lc3_isa/solution1/.autopilot/db/lc3.compgen.tcl 
WARNING: [RTGEN 206-101] Design contains AXI ports. Reset is fixed to synchronous and active low.
INFO: [RTGEN 206-500] Setting interface mode on port 'lc3/IR' to 's_axilite & ap_none'.
INFO: [RTGEN 206-500] Setting interface mode on port 'lc3/PC' to 's_axilite & ap_none'.
INFO: [RTGEN 206-500] Setting interface mode on port 'lc3/PC_out' to 's_axilite & ap_vld'.
INFO: [RTGEN 206-500] Setting interface mode on port 'lc3/R0' to 's_axilite & ap_vld'.
INFO: [RTGEN 206-500] Setting interface mode on port 'lc3/R1' to 's_axilite & ap_vld'.
INFO: [RTGEN 206-500] Setting interface mode on port 'lc3/R2' to 's_axilite & ap_vld'.
INFO: [RTGEN 206-500] Setting interface mode on port 'lc3/R3' to 's_axilite & ap_vld'.
INFO: [RTGEN 206-500] Setting interface mode on port 'lc3/R4' to 's_axilite & ap_vld'.
INFO: [RTGEN 206-500] Setting interface mode on port 'lc3/R5' to 's_axilite & ap_vld'.
INFO: [RTGEN 206-500] Setting interface mode on port 'lc3/R6' to 's_axilite & ap_vld'.
INFO: [RTGEN 206-500] Setting interface mode on port 'lc3/R7' to 's_axilite & ap_vld'.
INFO: [RTGEN 206-500] Setting interface mode on port 'lc3/N' to 's_axilite & ap_vld'.
INFO: [RTGEN 206-500] Setting interface mode on port 'lc3/Z' to 's_axilite & ap_vld'.
INFO: [RTGEN 206-500] Setting interface mode on port 'lc3/P' to 's_axilite & ap_vld'.
INFO: [RTGEN 206-500] Setting interface mode on port 'lc3/n1' to 's_axilite & ap_vld'.
INFO: [RTGEN 206-500] Setting interface mode on port 'lc3/p1' to 's_axilite & ap_vld'.
INFO: [RTGEN 206-500] Setting interface mode on port 'lc3/z1' to 's_axilite & ap_vld'.
INFO: [RTGEN 206-500] Setting interface mode on function 'lc3' to 'ap_ctrl_none'.
WARNING: [RTGEN 206-101] Register 'z_r' is power-on initialization.
WARNING: [RTGEN 206-101] Register 'n_r' is power-on initialization.
WARNING: [RTGEN 206-101] Register 'p_r' is power-on initialization.
INFO: [RTGEN 206-100] Bundling port 'IR', 'PC', 'PC_out', 'R0', 'R1', 'R2', 'R3', 'R4', 'R5', 'R6', 'R7', 'N', 'Z', 'P', 'n1', 'p1' and 'z1' to AXI-Lite port control.
INFO: [RTGEN 206-100] Finished creating RTL model for 'lc3'.
INFO: [RTMG 210-278] Implementing memory 'lc3_reg_r_RAM_AUTO_1R1W' using auto RAMs.
INFO: [RTMG 210-278] Implementing memory 'lc3_memory_RAM_AUTO_1R1W' using auto RAMs.
Command       create_rtl_model done; 0.503 sec.
INFO: [HLS 200-111] Finished Creating RTL model: CPU user time: 0 seconds. CPU system time: 0 seconds. Elapsed time: 0.6 seconds; current allocated memory: 251.320 MB.
Execute       source D:/LVTN/lc3/lc3_isa/solution1/.autopilot/db/lc3.rtl_wrap.cfg.tcl 
Execute       gen_rtl lc3 -istop -style xilinx -f -lang vhdl -o D:/LVTN/lc3/lc3_isa/solution1/syn/vhdl/lc3 
Execute       gen_rtl lc3 -istop -style xilinx -f -lang vlog -o D:/LVTN/lc3/lc3_isa/solution1/syn/verilog/lc3 
Execute       syn_report -csynth -model lc3 -o D:/LVTN/lc3/lc3_isa/solution1/syn/report/lc3_csynth.rpt 
Execute         list_part -family xc7z020-clg400-1 
Execute           ap_family_info -name xc7z020-clg400-1 -data names 
Execute           ap_part_info -quiet -name xc7z020-clg400-1 -data family 
Execute       syn_report -rtlxml -model lc3 -o D:/LVTN/lc3/lc3_isa/solution1/syn/report/lc3_csynth.xml 
Execute         list_part -family xc7z020-clg400-1 
Execute           ap_family_info -name xc7z020-clg400-1 -data names 
Execute           ap_part_info -quiet -name xc7z020-clg400-1 -data family 
Execute       syn_report -verbosereport -model lc3 -o D:/LVTN/lc3/lc3_isa/solution1/.autopilot/db/lc3.verbose.rpt 
Execute         list_part -family xc7z020-clg400-1 
Execute           ap_family_info -name xc7z020-clg400-1 -data names 
Execute           ap_part_info -quiet -name xc7z020-clg400-1 -data family 
Execute       db_write -model lc3 -f -o D:/LVTN/lc3/lc3_isa/solution1/.autopilot/db/lc3.adb 
Execute       db_write -model lc3 -bindview -o D:/LVTN/lc3/lc3_isa/solution1/.autopilot/db/design.bindinfo.xml 
Execute       gen_tb_info lc3 -p D:/LVTN/lc3/lc3_isa/solution1/.autopilot/db -o D:/LVTN/lc3/lc3_isa/solution1/.autopilot/db/lc3 
Execute       export_constraint_db -f -tool general -o D:/LVTN/lc3/lc3_isa/solution1/.autopilot/db/lc3.constraint.tcl 
Execute       syn_report -designview -model lc3 -o D:/LVTN/lc3/lc3_isa/solution1/.autopilot/db/lc3.design.xml 
Execute       syn_report -csynthDesign -model lc3 -o D:/LVTN/lc3/lc3_isa/solution1/syn/report/csynth.rpt -MHOut D:/LVTN/lc3/lc3_isa/solution1/.autopilot/db/kernel_module_hierarchy.tcl 
Execute         list_part -family xc7z020-clg400-1 
Execute           ap_family_info -name xc7z020-clg400-1 -data names 
Execute           ap_part_info -quiet -name xc7z020-clg400-1 -data family 
Execute       syn_report -wcfg -model lc3 -o D:/LVTN/lc3/lc3_isa/solution1/.autopilot/db/lc3_dataflow_ana.wcfg 
Execute       syn_report -protoinst -model lc3 -o D:/LVTN/lc3/lc3_isa/solution1/.autopilot/db/lc3.protoinst 
Execute       sc_get_clocks lc3 
Execute       sc_get_portdomain lc3 
INFO-FLOW: Model list for RTL component generation: lc3
INFO-FLOW: Handling components in module [lc3] ... 
Execute       source D:/LVTN/lc3/lc3_isa/solution1/.autopilot/db/lc3.compgen.tcl 
INFO-FLOW: Found component lc3_reg_r_RAM_AUTO_1R1W.
INFO-FLOW: Append model lc3_reg_r_RAM_AUTO_1R1W
INFO-FLOW: Found component lc3_memory_RAM_AUTO_1R1W.
INFO-FLOW: Append model lc3_memory_RAM_AUTO_1R1W
INFO-FLOW: Found component lc3_control_s_axi.
INFO-FLOW: Append model lc3_control_s_axi
INFO-FLOW: Append model lc3
INFO-FLOW: Generating RTL model list ...
INFO-FLOW: All models in this session: lc3_reg_r_RAM_AUTO_1R1W lc3_memory_RAM_AUTO_1R1W lc3_control_s_axi lc3
INFO-FLOW: Generating D:/LVTN/lc3/lc3_isa/solution1/.autopilot/db/autopilot.rtl.models.txt file...
INFO-FLOW: To file: write model lc3_reg_r_RAM_AUTO_1R1W
INFO-FLOW: To file: write model lc3_memory_RAM_AUTO_1R1W
INFO-FLOW: To file: write model lc3_control_s_axi
INFO-FLOW: To file: write model lc3
INFO-FLOW: Generating D:/LVTN/lc3/lc3_isa/solution1/.autopilot/db/autopilot.rtl.models.tcl file...
INFO-FLOW: Finished generating RTL model list.


INFO-FLOW: RTL Generation done.
INFO-FLOW: CAS Generation done.
INFO-FLOW: CBC Generation done.
INFO-FLOW: DBG:PROC: ::AESL_AUTOMG::auto_generate_csynth_design
INFO-FLOW: DBG:PUTS: read_platform_lib D:/LVTN/lc3/lc3_isa/solution1/.autopilot/db/global.setting.tcl
Execute       source F:/Vitis_HLS/2023.2/common/technology/generic/autopilot/common.gen 
Execute         source F:/Vitis_HLS/2023.2/common/technology/generic/autopilot/APCoreGen.gen 
Execute       source F:/Vitis_HLS/2023.2/common/technology/generic/autopilot/op.gen 
Execute       source F:/Vitis_HLS/2023.2/common/technology/generic/autopilot/op_simcore.gen 
Execute       source F:/Vitis_HLS/2023.2/common/technology/generic/autopilot/interface.gen 
Execute       source D:/LVTN/lc3/lc3_isa/solution1/.autopilot/db/global.setting.tcl 
Execute       source F:/Vitis_HLS/2023.2/common/technology/xilinx/common/xilinx.gen 
Execute         source F:/Vitis_HLS/2023.2/common/technology/xilinx/interface/plb46.gen 
Execute         source F:/Vitis_HLS/2023.2/common/technology/xilinx/interface/axi4.gen 
Execute         source F:/Vitis_HLS/2023.2/common/technology/xilinx/interface/nativeAXI4.gen 
Execute           source F:/Vitis_HLS/2023.2/common/technology/xilinx/interface/saxilite.gen 
Execute         source F:/Vitis_HLS/2023.2/common/technology/xilinx/scripts/xilinxcoregen.gen 
Execute         source F:/Vitis_HLS/2023.2/common/technology/xilinx/interface/XilEDKCoreGen.gen 
Execute         source F:/Vitis_HLS/2023.2/common/technology/xilinx/ip/dds_compiler.gen 
Execute         source F:/Vitis_HLS/2023.2/common/technology/xilinx/ip/util.gen 
Execute         source F:/Vitis_HLS/2023.2/common/technology/xilinx/ip/xfft.gen 
Execute         source F:/Vitis_HLS/2023.2/common/technology/xilinx/ip/xfir.gen 
Execute         source F:/Vitis_HLS/2023.2/common/technology/xilinx/DSP48/dsp48.gen 
INFO-FLOW: DBG:PUTS:   using AESL_AUTOCG::g_clock_period=10.000 (was NA)
INFO-FLOW: DBG:PROC: ::AESL_AUTOMG::generate_ip_cores gen_sim_model='1' gen_fp_models='0' gen_for_export='0' dstSCDir='' dstVhdlDir='D:/LVTN/lc3/lc3_isa/solution1/.autopilot/db/vhdl' dstVlogDir='D:/LVTN/lc3/lc3_isa/solution1/.autopilot/db/vlog' tclDir='D:/LVTN/lc3/lc3_isa/solution1/.autopilot/db' modelList='lc3_reg_r_RAM_AUTO_1R1W
lc3_memory_RAM_AUTO_1R1W
lc3_control_s_axi
lc3
' expOnly='0'
Execute       source D:/LVTN/lc3/lc3_isa/solution1/.autopilot/db/global.setting.tcl 
Execute       ap_part_info -name xc7z020-clg400-1 -data names -quiet 
Execute       ap_part_info -name xc7z020-clg400-1 -data info -quiet 
Execute       source D:/LVTN/lc3/lc3_isa/solution1/.autopilot/db/global.setting.tcl 
Execute       source D:/LVTN/lc3/lc3_isa/solution1/.autopilot/db/global.setting.tcl 
Execute       source D:/LVTN/lc3/lc3_isa/solution1/.autopilot/db/lc3.compgen.tcl 
Execute         source ./control.slave.tcl 
INFO: [HLS 200-111] Finished Generating all RTL models: CPU user time: 0 seconds. CPU system time: 0 seconds. Elapsed time: 0.461 seconds; current allocated memory: 259.801 MB.
INFO-FLOW: DBG:PROC: ::HLSREPORTS::create_csynth_xml bind_info_var='bind_info' RtlSubPrefix='lc3_' outfile=''
INFO-FLOW: Running: create_csynth_xml read xml data
INFO-FLOW: Done: create_csynth_xml read xml data time: 0 seconds per iteration
INFO-FLOW: Running: create_csynth_xml bind info
INFO-FLOW: Done: create_csynth_xml bind info time: 0 seconds per iteration
INFO-FLOW: Running: create_csynth_xml config info
INFO-FLOW: Done: create_csynth_xml config info time: 0.1 seconds per iteration
INFO-FLOW: Running: create_csynth_xml write xml
INFO-FLOW: Done: create_csynth_xml write xml time: 0 seconds per iteration
INFO-FLOW: DBG:PUTS:      create_csynth_xml wrote csynth_xml=D:/LVTN/lc3/lc3_isa/solution1/syn/report/csynth.xml
INFO-FLOW: DBG:PROC: ::AP::DESIGN_DATA::generate_json generate_bd_files='0' generate_xo_files='0' modelList='lc3_reg_r_RAM_AUTO_1R1W
lc3_memory_RAM_AUTO_1R1W
lc3_control_s_axi
lc3
' rtl_lang='both' bootstrap_tcl='false' outdir='' outfilename=''
Execute       source D:/LVTN/lc3/lc3_isa/solution1/.autopilot/db/global.setting.tcl 
Execute       source D:/LVTN/lc3/lc3_isa/solution1/.autopilot/db/global.setting.tcl 
Execute       source D:/LVTN/lc3/lc3_isa/solution1/.autopilot/db/top-io-be.tcl 
Execute       source D:/LVTN/lc3/lc3_isa/solution1/.autopilot/db/lc3.tbgen.tcl 
Execute       source D:/LVTN/lc3/lc3_isa/solution1/.autopilot/db/lc3.compgen.dataonly.tcl 
Execute       source D:/LVTN/lc3/lc3_isa/solution1/.autopilot/db/lc3.compgen.dataonly.tcl 
Execute       source D:/LVTN/lc3/lc3_isa/solution1/.autopilot/db/lc3.rtl_wrap.cfg.tcl 
Execute       source D:/LVTN/lc3/lc3_isa/solution1/.autopilot/db/lc3.compgen.dataonly.tcl 
Execute       source D:/LVTN/lc3/lc3_isa/solution1/.autopilot/db/lc3.tbgen.tcl 
Execute       source D:/LVTN/lc3/lc3_isa/solution1/.autopilot/db/global.setting.tcl 
Execute       ap_part_info -name xc7z020-clg400-1 -data names -quiet 
Execute       ap_part_info -name xc7z020-clg400-1 -data info -quiet 
Execute       source D:/LVTN/lc3/lc3_isa/solution1/.autopilot/db/lc3.constraint.tcl 
Execute       sc_get_clocks lc3 
Execute       source D:/LVTN/lc3/lc3_isa/solution1/.autopilot/db/global.setting.tcl 
INFO-FLOW: DBG:PROC: ::HLSREPORTS::add_csynth_report_sections bind_info_dict='adapter_nodes {{BINDTYPE adapter ID {} IMPL {} LATENCY {} OPTYPE {} PRAGMA {} RTLNAME control_s_axi_U SOURCE {} VARIABLE {} LOOP {} BUNDLEDNAME control DSP 0 BRAM 0 URAM 0 STORAGESUBTYPE s_axilite STORAGESIZE {} STORAGEUSAGE interface DISPNAME {bind_adapter }}} report_dict {TOPINST lc3 MODULE2INSTS {lc3 lc3} INST2MODULE {lc3 lc3} INSTDATA {lc3 {DEPTH 1 CHILDREN {}}} MODULEDATA {lc3 {BINDINFO {{BINDTYPE op ID {} IMPL fabric LATENCY 0 OPTYPE add PRAGMA {} RTLNAME add_ln272_fu_1036_p2 SOURCE lc3.cpp:272 VARIABLE add_ln272 LOOP {} BUNDLEDNAME {} DSP 0 BRAM 0 URAM 0 STORAGESUBTYPE {} DISPNAME {bind_op add}} {BINDTYPE op ID {} IMPL fabric LATENCY 0 OPTYPE add PRAGMA {} RTLNAME add_ln272_1_fu_1044_p2 SOURCE lc3.cpp:272 VARIABLE add_ln272_1 LOOP {} BUNDLEDNAME {} DSP 0 BRAM 0 URAM 0 STORAGESUBTYPE {} DISPNAME {bind_op add}} {BINDTYPE op ID {} IMPL fabric LATENCY 0 OPTYPE add PRAGMA {} RTLNAME grp_fu_838_p2 SOURCE lc3.cpp:221 VARIABLE add_ln221 LOOP {} BUNDLEDNAME {} DSP 0 BRAM 0 URAM 0 STORAGESUBTYPE {} DISPNAME {bind_op add}} {BINDTYPE op ID {} IMPL fabric LATENCY 0 OPTYPE add PRAGMA {} RTLNAME add_ln225_fu_1066_p2 SOURCE lc3.cpp:225 VARIABLE add_ln225 LOOP {} BUNDLEDNAME {} DSP 0 BRAM 0 URAM 0 STORAGESUBTYPE {} DISPNAME {bind_op add}} {BINDTYPE op ID {} IMPL fabric LATENCY 0 OPTYPE add PRAGMA {} RTLNAME grp_fu_838_p2 SOURCE lc3.cpp:214 VARIABLE add_ln214 LOOP {} BUNDLEDNAME {} DSP 0 BRAM 0 URAM 0 STORAGESUBTYPE {} DISPNAME {bind_op add}} {BINDTYPE op ID {} IMPL fabric LATENCY 0 OPTYPE add PRAGMA {} RTLNAME add_ln217_fu_1084_p2 SOURCE lc3.cpp:217 VARIABLE add_ln217 LOOP {} BUNDLEDNAME {} DSP 0 BRAM 0 URAM 0 STORAGESUBTYPE {} DISPNAME {bind_op add}} {BINDTYPE op ID {} IMPL fabric LATENCY 0 OPTYPE add PRAGMA {} RTLNAME add_ln217_1_fu_1094_p2 SOURCE lc3.cpp:217 VARIABLE add_ln217_1 LOOP {} BUNDLEDNAME {} DSP 0 BRAM 0 URAM 0 STORAGESUBTYPE {} DISPNAME {bind_op add}} {BINDTYPE op ID {} IMPL fabric LATENCY 0 OPTYPE add PRAGMA {} RTLNAME grp_fu_838_p2 SOURCE lc3.cpp:207 VARIABLE add_ln207 LOOP {} BUNDLEDNAME {} DSP 0 BRAM 0 URAM 0 STORAGESUBTYPE {} DISPNAME {bind_op add}} {BINDTYPE op ID {} IMPL fabric LATENCY 0 OPTYPE add PRAGMA {} RTLNAME add_ln210_fu_1117_p2 SOURCE lc3.cpp:210 VARIABLE add_ln210 LOOP {} BUNDLEDNAME {} DSP 0 BRAM 0 URAM 0 STORAGESUBTYPE {} DISPNAME {bind_op add}} {BINDTYPE op ID {} IMPL fabric LATENCY 0 OPTYPE add PRAGMA {} RTLNAME add_ln210_1_fu_1127_p2 SOURCE lc3.cpp:210 VARIABLE add_ln210_1 LOOP {} BUNDLEDNAME {} DSP 0 BRAM 0 URAM 0 STORAGESUBTYPE {} DISPNAME {bind_op add}} {BINDTYPE op ID {} IMPL fabric LATENCY 0 OPTYPE add PRAGMA {} RTLNAME grp_fu_838_p2 SOURCE lc3.cpp:186 VARIABLE add_ln186 LOOP {} BUNDLEDNAME {} DSP 0 BRAM 0 URAM 0 STORAGESUBTYPE {} DISPNAME {bind_op add}} {BINDTYPE op ID {} IMPL fabric LATENCY 0 OPTYPE add PRAGMA {} RTLNAME add_ln189_fu_1140_p2 SOURCE lc3.cpp:189 VARIABLE add_ln189 LOOP {} BUNDLEDNAME {} DSP 0 BRAM 0 URAM 0 STORAGESUBTYPE {} DISPNAME {bind_op add}} {BINDTYPE op ID {} IMPL fabric LATENCY 0 OPTYPE add PRAGMA {} RTLNAME grp_fu_838_p2 SOURCE lc3.cpp:164 VARIABLE add_ln164 LOOP {} BUNDLEDNAME {} DSP 0 BRAM 0 URAM 0 STORAGESUBTYPE {} DISPNAME {bind_op add}} {BINDTYPE op ID {} IMPL fabric LATENCY 0 OPTYPE add PRAGMA {} RTLNAME add_ln168_fu_1196_p2 SOURCE lc3.cpp:168 VARIABLE add_ln168 LOOP {} BUNDLEDNAME {} DSP 0 BRAM 0 URAM 0 STORAGESUBTYPE {} DISPNAME {bind_op add}} {BINDTYPE op ID {} IMPL fabric LATENCY 0 OPTYPE add PRAGMA {} RTLNAME grp_fu_807_p2 SOURCE lc3.cpp:143 VARIABLE add_ln143 LOOP {} BUNDLEDNAME {} DSP 0 BRAM 0 URAM 0 STORAGESUBTYPE {} DISPNAME {bind_op add}} {BINDTYPE op ID {} IMPL fabric LATENCY 0 OPTYPE add PRAGMA {} RTLNAME add_ln146_fu_1205_p2 SOURCE lc3.cpp:146 VARIABLE add_ln146 LOOP {} BUNDLEDNAME {} DSP 0 BRAM 0 URAM 0 STORAGESUBTYPE {} DISPNAME {bind_op add}} {BINDTYPE op ID {} IMPL fabric LATENCY 0 OPTYPE add PRAGMA {} RTLNAME add_ln146_1_fu_1215_p2 SOURCE lc3.cpp:146 VARIABLE add_ln146_1 LOOP {} BUNDLEDNAME {} DSP 0 BRAM 0 URAM 0 STORAGESUBTYPE {} DISPNAME {bind_op add}} {BINDTYPE op ID {} IMPL fabric LATENCY 0 OPTYPE add PRAGMA {} RTLNAME grp_fu_807_p2 SOURCE lc3.cpp:122 VARIABLE add_ln122 LOOP {} BUNDLEDNAME {} DSP 0 BRAM 0 URAM 0 STORAGESUBTYPE {} DISPNAME {bind_op add}} {BINDTYPE op ID {} IMPL fabric LATENCY 0 OPTYPE add PRAGMA {} RTLNAME add_ln125_fu_1347_p2 SOURCE lc3.cpp:125 VARIABLE add_ln125 LOOP {} BUNDLEDNAME {} DSP 0 BRAM 0 URAM 0 STORAGESUBTYPE {} DISPNAME {bind_op add}} {BINDTYPE op ID {} IMPL fabric LATENCY 0 OPTYPE add PRAGMA {} RTLNAME add_ln125_1_fu_1357_p2 SOURCE lc3.cpp:125 VARIABLE add_ln125_1 LOOP {} BUNDLEDNAME {} DSP 0 BRAM 0 URAM 0 STORAGESUBTYPE {} DISPNAME {bind_op add}} {BINDTYPE op ID {} IMPL fabric LATENCY 0 OPTYPE add PRAGMA {} RTLNAME grp_fu_838_p2 SOURCE lc3.cpp:101 VARIABLE add_ln101 LOOP {} BUNDLEDNAME {} DSP 0 BRAM 0 URAM 0 STORAGESUBTYPE {} DISPNAME {bind_op add}} {BINDTYPE op ID {} IMPL fabric LATENCY 0 OPTYPE add PRAGMA {} RTLNAME grp_fu_838_p2 SOURCE lc3.cpp:73 VARIABLE add_ln73 LOOP {} BUNDLEDNAME {} DSP 0 BRAM 0 URAM 0 STORAGESUBTYPE {} DISPNAME {bind_op add}} {BINDTYPE op ID {} IMPL fabric LATENCY 0 OPTYPE add PRAGMA {} RTLNAME grp_fu_838_p2 SOURCE lc3.cpp:45 VARIABLE add_ln45 LOOP {} BUNDLEDNAME {} DSP 0 BRAM 0 URAM 0 STORAGESUBTYPE {} DISPNAME {bind_op add}} {BINDTYPE op ID {} IMPL fabric LATENCY 0 OPTYPE add PRAGMA {} RTLNAME add_ln52_fu_1502_p2 SOURCE lc3.cpp:52 VARIABLE add_ln52 LOOP {} BUNDLEDNAME {} DSP 0 BRAM 0 URAM 0 STORAGESUBTYPE {} DISPNAME {bind_op add}} {BINDTYPE storage ID {} IMPL auto LATENCY 1 OPTYPE ram_t2p PRAGMA {} RTLNAME reg_r_U SOURCE {} VARIABLE reg_r LOOP {} BUNDLEDNAME {} DSP 0 BRAM 0 URAM 0 STORAGESUBTYPE {} STORAGESIZE {16 8 1} STORAGEUSAGE ram_t2p DISPNAME {bind_storage ram_t2p}} {BINDTYPE storage ID {} IMPL auto LATENCY 1 OPTYPE ram_1p PRAGMA {} RTLNAME memory_U SOURCE {} VARIABLE memory LOOP {} BUNDLEDNAME {} DSP 0 BRAM 64 URAM 0 STORAGESUBTYPE {} STORAGESIZE {16 65536 1} STORAGEUSAGE ram_1p DISPNAME {bind_storage ram_1p}}} AREA {DSP 0 BRAM 64 URAM 0}}}}'
INFO-FLOW: DBG:PUTS:      update_csynth_reports json2rpt_hw_sw_interfaces
INFO-FLOW: Running: gen_csynth_sec_pragma
INFO-FLOW: Done: gen_csynth_sec_pragma time: 0 seconds per iteration
INFO-FLOW: DBG:PUTS:      update_csynth_reports wrote xml
INFO-FLOW: DBG:PUTS:      update_csynth_reports appended to csynth rpt file
INFO: [HLS 200-111] Finished Updating report files: CPU user time: 1 seconds. CPU system time: 0 seconds. Elapsed time: 0.988 seconds; current allocated memory: 266.961 MB.
INFO: [VHDL 208-304] Generating VHDL RTL for lc3.
INFO: [VLOG 209-307] Generating Verilog RTL for lc3.
Execute       syn_report -model lc3 -printsummary 
INFO: [HLS 200-789] **** Estimated Fmax: 139.78 MHz
Command     autosyn done; 2.525 sec.
Command   csynth_design done; 10.863 sec.
INFO: [HLS 200-111] Finished Command csynth_design CPU user time: 2 seconds. CPU system time: 1 seconds. Elapsed time: 10.863 seconds; current allocated memory: 56.922 MB.
Command ap_source done; 12.463 sec.
Execute cleanup_all 
INFO-FLOW: Workspace D:/LVTN/lc3/lc3_isa/solution1 opened at Sat Apr 19 08:23:55 +0700 2025
Execute     ap_set_clock -name default -period 10 -default=false 
INFO: [SYN 201-201] Setting up clock 'default' with a period of 10ns.
Execute     set_part xc7z020-clg400-1 
Execute       create_platform xc7z020-clg400-1 -board  
DBG:HLSDevice: Trying to load device library: F:/Vitis_HLS/2023.2\lib\win64.o\xv_hlsvwrap.dll
DBG:HLSDevice: first parts/arch.xml in RDI_DATADIR: F:/Vivado/2023.2/data/parts/arch.xml
DBG:HLSDevice: init success
INFO: [HLS 200-1611] Setting target device to 'xc7z020-clg400-1'
Command       create_platform done; 1.142 sec.
Execute       source F:/Vitis_HLS/2023.2/common/technology/xilinx/common/xilinx.gen 
Execute         source F:/Vitis_HLS/2023.2/common/technology/xilinx/interface/plb46.gen 
Execute         source F:/Vitis_HLS/2023.2/common/technology/xilinx/interface/axi4.gen 
Execute         source F:/Vitis_HLS/2023.2/common/technology/xilinx/interface/nativeAXI4.gen 
Execute           source F:/Vitis_HLS/2023.2/common/technology/xilinx/interface/saxilite.gen 
Execute         source F:/Vitis_HLS/2023.2/common/technology/xilinx/scripts/xilinxcoregen.gen 
Execute         source F:/Vitis_HLS/2023.2/common/technology/xilinx/interface/XilEDKCoreGen.gen 
Execute         source F:/Vitis_HLS/2023.2/common/technology/xilinx/ip/dds_compiler.gen 
Execute         source F:/Vitis_HLS/2023.2/common/technology/xilinx/ip/util.gen 
Execute         source F:/Vitis_HLS/2023.2/common/technology/xilinx/ip/xfft.gen 
Execute         source F:/Vitis_HLS/2023.2/common/technology/xilinx/ip/xfir.gen 
Execute         source F:/Vitis_HLS/2023.2/common/technology/xilinx/DSP48/dsp48.gen 
Execute       ap_part_info -name xc7z020-clg400-1 -data info 
Execute       config_compile -quiet -complex-mul-dsp=0 
Command     set_part done; 1.255 sec.
Execute     send_msg_by_id INFO @200-1505@%s%s  vivado 
INFO: [HLS 200-1505] Using flow_target 'vivado'
Execute     send_msg_by_id INFO @200-1464@%s config_export -format=ip_catalog 
INFO: [HLS 200-1464] Running solution command: config_export -format=ip_catalog
Execute     config_export -format=ip_catalog 
Execute     send_msg_by_id INFO @200-1464@%s config_export -output=D:/LVTN/lc3 
INFO: [HLS 200-1464] Running solution command: config_export -output=D:/LVTN/lc3
Execute     config_export -output=D:/LVTN/lc3 
Execute     send_msg_by_id INFO @200-1464@%s config_export -rtl=verilog 
INFO: [HLS 200-1464] Running solution command: config_export -rtl=verilog
Execute     config_export -rtl=verilog 
Command   open_solution done; 1.361 sec.
Execute   set_part xc7z020-clg400-1 
INFO: [HLS 200-1510] Running: set_part xc7z020-clg400-1 
Execute     create_platform xc7z020-clg400-1 -board  
Execute     source F:/Vitis_HLS/2023.2/common/technology/xilinx/common/xilinx.gen 
Execute       source F:/Vitis_HLS/2023.2/common/technology/xilinx/interface/plb46.gen 
Execute       source F:/Vitis_HLS/2023.2/common/technology/xilinx/interface/axi4.gen 
Execute       source F:/Vitis_HLS/2023.2/common/technology/xilinx/interface/nativeAXI4.gen 
Execute         source F:/Vitis_HLS/2023.2/common/technology/xilinx/interface/saxilite.gen 
Execute       source F:/Vitis_HLS/2023.2/common/technology/xilinx/scripts/xilinxcoregen.gen 
Execute       source F:/Vitis_HLS/2023.2/common/technology/xilinx/interface/XilEDKCoreGen.gen 
Execute       source F:/Vitis_HLS/2023.2/common/technology/xilinx/ip/dds_compiler.gen 
Execute       source F:/Vitis_HLS/2023.2/common/technology/xilinx/ip/util.gen 
Execute       source F:/Vitis_HLS/2023.2/common/technology/xilinx/ip/xfft.gen 
Execute       source F:/Vitis_HLS/2023.2/common/technology/xilinx/ip/xfir.gen 
Execute       source F:/Vitis_HLS/2023.2/common/technology/xilinx/DSP48/dsp48.gen 
Execute     ap_part_info -name xc7z020-clg400-1 -data info 
Execute     config_compile -quiet -complex-mul-dsp=0 
Command   set_part done; 0.153 sec.
Execute   create_clock -period 10 -name default 
INFO: [HLS 200-1510] Running: create_clock -period 10 -name default 
Execute   config_export -format ip_catalog -output D:/LVTN/lc3 -rtl verilog 
INFO: [HLS 200-1510] Running: config_export -format ip_catalog -output D:/LVTN/lc3 -rtl verilog 
Execute   source ./lc3_isa/solution1/directives.tcl 
INFO: [HLS 200-1510] Running: source ./lc3_isa/solution1/directives.tcl
Execute     set_directive_top -name lc3 lc3 
INFO: [HLS 200-1510] Running: set_directive_top -name lc3 lc3 
Execute   export_design -rtl verilog -format ip_catalog -output D:/LVTN/lc3 
INFO: [HLS 200-1510] Running: export_design -rtl verilog -format ip_catalog -output D:/LVTN/lc3 
Execute     config_export -format=ip_catalog -output=D:/LVTN/lc3 -rtl=verilog 
INFO-FLOW: DBG:PUTS: export_design_wrap: -format ip_catalog -rtl verilog
Execute     source D:/LVTN/lc3/lc3_isa/solution1/.autopilot/db/global.setting.tcl 
INFO-FLOW: DBG:PUTS:   auto_impl: pack: -export -rtl verilog
INFO-FLOW: DBG:PROC: ::AESL_AUTOIMPL::auto_impl args='-export -rtl verilog'
Execute     source D:/LVTN/lc3/lc3_isa/solution1/.autopilot/db/global.setting.tcl 
INFO: [IMPL 213-8] Exporting RTL as a Vivado IP.
INFO-FLOW: DBG:PUTS: automg_wrap -export -pcore_version 1.00.a -rtl vlog -tool Vivado -impltomg_flag
INFO-FLOW: DBG:PROC: ::AESL_AUTOMG::auto_generate args='-export -pcore_version 1.00.a -rtl vlog -tool Vivado -impltomg_flag'
INFO-FLOW: DBG:PUTS:     auto_generate -export -pcore_version 1.00.a -rtl vlog -tool Vivado -impltomg_flag
Execute     source D:/LVTN/lc3/lc3_isa/solution1/.autopilot/db/global.setting.tcl 
INFO-FLOW: DBG:PUTS: read_platform_lib D:/LVTN/lc3/lc3_isa/solution1/.autopilot/db/global.setting.tcl
Execute     source F:/Vitis_HLS/2023.2/common/technology/generic/autopilot/common.gen 
Execute       source F:/Vitis_HLS/2023.2/common/technology/generic/autopilot/APCoreGen.gen 
Execute     source F:/Vitis_HLS/2023.2/common/technology/generic/autopilot/op.gen 
Execute     source F:/Vitis_HLS/2023.2/common/technology/generic/autopilot/op_simcore.gen 
Execute     source F:/Vitis_HLS/2023.2/common/technology/generic/autopilot/interface.gen 
Execute     source D:/LVTN/lc3/lc3_isa/solution1/.autopilot/db/global.setting.tcl 
Execute     source F:/Vitis_HLS/2023.2/common/technology/xilinx/common/xilinx.gen 
Execute       source F:/Vitis_HLS/2023.2/common/technology/xilinx/interface/plb46.gen 
Execute       source F:/Vitis_HLS/2023.2/common/technology/xilinx/interface/axi4.gen 
Execute       source F:/Vitis_HLS/2023.2/common/technology/xilinx/interface/nativeAXI4.gen 
Execute         source F:/Vitis_HLS/2023.2/common/technology/xilinx/interface/saxilite.gen 
Execute       source F:/Vitis_HLS/2023.2/common/technology/xilinx/scripts/xilinxcoregen.gen 
Execute       source F:/Vitis_HLS/2023.2/common/technology/xilinx/interface/XilEDKCoreGen.gen 
Execute       source F:/Vitis_HLS/2023.2/common/technology/xilinx/ip/dds_compiler.gen 
Execute       source F:/Vitis_HLS/2023.2/common/technology/xilinx/ip/util.gen 
Execute       source F:/Vitis_HLS/2023.2/common/technology/xilinx/ip/xfft.gen 
Execute       source F:/Vitis_HLS/2023.2/common/technology/xilinx/ip/xfir.gen 
Execute       source F:/Vitis_HLS/2023.2/common/technology/xilinx/DSP48/dsp48.gen 
INFO-FLOW: DBG:PUTS:   using AESL_AUTOCG::g_clock_period=10.000 (was NA)
INFO-FLOW: DBG:PUTS:       initCTypeInfo top_module=lc3 xml_exists=0
Execute     source D:/LVTN/lc3/lc3_isa/solution1/.autopilot/db/lc3.rtl_wrap.cfg.tcl 
Execute     source D:/LVTN/lc3/lc3_isa/solution1/.autopilot/db/lc3.rtl_wrap.cfg.tcl 
Execute     source D:/LVTN/lc3/lc3_isa/solution1/.autopilot/db/lc3.rtl_wrap.cfg.tcl 
Execute     source D:/LVTN/lc3/lc3_isa/solution1/.autopilot/db/lc3.tbgen.tcl 
Execute     source D:/LVTN/lc3/lc3_isa/solution1/.autopilot/db/lc3.tbgen.tcl 
Execute     source D:/LVTN/lc3/lc3_isa/solution1/.autopilot/db/global.setting.tcl 
Execute     source D:/LVTN/lc3/lc3_isa/solution1/.autopilot/db/lc3.tbgen.tcl 
INFO-FLOW: DBG:PUTS:       cosim_export_main adding deadlock detection to lc3
INFO-FLOW: DBG:PUTS: Skipping loadAnalyze_DB, #g_database=17
INFO-FLOW: DBG:PUTS:       generate_json generate_bd_files=0 generate_xo_files=false #modelList=4 #gSsdmPorts=0
INFO-FLOW: DBG:PROC: ::AP::DESIGN_DATA::generate_json generate_bd_files='0' generate_xo_files='false' modelList='lc3_reg_r_RAM_AUTO_1R1W
lc3_memory_RAM_AUTO_1R1W
lc3_control_s_axi
lc3
' rtl_lang='vlog' bootstrap_tcl='false' outdir='' outfilename=''
Execute     source F:/Vitis_HLS/2023.2/tps/tcl/tcllib1.11.1/yaml/huddle.tcl 
Execute     source F:/Vitis_HLS/2023.2/tps/tcl/tcllib1.11.1/yaml/json2huddle.tcl 
Execute       source F:/Vitis_HLS/2023.2/tps/tcl/tcllib1.11.1/try/try.tcl 
Execute     source D:/LVTN/lc3/lc3_isa/solution1/.autopilot/db/global.setting.tcl 
Execute     source D:/LVTN/lc3/lc3_isa/solution1/.autopilot/db/global.setting.tcl 
Execute     source D:/LVTN/lc3/lc3_isa/solution1/.autopilot/db/top-io-be.tcl 
Execute     source D:/LVTN/lc3/lc3_isa/solution1/.autopilot/db/lc3.tbgen.tcl 
Execute     source D:/LVTN/lc3/lc3_isa/solution1/.autopilot/db/lc3.compgen.dataonly.tcl 
Execute     source D:/LVTN/lc3/lc3_isa/solution1/.autopilot/db/lc3.compgen.dataonly.tcl 
Execute     source D:/LVTN/lc3/lc3_isa/solution1/.autopilot/db/lc3.rtl_wrap.cfg.tcl 
Execute     source D:/LVTN/lc3/lc3_isa/solution1/.autopilot/db/lc3.compgen.dataonly.tcl 
Execute     source D:/LVTN/lc3/lc3_isa/solution1/.autopilot/db/lc3.tbgen.tcl 
Execute     source D:/LVTN/lc3/lc3_isa/solution1/.autopilot/db/global.setting.tcl 
Execute     ap_part_info -name xc7z020-clg400-1 -data names -quiet 
Execute     ap_part_info -name xc7z020-clg400-1 -data info -quiet 
Execute     source D:/LVTN/lc3/lc3_isa/solution1/.autopilot/db/lc3.constraint.tcl 
Execute     sc_get_clocks lc3 
Execute     source D:/LVTN/lc3/lc3_isa/solution1/.autopilot/db/global.setting.tcl 
Execute     source D:/LVTN/lc3/lc3_isa/solution1/.autopilot/db/global.setting.tcl 
Execute     source D:/LVTN/lc3/lc3_isa/solution1/.autopilot/db/lc3.tbgen.tcl 
INFO-FLOW: DBG:PUTS:       cosim_export_main adding deadlock detection to lc3
INFO-FLOW: DBG:PUTS:       copy ip_driver_dir 1_0 D:/LVTN/lc3/lc3_isa/solution1/.autopilot/db/driver
INFO-FLOW: DBG:PUTS:       generate_ip_script #gSsdmPorts=0 g_lang=vlog is_sdaccel=false is_sdsoc=true xo_file=
Execute     ap_part_info -name xc7z020-clg400-1 -data names -quiet 
Execute     ap_part_info -name xc7z020-clg400-1 -data info -quiet 
Execute     ap_part_info -name xc7z020-clg400-1 -data names -quiet 
Execute     ap_part_info -name xc7z020-clg400-1 -data info -quiet 
Execute     source D:/LVTN/lc3/lc3_isa/solution1/.autopilot/db/lc3.tbgen.tcl 
Execute     source D:/LVTN/lc3/lc3_isa/solution1/.autopilot/db/lc3.compgen.dataonly.tcl 
Execute     source D:/LVTN/lc3/lc3_isa/solution1/.autopilot/db/lc3.compgen.dataonly.tcl 
Execute     source D:/LVTN/lc3/lc3_isa/solution1/.autopilot/db/lc3.tbgen.tcl 
Execute     source D:/LVTN/lc3/lc3_isa/solution1/.autopilot/db/lc3.tbgen.tcl 
Execute     source D:/LVTN/lc3/lc3_isa/solution1/.autopilot/db/lc3.tbgen.tcl 
Execute     source D:/LVTN/lc3/lc3_isa/solution1/.autopilot/db/lc3.tbgen.tcl 
Execute     source D:/LVTN/lc3/lc3_isa/solution1/.autopilot/db/lc3.tbgen.tcl 
Execute     source D:/LVTN/lc3/lc3_isa/solution1/.autopilot/db/lc3.tbgen.tcl 
Execute     source D:/LVTN/lc3/lc3_isa/solution1/.autopilot/db/lc3.tbgen.tcl 
Execute     source D:/LVTN/lc3/lc3_isa/solution1/.autopilot/db/lc3.tbgen.tcl 
Execute     source D:/LVTN/lc3/lc3_isa/solution1/.autopilot/db/lc3.tbgen.tcl 
Execute     source D:/LVTN/lc3/lc3_isa/solution1/.autopilot/db/lc3.tbgen.tcl 
Execute     source D:/LVTN/lc3/lc3_isa/solution1/.autopilot/db/lc3.tbgen.tcl 
Execute     source D:/LVTN/lc3/lc3_isa/solution1/.autopilot/db/lc3.tbgen.tcl 
Execute     source D:/LVTN/lc3/lc3_isa/solution1/.autopilot/db/lc3.tbgen.tcl 
Execute     source D:/LVTN/lc3/lc3_isa/solution1/.autopilot/db/lc3.tbgen.tcl 
Execute     source D:/LVTN/lc3/lc3_isa/solution1/.autopilot/db/lc3.tbgen.tcl 
Execute     source D:/LVTN/lc3/lc3_isa/solution1/.autopilot/db/global.setting.tcl 
INFO-FLOW: DBG:PUTS:       generate_top_info
INFO-FLOW: DBG:PUTS:       prepArgInfo -> loadAnalyze_DB top_module=lc3
Execute     source D:/LVTN/lc3/lc3_isa/solution1/.autopilot/db/lc3.rtl_wrap.cfg.tcl 
Execute     source D:/LVTN/lc3/lc3_isa/solution1/.autopilot/db/lc3.rtl_wrap.cfg.tcl 
Execute     source D:/LVTN/lc3/lc3_isa/solution1/.autopilot/db/lc3.rtl_wrap.cfg.tcl 
Execute     source D:/LVTN/lc3/lc3_isa/solution1/.autopilot/db/lc3.tbgen.tcl 
Execute     source D:/LVTN/lc3/lc3_isa/solution1/.autopilot/db/lc3.tbgen.tcl 
Execute     ap_part_info -name xc7z020-clg400-1 -data names -quiet 
Execute     ap_part_info -name xc7z020-clg400-1 -data info -quiet 
Execute     source D:/LVTN/lc3/lc3_isa/solution1/.autopilot/db/global.setting.tcl 
Execute     ap_part_info -name xc7z020-clg400-1 -data names -quiet 
Execute     ap_part_info -name xc7z020-clg400-1 -data info -quiet 
Execute     ap_part_info -name xc7z020-clg400-1 -data names -quiet 
Execute     ap_part_info -name xc7z020-clg400-1 -data info -quiet 
Execute     source D:/LVTN/lc3/lc3_isa/solution1/.autopilot/db/lc3.tbgen.tcl 
Execute     source D:/LVTN/lc3/lc3_isa/solution1/.autopilot/db/global.setting.tcl 
Execute     source D:/LVTN/lc3/lc3_isa/solution1/.autopilot/db/lc3.constraint.tcl 
INFO-FLOW: DBG:PUTS:       generate_syn_sh
Execute     ap_part_info -name xc7z020-clg400-1 -data names -quiet 
Execute     ap_part_info -name xc7z020-clg400-1 -data info -quiet 
Execute     source D:/LVTN/lc3/lc3_isa/solution1/.autopilot/db/global.setting.tcl 
INFO-FLOW: DBG:PUTS:       generate_imp_constraints
Execute     ap_part_info -name xc7z020-clg400-1 -data names -quiet 
Execute     ap_part_info -name xc7z020-clg400-1 -data info -quiet 
Execute     source D:/LVTN/lc3/lc3_isa/solution1/.autopilot/db/lc3.constraint.tcl 
Execute     source D:/LVTN/lc3/lc3_isa/solution1/.autopilot/db/lc3.tbgen.tcl 
INFO-FLOW: DBG:PUTS:       delete-temp-dirs (skipped for debug)
Execute     ap_part_info -name xc7z020-clg400-1 -data names -quiet 
Execute     ap_part_info -name xc7z020-clg400-1 -data info -quiet 
INFO-FLOW: DBG:PUTS: read_platform_lib D:/LVTN/lc3/lc3_isa/solution1/.autopilot/db/global.setting.tcl
Execute     source F:/Vitis_HLS/2023.2/common/technology/generic/autopilot/common.gen 
Execute       source F:/Vitis_HLS/2023.2/common/technology/generic/autopilot/APCoreGen.gen 
Execute     source F:/Vitis_HLS/2023.2/common/technology/generic/autopilot/op.gen 
Execute     source F:/Vitis_HLS/2023.2/common/technology/generic/autopilot/op_simcore.gen 
Execute     source F:/Vitis_HLS/2023.2/common/technology/generic/autopilot/interface.gen 
Execute     source D:/LVTN/lc3/lc3_isa/solution1/.autopilot/db/global.setting.tcl 
Execute     source F:/Vitis_HLS/2023.2/common/technology/xilinx/common/xilinx.gen 
Execute       source F:/Vitis_HLS/2023.2/common/technology/xilinx/interface/plb46.gen 
Execute       source F:/Vitis_HLS/2023.2/common/technology/xilinx/interface/axi4.gen 
Execute       source F:/Vitis_HLS/2023.2/common/technology/xilinx/interface/nativeAXI4.gen 
Execute         source F:/Vitis_HLS/2023.2/common/technology/xilinx/interface/saxilite.gen 
Execute       source F:/Vitis_HLS/2023.2/common/technology/xilinx/scripts/xilinxcoregen.gen 
Execute       source F:/Vitis_HLS/2023.2/common/technology/xilinx/interface/XilEDKCoreGen.gen 
Execute       source F:/Vitis_HLS/2023.2/common/technology/xilinx/ip/dds_compiler.gen 
Execute       source F:/Vitis_HLS/2023.2/common/technology/xilinx/ip/util.gen 
Execute       source F:/Vitis_HLS/2023.2/common/technology/xilinx/ip/xfft.gen 
Execute       source F:/Vitis_HLS/2023.2/common/technology/xilinx/ip/xfir.gen 
Execute       source F:/Vitis_HLS/2023.2/common/technology/xilinx/DSP48/dsp48.gen 
INFO-FLOW: DBG:PUTS:     IP package: exec D:/LVTN/lc3/lc3_isa/solution1/impl/ip/pack.bat
INFO-FLOW: DBG:PUTS:     IP package: success D:/LVTN/lc3/lc3_isa/solution1/impl/ip/pack.bat
Execute     send_msg_by_id INFO @200-802@%s export.zip 
INFO: [HLS 200-802] Generated output file export.zip
Command   export_design done; 11.256 sec.
INFO: [HLS 200-111] Finished Command export_design CPU user time: 1 seconds. CPU system time: 1 seconds. Elapsed time: 11.256 seconds; current allocated memory: 7.668 MB.
Command ap_source done; 12.802 sec.
Execute cleanup_all 
